{"meta": {"format": 3, "version": "7.10.3", "timestamp": "2025-08-14T13:34:46.537093", "branch_coverage": true, "show_contexts": false}, "files": {"src/backend/api/routes/analytics.py": {"executed_lines": [], "summary": {"covered_lines": 0, "num_statements": 220, "percent_covered": 0.0, "percent_covered_display": "0.00", "missing_lines": 220, "excluded_lines": 0, "num_branches": 68, "num_partial_branches": 0, "covered_branches": 0, "missing_branches": 68}, "missing_lines": [3, 4, 5, 6, 7, 8, 9, 11, 12, 14, 18, 19, 21, 23, 26, 27, 30, 33, 34, 35, 36, 37, 38, 41, 44, 45, 46, 49, 52, 53, 54, 55, 56, 57, 58, 59, 60, 63, 64, 78, 80, 81, 82, 84, 85, 88, 89, 90, 91, 94, 95, 96, 97, 100, 107, 108, 110, 112, 113, 114, 115, 116, 119, 120, 130, 132, 133, 134, 135, 136, 138, 139, 141, 148, 149, 152, 153, 155, 163, 164, 165, 168, 169, 180, 182, 183, 186, 187, 188, 189, 190, 191, 192, 193, 196, 197, 198, 199, 200, 201, 203, 205, 206, 207, 210, 211, 221, 222, 223, 224, 227, 229, 230, 231, 232, 233, 234, 235, 239, 240, 241, 242, 243, 244, 248, 250, 251, 254, 255, 256, 259, 260, 263, 264, 265, 266, 269, 270, 271, 272, 273, 274, 275, 277, 278, 279, 281, 287, 288, 289, 292, 293, 306, 309, 311, 317, 318, 319, 322, 324, 326, 327, 328, 329, 330, 333, 334, 341, 343, 344, 345, 347, 348, 349, 350, 351, 352, 353, 354, 355, 356, 359, 360, 363, 367, 373, 374, 375, 378, 384, 385, 387, 388, 389, 390, 391, 393, 394, 395, 396, 397, 398, 399, 400, 401, 403, 406, 408, 417, 418, 419, 420, 421, 422, 423, 424, 425, 429, 430, 432], "excluded_lines": [], "executed_branches": [], "missing_branches": [[84, 85], [84, 88], [95, 96], [95, 100], [107, 108], [107, 110], [132, 133], [132, 152], [138, 139], [138, 141], [148, 149], [148, 152], [182, 183], [182, 186], [186, 187], [186, 188], [188, 189], [188, 190], [190, 191], [190, 192], [192, 193], [192, 196], [196, 197], [196, 203], [223, 224], [223, 227], [229, 230], [229, 239], [231, 232], [231, 239], [239, 240], [239, 248], [241, 242], [241, 248], [248, 250], [248, 259], [259, 260], [259, 263], [263, 264], [263, 269], [269, 270], [269, 277], [317, 318], [317, 322], [347, 348], [347, 359], [348, 349], [348, 359], [349, 348], [349, 350], [384, 385], [384, 387], [388, 389], [388, 403], [390, 391], [390, 393], [395, 396], [395, 397], [397, 398], [397, 399], [419, 420], [419, 430], [420, 421], [420, 422], [422, 423], [422, 424], [424, 425], [424, 429]], "functions": {"get_performance_metrics": {"executed_lines": [], "summary": {"covered_lines": 0, "num_statements": 23, "percent_covered": 0.0, "percent_covered_display": "0.00", "missing_lines": 23, "excluded_lines": 0, "num_branches": 6, "num_partial_branches": 0, "covered_branches": 0, "missing_branches": 6}, "missing_lines": [78, 80, 81, 82, 84, 85, 88, 89, 90, 91, 94, 95, 96, 97, 100, 107, 108, 110, 112, 113, 114, 115, 116], "excluded_lines": [], "executed_branches": [], "missing_branches": [[84, 85], [84, 88], [95, 96], [95, 100], [107, 108], [107, 110]]}, "get_replay_data": {"executed_lines": [], "summary": {"covered_lines": 0, "num_statements": 17, "percent_covered": 0.0, "percent_covered_display": "0.00", "missing_lines": 17, "excluded_lines": 0, "num_branches": 6, "num_partial_branches": 0, "covered_branches": 0, "missing_branches": 6}, "missing_lines": [130, 132, 133, 134, 135, 136, 138, 139, 141, 148, 149, 152, 153, 155, 163, 164, 165], "excluded_lines": [], "executed_branches": [], "missing_branches": [[132, 133], [132, 152], [138, 139], [138, 141], [148, 149], [148, 152]]}, "control_replay": {"executed_lines": [], "summary": {"covered_lines": 0, "num_statements": 21, "percent_covered": 0.0, "percent_covered_display": "0.00", "missing_lines": 21, "excluded_lines": 0, "num_branches": 12, "num_partial_branches": 0, "covered_branches": 0, "missing_branches": 12}, "missing_lines": [180, 182, 183, 186, 187, 188, 189, 190, 191, 192, 193, 196, 197, 198, 199, 200, 201, 203, 205, 206, 207], "excluded_lines": [], "executed_branches": [], "missing_branches": [[182, 183], [182, 186], [186, 187], [186, 188], [188, 189], [188, 190], [190, 191], [190, 192], [192, 193], [192, 196], [196, 197], [196, 203]]}, "export_data": {"executed_lines": [], "summary": {"covered_lines": 0, "num_statements": 44, "percent_covered": 0.0, "percent_covered_display": "0.00", "missing_lines": 44, "excluded_lines": 0, "num_branches": 18, "num_partial_branches": 0, "covered_branches": 0, "missing_branches": 18}, "missing_lines": [221, 222, 223, 224, 227, 229, 230, 231, 232, 233, 234, 235, 239, 240, 241, 242, 243, 244, 248, 250, 251, 254, 255, 256, 259, 260, 263, 264, 265, 266, 269, 270, 271, 272, 273, 274, 275, 277, 278, 279, 281, 287, 288, 289], "excluded_lines": [], "executed_branches": [], "missing_branches": [[223, 224], [223, 227], [229, 230], [229, 239], [231, 232], [231, 239], [239, 240], [239, 248], [241, 242], [241, 248], [248, 250], [248, 259], [259, 260], [259, 263], [263, 264], [263, 269], [269, 270], [269, 277]]}, "get_mission_report": {"executed_lines": [], "summary": {"covered_lines": 0, "num_statements": 13, "percent_covered": 0.0, "percent_covered_display": "0.00", "missing_lines": 13, "excluded_lines": 0, "num_branches": 2, "num_partial_branches": 0, "covered_branches": 0, "missing_branches": 2}, "missing_lines": [306, 309, 311, 317, 318, 319, 322, 324, 326, 327, 328, 329, 330], "excluded_lines": [], "executed_branches": [], "missing_branches": [[317, 318], [317, 322]]}, "get_system_recommendations": {"executed_lines": [], "summary": {"covered_lines": 0, "num_statements": 21, "percent_covered": 0.0, "percent_covered_display": "0.00", "missing_lines": 21, "excluded_lines": 0, "num_branches": 6, "num_partial_branches": 0, "covered_branches": 0, "missing_branches": 6}, "missing_lines": [341, 343, 344, 345, 347, 348, 349, 350, 351, 352, 353, 354, 355, 356, 359, 360, 363, 367, 373, 374, 375], "excluded_lines": [], "executed_branches": [], "missing_branches": [[347, 348], [347, 359], [348, 349], [348, 359], [349, 348], [349, 350]]}, "_filter_by_time_range": {"executed_lines": [], "summary": {"covered_lines": 0, "num_statements": 17, "percent_covered": 0.0, "percent_covered_display": "0.00", "missing_lines": 17, "excluded_lines": 0, "num_branches": 10, "num_partial_branches": 0, "covered_branches": 0, "missing_branches": 10}, "missing_lines": [384, 385, 387, 388, 389, 390, 391, 393, 394, 395, 396, 397, 398, 399, 400, 401, 403], "excluded_lines": [], "executed_branches": [], "missing_branches": [[384, 385], [384, 387], [388, 389], [388, 403], [390, 391], [390, 393], [395, 396], [395, 397], [397, 398], [397, 399]]}, "_sanitize_data": {"executed_lines": [], "summary": {"covered_lines": 0, "num_statements": 3, "percent_covered": 0.0, "percent_covered_display": "0.00", "missing_lines": 3, "excluded_lines": 0, "num_branches": 0, "num_partial_branches": 0, "covered_branches": 0, "missing_branches": 0}, "missing_lines": [408, 417, 432], "excluded_lines": [], "executed_branches": [], "missing_branches": []}, "_sanitize_data.sanitize_dict": {"executed_lines": [], "summary": {"covered_lines": 0, "num_statements": 10, "percent_covered": 0.0, "percent_covered_display": "0.00", "missing_lines": 10, "excluded_lines": 0, "num_branches": 8, "num_partial_branches": 0, "covered_branches": 0, "missing_branches": 8}, "missing_lines": [418, 419, 420, 421, 422, 423, 424, 425, 429, 430], "excluded_lines": [], "executed_branches": [], "missing_branches": [[419, 420], [419, 430], [420, 421], [420, 422], [422, 423], [422, 424], [424, 425], [424, 429]]}, "": {"executed_lines": [], "summary": {"covered_lines": 0, "num_statements": 51, "percent_covered": 0.0, "percent_covered_display": "0.00", "missing_lines": 51, "excluded_lines": 0, "num_branches": 0, "num_partial_branches": 0, "covered_branches": 0, "missing_branches": 0}, "missing_lines": [3, 4, 5, 6, 7, 8, 9, 11, 12, 14, 18, 19, 21, 23, 26, 27, 30, 33, 34, 35, 36, 37, 38, 41, 44, 45, 46, 49, 52, 53, 54, 55, 56, 57, 58, 59, 60, 63, 64, 119, 120, 168, 169, 210, 211, 292, 293, 333, 334, 378, 406], "excluded_lines": [], "executed_branches": [], "missing_branches": []}}, "classes": {"ExportRequest": {"executed_lines": [], "summary": {"covered_lines": 0, "num_statements": 0, "percent_covered": 100.0, "percent_covered_display": "100.00", "missing_lines": 0, "excluded_lines": 0, "num_branches": 0, "num_partial_branches": 0, "covered_branches": 0, "missing_branches": 0}, "missing_lines": [], "excluded_lines": [], "executed_branches": [], "missing_branches": []}, "ReplayControlRequest": {"executed_lines": [], "summary": {"covered_lines": 0, "num_statements": 0, "percent_covered": 100.0, "percent_covered_display": "100.00", "missing_lines": 0, "excluded_lines": 0, "num_branches": 0, "num_partial_branches": 0, "covered_branches": 0, "missing_branches": 0}, "missing_lines": [], "excluded_lines": [], "executed_branches": [], "missing_branches": []}, "MetricsResponse": {"executed_lines": [], "summary": {"covered_lines": 0, "num_statements": 0, "percent_covered": 100.0, "percent_covered_display": "100.00", "missing_lines": 0, "excluded_lines": 0, "num_branches": 0, "num_partial_branches": 0, "covered_branches": 0, "missing_branches": 0}, "missing_lines": [], "excluded_lines": [], "executed_branches": [], "missing_branches": []}, "": {"executed_lines": [], "summary": {"covered_lines": 0, "num_statements": 220, "percent_covered": 0.0, "percent_covered_display": "0.00", "missing_lines": 220, "excluded_lines": 0, "num_branches": 68, "num_partial_branches": 0, "covered_branches": 0, "missing_branches": 68}, "missing_lines": [3, 4, 5, 6, 7, 8, 9, 11, 12, 14, 18, 19, 21, 23, 26, 27, 30, 33, 34, 35, 36, 37, 38, 41, 44, 45, 46, 49, 52, 53, 54, 55, 56, 57, 58, 59, 60, 63, 64, 78, 80, 81, 82, 84, 85, 88, 89, 90, 91, 94, 95, 96, 97, 100, 107, 108, 110, 112, 113, 114, 115, 116, 119, 120, 130, 132, 133, 134, 135, 136, 138, 139, 141, 148, 149, 152, 153, 155, 163, 164, 165, 168, 169, 180, 182, 183, 186, 187, 188, 189, 190, 191, 192, 193, 196, 197, 198, 199, 200, 201, 203, 205, 206, 207, 210, 211, 221, 222, 223, 224, 227, 229, 230, 231, 232, 233, 234, 235, 239, 240, 241, 242, 243, 244, 248, 250, 251, 254, 255, 256, 259, 260, 263, 264, 265, 266, 269, 270, 271, 272, 273, 274, 275, 277, 278, 279, 281, 287, 288, 289, 292, 293, 306, 309, 311, 317, 318, 319, 322, 324, 326, 327, 328, 329, 330, 333, 334, 341, 343, 344, 345, 347, 348, 349, 350, 351, 352, 353, 354, 355, 356, 359, 360, 363, 367, 373, 374, 375, 378, 384, 385, 387, 388, 389, 390, 391, 393, 394, 395, 396, 397, 398, 399, 400, 401, 403, 406, 408, 417, 418, 419, 420, 421, 422, 423, 424, 425, 429, 430, 432], "excluded_lines": [], "executed_branches": [], "missing_branches": [[84, 85], [84, 88], [95, 96], [95, 100], [107, 108], [107, 110], [132, 133], [132, 152], [138, 139], [138, 141], [148, 149], [148, 152], [182, 183], [182, 186], [186, 187], [186, 188], [188, 189], [188, 190], [190, 191], [190, 192], [192, 193], [192, 196], [196, 197], [196, 203], [223, 224], [223, 227], [229, 230], [229, 239], [231, 232], [231, 239], [239, 240], [239, 248], [241, 242], [241, 248], [248, 250], [248, 259], [259, 260], [259, 263], [263, 264], [263, 269], [269, 270], [269, 277], [317, 318], [317, 322], [347, 348], [347, 359], [348, 349], [348, 359], [349, 348], [349, 350], [384, 385], [384, 387], [388, 389], [388, 403], [390, 391], [390, 393], [395, 396], [395, 397], [397, 398], [397, 399], [419, 420], [419, 430], [420, 421], [420, 422], [422, 423], [422, 424], [424, 425], [424, 429]]}}}, "src/backend/api/routes/config.py": {"executed_lines": [], "summary": {"covered_lines": 0, "num_statements": 154, "percent_covered": 0.0, "percent_covered_display": "0.00", "missing_lines": 154, "excluded_lines": 0, "num_branches": 32, "num_partial_branches": 0, "covered_branches": 0, "missing_branches": 32}, "missing_lines": [3, 4, 5, 7, 8, 10, 11, 12, 18, 20, 22, 25, 26, 29, 39, 40, 41, 42, 45, 46, 48, 62, 65, 68, 69, 70, 71, 72, 73, 76, 79, 80, 81, 82, 83, 84, 87, 90, 91, 92, 93, 94, 95, 96, 97, 98, 101, 102, 108, 109, 112, 113, 115, 116, 117, 118, 137, 138, 140, 141, 143, 144, 146, 147, 148, 154, 155, 164, 165, 168, 179, 180, 181, 182, 188, 189, 194, 205, 207, 209, 211, 212, 213, 214, 215, 221, 222, 232, 233, 236, 237, 238, 241, 253, 254, 255, 256, 262, 263, 268, 276, 278, 280, 281, 282, 284, 286, 287, 288, 289, 290, 296, 297, 306, 307, 310, 311, 312, 320, 323, 324, 328, 332, 336, 337, 340, 355, 356, 357, 359, 361, 363, 364, 365, 366, 367, 373, 374, 383, 384, 387, 388, 389, 390, 393, 395, 396, 398, 400, 402, 403, 404, 405, 406], "excluded_lines": [], "executed_branches": [], "missing_branches": [[39, 40], [39, 45], [41, 39], [41, 42], [46, 48], [46, 62], [115, 116], [115, 137], [117, 115], [117, 118], [138, 140], [138, 143], [140, 138], [140, 141], [180, 181], [180, 188], [188, 189], [188, 194], [237, 238], [237, 241], [254, 255], [254, 262], [262, 263], [262, 268], [311, 312], [311, 320], [355, 356], [355, 359], [389, 390], [389, 393], [395, 396], [395, 398]], "functions": {"_get_profile_by_id": {"executed_lines": [], "summary": {"covered_lines": 0, "num_statements": 8, "percent_covered": 0.0, "percent_covered_display": "0.00", "missing_lines": 8, "excluded_lines": 0, "num_branches": 6, "num_partial_branches": 0, "covered_branches": 0, "missing_branches": 6}, "missing_lines": [39, 40, 41, 42, 45, 46, 48, 62], "excluded_lines": [], "executed_branches": [], "missing_branches": [[39, 40], [39, 45], [41, 39], [41, 42], [46, 48], [46, 62]]}, "list_profiles": {"executed_lines": [], "summary": {"covered_lines": 0, "num_statements": 17, "percent_covered": 0.0, "percent_covered_display": "0.00", "missing_lines": 17, "excluded_lines": 0, "num_branches": 8, "num_partial_branches": 0, "covered_branches": 0, "missing_branches": 8}, "missing_lines": [108, 109, 112, 113, 115, 116, 117, 118, 137, 138, 140, 141, 143, 144, 146, 147, 148], "excluded_lines": [], "executed_branches": [], "missing_branches": [[115, 116], [115, 137], [117, 115], [117, 118], [138, 140], [138, 143], [140, 138], [140, 141]]}, "create_profile": {"executed_lines": [], "summary": {"covered_lines": 0, "num_statements": 18, "percent_covered": 0.0, "percent_covered_display": "0.00", "missing_lines": 18, "excluded_lines": 0, "num_branches": 4, "num_partial_branches": 0, "covered_branches": 0, "missing_branches": 4}, "missing_lines": [164, 165, 168, 179, 180, 181, 182, 188, 189, 194, 205, 207, 209, 211, 212, 213, 214, 215], "excluded_lines": [], "executed_branches": [], "missing_branches": [[180, 181], [180, 188], [188, 189], [188, 194]]}, "update_profile": {"executed_lines": [], "summary": {"covered_lines": 0, "num_statements": 24, "percent_covered": 0.0, "percent_covered_display": "0.00", "missing_lines": 24, "excluded_lines": 0, "num_branches": 6, "num_partial_branches": 0, "covered_branches": 0, "missing_branches": 6}, "missing_lines": [232, 233, 236, 237, 238, 241, 253, 254, 255, 256, 262, 263, 268, 276, 278, 280, 281, 282, 284, 286, 287, 288, 289, 290], "excluded_lines": [], "executed_branches": [], "missing_branches": [[237, 238], [237, 241], [254, 255], [254, 262], [262, 263], [262, 268]]}, "activate_profile": {"executed_lines": [], "summary": {"covered_lines": 0, "num_statements": 23, "percent_covered": 0.0, "percent_covered_display": "0.00", "missing_lines": 23, "excluded_lines": 0, "num_branches": 4, "num_partial_branches": 0, "covered_branches": 0, "missing_branches": 4}, "missing_lines": [306, 307, 310, 311, 312, 320, 323, 324, 328, 332, 336, 337, 340, 355, 356, 357, 359, 361, 363, 364, 365, 366, 367], "excluded_lines": [], "executed_branches": [], "missing_branches": [[311, 312], [311, 320], [355, 356], [355, 359]]}, "delete_profile": {"executed_lines": [], "summary": {"covered_lines": 0, "num_statements": 16, "percent_covered": 0.0, "percent_covered_display": "0.00", "missing_lines": 16, "excluded_lines": 0, "num_branches": 4, "num_partial_branches": 0, "covered_branches": 0, "missing_branches": 4}, "missing_lines": [383, 384, 387, 388, 389, 390, 393, 395, 396, 398, 400, 402, 403, 404, 405, 406], "excluded_lines": [], "executed_branches": [], "missing_branches": [[389, 390], [389, 393], [395, 396], [395, 398]]}, "": {"executed_lines": [], "summary": {"covered_lines": 0, "num_statements": 48, "percent_covered": 0.0, "percent_covered_display": "0.00", "missing_lines": 48, "excluded_lines": 0, "num_branches": 0, "num_partial_branches": 0, "covered_branches": 0, "missing_branches": 0}, "missing_lines": [3, 4, 5, 7, 8, 10, 11, 12, 18, 20, 22, 25, 26, 29, 65, 68, 69, 70, 71, 72, 73, 76, 79, 80, 81, 82, 83, 84, 87, 90, 91, 92, 93, 94, 95, 96, 97, 98, 101, 102, 154, 155, 221, 222, 296, 297, 373, 374], "excluded_lines": [], "executed_branches": [], "missing_branches": []}}, "classes": {"ProfileCreateRequest": {"executed_lines": [], "summary": {"covered_lines": 0, "num_statements": 0, "percent_covered": 100.0, "percent_covered_display": "100.00", "missing_lines": 0, "excluded_lines": 0, "num_branches": 0, "num_partial_branches": 0, "covered_branches": 0, "missing_branches": 0}, "missing_lines": [], "excluded_lines": [], "executed_branches": [], "missing_branches": []}, "ProfileUpdateRequest": {"executed_lines": [], "summary": {"covered_lines": 0, "num_statements": 0, "percent_covered": 100.0, "percent_covered_display": "100.00", "missing_lines": 0, "excluded_lines": 0, "num_branches": 0, "num_partial_branches": 0, "covered_branches": 0, "missing_branches": 0}, "missing_lines": [], "excluded_lines": [], "executed_branches": [], "missing_branches": []}, "ProfileResponse": {"executed_lines": [], "summary": {"covered_lines": 0, "num_statements": 0, "percent_covered": 100.0, "percent_covered_display": "100.00", "missing_lines": 0, "excluded_lines": 0, "num_branches": 0, "num_partial_branches": 0, "covered_branches": 0, "missing_branches": 0}, "missing_lines": [], "excluded_lines": [], "executed_branches": [], "missing_branches": []}, "": {"executed_lines": [], "summary": {"covered_lines": 0, "num_statements": 154, "percent_covered": 0.0, "percent_covered_display": "0.00", "missing_lines": 154, "excluded_lines": 0, "num_branches": 32, "num_partial_branches": 0, "covered_branches": 0, "missing_branches": 32}, "missing_lines": [3, 4, 5, 7, 8, 10, 11, 12, 18, 20, 22, 25, 26, 29, 39, 40, 41, 42, 45, 46, 48, 62, 65, 68, 69, 70, 71, 72, 73, 76, 79, 80, 81, 82, 83, 84, 87, 90, 91, 92, 93, 94, 95, 96, 97, 98, 101, 102, 108, 109, 112, 113, 115, 116, 117, 118, 137, 138, 140, 141, 143, 144, 146, 147, 148, 154, 155, 164, 165, 168, 179, 180, 181, 182, 188, 189, 194, 205, 207, 209, 211, 212, 213, 214, 215, 221, 222, 232, 233, 236, 237, 238, 241, 253, 254, 255, 256, 262, 263, 268, 276, 278, 280, 281, 282, 284, 286, 287, 288, 289, 290, 296, 297, 306, 307, 310, 311, 312, 320, 323, 324, 328, 332, 336, 337, 340, 355, 356, 357, 359, 361, 363, 364, 365, 366, 367, 373, 374, 383, 384, 387, 388, 389, 390, 393, 395, 396, 398, 400, 402, 403, 404, 405, 406], "excluded_lines": [], "executed_branches": [], "missing_branches": [[39, 40], [39, 45], [41, 39], [41, 42], [46, 48], [46, 62], [115, 116], [115, 137], [117, 115], [117, 118], [138, 140], [138, 143], [140, 138], [140, 141], [180, 181], [180, 188], [188, 189], [188, 194], [237, 238], [237, 241], [254, 255], [254, 262], [262, 263], [262, 268], [311, 312], [311, 320], [355, 356], [355, 359], [389, 390], [389, 393], [395, 396], [395, 398]]}}}, "src/backend/api/routes/detections.py": {"executed_lines": [], "summary": {"covered_lines": 0, "num_statements": 46, "percent_covered": 0.0, "percent_covered_display": "0.00", "missing_lines": 46, "excluded_lines": 0, "num_branches": 18, "num_partial_branches": 0, "covered_branches": 0, "missing_branches": 18}, "missing_lines": [5, 6, 7, 8, 10, 12, 14, 17, 20, 22, 23, 24, 25, 43, 46, 47, 67, 69, 70, 73, 75, 76, 80, 81, 85, 86, 91, 92, 94, 103, 104, 105, 108, 109, 122, 124, 125, 128, 129, 130, 132, 134, 135, 136, 137, 138], "excluded_lines": [], "executed_branches": [], "missing_branches": [[22, -20], [22, 23], [24, -20], [24, 25], [69, 70], [69, 73], [75, 76], [75, 80], [80, 81], [80, 85], [85, 86], [85, 91], [124, 125], [124, 128], [128, 129], [128, 132], [129, 128], [129, 130]], "functions": {"generate_mock_detections": {"executed_lines": [], "summary": {"covered_lines": 0, "num_statements": 5, "percent_covered": 0.0, "percent_covered_display": "0.00", "missing_lines": 5, "excluded_lines": 0, "num_branches": 4, "num_partial_branches": 0, "covered_branches": 0, "missing_branches": 4}, "missing_lines": [22, 23, 24, 25, 43], "excluded_lines": [], "executed_branches": [], "missing_branches": [[22, -20], [22, 23], [24, -20], [24, 25]]}, "get_detections": {"executed_lines": [], "summary": {"covered_lines": 0, "num_statements": 16, "percent_covered": 0.0, "percent_covered_display": "0.00", "missing_lines": 16, "excluded_lines": 0, "num_branches": 8, "num_partial_branches": 0, "covered_branches": 0, "missing_branches": 8}, "missing_lines": [67, 69, 70, 73, 75, 76, 80, 81, 85, 86, 91, 92, 94, 103, 104, 105], "excluded_lines": [], "executed_branches": [], "missing_branches": [[69, 70], [69, 73], [75, 76], [75, 80], [80, 81], [80, 85], [85, 86], [85, 91]]}, "get_detection": {"executed_lines": [], "summary": {"covered_lines": 0, "num_statements": 12, "percent_covered": 0.0, "percent_covered_display": "0.00", "missing_lines": 12, "excluded_lines": 0, "num_branches": 6, "num_partial_branches": 0, "covered_branches": 0, "missing_branches": 6}, "missing_lines": [122, 124, 125, 128, 129, 130, 132, 134, 135, 136, 137, 138], "excluded_lines": [], "executed_branches": [], "missing_branches": [[124, 125], [124, 128], [128, 129], [128, 132], [129, 128], [129, 130]]}, "": {"executed_lines": [], "summary": {"covered_lines": 0, "num_statements": 13, "percent_covered": 0.0, "percent_covered_display": "0.00", "missing_lines": 13, "excluded_lines": 0, "num_branches": 0, "num_partial_branches": 0, "covered_branches": 0, "missing_branches": 0}, "missing_lines": [5, 6, 7, 8, 10, 12, 14, 17, 20, 46, 47, 108, 109], "excluded_lines": [], "executed_branches": [], "missing_branches": []}}, "classes": {"": {"executed_lines": [], "summary": {"covered_lines": 0, "num_statements": 46, "percent_covered": 0.0, "percent_covered_display": "0.00", "missing_lines": 46, "excluded_lines": 0, "num_branches": 18, "num_partial_branches": 0, "covered_branches": 0, "missing_branches": 18}, "missing_lines": [5, 6, 7, 8, 10, 12, 14, 17, 20, 22, 23, 24, 25, 43, 46, 47, 67, 69, 70, 73, 75, 76, 80, 81, 85, 86, 91, 92, 94, 103, 104, 105, 108, 109, 122, 124, 125, 128, 129, 130, 132, 134, 135, 136, 137, 138], "excluded_lines": [], "executed_branches": [], "missing_branches": [[22, -20], [22, 23], [24, -20], [24, 25], [69, 70], [69, 73], [75, 76], [75, 80], [80, 81], [80, 85], [85, 86], [85, 91], [124, 125], [124, 128], [128, 129], [128, 132], [129, 128], [129, 130]]}}}, "src/backend/api/routes/search.py": {"executed_lines": [], "summary": {"covered_lines": 0, "num_statements": 347, "percent_covered": 0.0, "percent_covered_display": "0.00", "missing_lines": 347, "excluded_lines": 0, "num_branches": 100, "num_partial_branches": 0, "covered_branches": 0, "missing_branches": 100}, "missing_lines": [3, 4, 5, 6, 7, 9, 10, 12, 13, 20, 21, 23, 24, 28, 31, 34, 36, 38, 39, 40, 53, 54, 56, 57, 58, 61, 63, 64, 65, 67, 68, 71, 73, 74, 78, 81, 88, 89, 91, 104, 105, 106, 109, 112, 113, 114, 117, 120, 121, 124, 127, 128, 129, 130, 131, 134, 137, 138, 139, 140, 143, 146, 147, 148, 149, 152, 155, 156, 157, 158, 159, 160, 161, 164, 167, 170, 173, 174, 178, 180, 184, 187, 189, 190, 191, 192, 196, 198, 200, 201, 202, 203, 206, 207, 220, 222, 223, 229, 230, 233, 236, 237, 246, 249, 252, 255, 257, 259, 266, 267, 268, 269, 270, 271, 274, 275, 284, 286, 287, 288, 289, 291, 292, 294, 297, 300, 301, 302, 307, 308, 314, 315, 317, 324, 325, 326, 327, 328, 331, 332, 341, 343, 344, 345, 346, 348, 349, 351, 354, 355, 356, 358, 368, 369, 370, 371, 372, 375, 376, 388, 390, 391, 392, 393, 395, 396, 398, 401, 402, 403, 404, 405, 406, 408, 409, 410, 411, 412, 413, 415, 416, 417, 418, 419, 420, 421, 424, 427, 429, 433, 435, 436, 437, 438, 439, 442, 443, 458, 459, 461, 462, 464, 467, 471, 472, 474, 492, 495, 497, 499, 506, 507, 508, 509, 510, 511, 514, 515, 530, 531, 532, 535, 536, 537, 538, 540, 541, 542, 545, 551, 553, 554, 559, 560, 562, 566, 573, 574, 575, 576, 577, 580, 581, 594, 595, 596, 599, 601, 602, 605, 606, 608, 610, 611, 612, 613, 614, 617, 618, 631, 632, 633, 636, 638, 639, 642, 643, 645, 647, 648, 649, 650, 651, 654, 655, 668, 669, 670, 673, 675, 676, 679, 680, 682, 684, 685, 686, 687, 688, 691, 692, 705, 706, 707, 710, 712, 713, 716, 717, 719, 721, 722, 723, 724, 725, 728, 729, 740, 741, 742, 745, 747, 748, 749, 751, 757, 758, 759, 762, 763, 775, 777, 778, 779, 780, 782, 783, 785, 788, 790, 792, 793, 794, 796, 797, 799, 801, 802, 804, 805, 806, 809, 811, 812, 813, 814, 815], "excluded_lines": [], "executed_branches": [], "missing_branches": [[39, 40], [39, 53], [64, 65], [64, 67], [190, 191], [190, 192], [201, 202], [201, 203], [222, 223], [222, 229], [286, 287], [286, 291], [287, 288], [287, 289], [291, 292], [291, 294], [301, 302], [301, 307], [307, 308], [307, 314], [343, 344], [343, 348], [344, 345], [344, 346], [348, 349], [348, 351], [355, 356], [355, 358], [390, 391], [390, 395], [391, 392], [391, 393], [395, 396], [395, 398], [401, 402], [401, 408], [402, 403], [402, 404], [408, 409], [408, 415], [409, 410], [409, 411], [415, 416], [415, 424], [461, 462], [461, 464], [531, 532], [531, 535], [535, 536], [535, 540], [536, 537], [536, 538], [540, 541], [540, 542], [553, 554], [553, 559], [559, 560], [559, 562], [595, 596], [595, 599], [601, 602], [601, 605], [605, 606], [605, 608], [632, 633], [632, 636], [638, 639], [638, 642], [642, 643], [642, 645], [669, 670], [669, 673], [675, 676], [675, 679], [679, 680], [679, 682], [706, 707], [706, 710], [712, 713], [712, 716], [716, 717], [716, 719], [741, 742], [741, 745], [748, 749], [748, 751], [777, 778], [777, 782], [778, 779], [778, 780], [782, 783], [782, 785], [790, 792], [790, 801], [792, 793], [792, 796], [801, 802], [801, 804], [804, 805], [804, 809]], "functions": {"save_pattern_state": {"executed_lines": [], "summary": {"covered_lines": 0, "num_statements": 9, "percent_covered": 0.0, "percent_covered_display": "0.00", "missing_lines": 9, "excluded_lines": 0, "num_branches": 2, "num_partial_branches": 0, "covered_branches": 0, "missing_branches": 2}, "missing_lines": [36, 38, 39, 40, 53, 54, 56, 57, 58], "excluded_lines": [], "executed_branches": [], "missing_branches": [[39, 40], [39, 53]]}, "load_pattern_state": {"executed_lines": [], "summary": {"covered_lines": 0, "num_statements": 8, "percent_covered": 0.0, "percent_covered_display": "0.00", "missing_lines": 8, "excluded_lines": 0, "num_branches": 2, "num_partial_branches": 0, "covered_branches": 0, "missing_branches": 2}, "missing_lines": [63, 64, 65, 67, 68, 71, 73, 74], "excluded_lines": [], "executed_branches": [], "missing_branches": [[64, 65], [64, 67]]}, "broadcast_pattern_update": {"executed_lines": [], "summary": {"covered_lines": 0, "num_statements": 6, "percent_covered": 0.0, "percent_covered_display": "0.00", "missing_lines": 6, "excluded_lines": 0, "num_branches": 0, "num_partial_branches": 0, "covered_branches": 0, "missing_branches": 0}, "missing_lines": [88, 89, 91, 104, 105, 106], "excluded_lines": [], "executed_branches": [], "missing_branches": []}, "get_pattern_generator": {"executed_lines": [], "summary": {"covered_lines": 0, "num_statements": 1, "percent_covered": 0.0, "percent_covered_display": "0.00", "missing_lines": 1, "excluded_lines": 0, "num_branches": 0, "num_partial_branches": 0, "covered_branches": 0, "missing_branches": 0}, "missing_lines": [180], "excluded_lines": [], "executed_branches": [], "missing_branches": []}, "get_state_machine": {"executed_lines": [], "summary": {"covered_lines": 0, "num_statements": 5, "percent_covered": 0.0, "percent_covered_display": "0.00", "missing_lines": 5, "excluded_lines": 0, "num_branches": 2, "num_partial_branches": 0, "covered_branches": 0, "missing_branches": 2}, "missing_lines": [187, 189, 190, 191, 192], "excluded_lines": [], "executed_branches": [], "missing_branches": [[190, 191], [190, 192]]}, "get_mavlink_service": {"executed_lines": [], "summary": {"covered_lines": 0, "num_statements": 5, "percent_covered": 0.0, "percent_covered_display": "0.00", "missing_lines": 5, "excluded_lines": 0, "num_branches": 2, "num_partial_branches": 0, "covered_branches": 0, "missing_branches": 2}, "missing_lines": [198, 200, 201, 202, 203], "excluded_lines": [], "executed_branches": [], "missing_branches": [[201, 202], [201, 203]]}, "create_search_pattern": {"executed_lines": [], "summary": {"covered_lines": 0, "num_statements": 20, "percent_covered": 0.0, "percent_covered_display": "0.00", "missing_lines": 20, "excluded_lines": 0, "num_branches": 2, "num_partial_branches": 0, "covered_branches": 0, "missing_branches": 2}, "missing_lines": [220, 222, 223, 229, 230, 233, 236, 237, 246, 249, 252, 255, 257, 259, 266, 267, 268, 269, 270, 271], "excluded_lines": [], "executed_branches": [], "missing_branches": [[222, 223], [222, 229]]}, "get_pattern_preview": {"executed_lines": [], "summary": {"covered_lines": 0, "num_statements": 22, "percent_covered": 0.0, "percent_covered_display": "0.00", "missing_lines": 22, "excluded_lines": 0, "num_branches": 10, "num_partial_branches": 0, "covered_branches": 0, "missing_branches": 10}, "missing_lines": [284, 286, 287, 288, 289, 291, 292, 294, 297, 300, 301, 302, 307, 308, 314, 315, 317, 324, 325, 326, 327, 328], "excluded_lines": [], "executed_branches": [], "missing_branches": [[286, 287], [286, 291], [287, 288], [287, 289], [291, 292], [291, 294], [301, 302], [301, 307], [307, 308], [307, 314]]}, "get_pattern_status": {"executed_lines": [], "summary": {"covered_lines": 0, "num_statements": 17, "percent_covered": 0.0, "percent_covered_display": "0.00", "missing_lines": 17, "excluded_lines": 0, "num_branches": 8, "num_partial_branches": 0, "covered_branches": 0, "missing_branches": 8}, "missing_lines": [341, 343, 344, 345, 346, 348, 349, 351, 354, 355, 356, 358, 368, 369, 370, 371, 372], "excluded_lines": [], "executed_branches": [], "missing_branches": [[343, 344], [343, 348], [344, 345], [344, 346], [348, 349], [348, 351], [355, 356], [355, 358]]}, "control_pattern": {"executed_lines": [], "summary": {"covered_lines": 0, "num_statements": 36, "percent_covered": 0.0, "percent_covered_display": "0.00", "missing_lines": 36, "excluded_lines": 0, "num_branches": 16, "num_partial_branches": 0, "covered_branches": 0, "missing_branches": 16}, "missing_lines": [388, 390, 391, 392, 393, 395, 396, 398, 401, 402, 403, 404, 405, 406, 408, 409, 410, 411, 412, 413, 415, 416, 417, 418, 419, 420, 421, 424, 427, 429, 433, 435, 436, 437, 438, 439], "excluded_lines": [], "executed_branches": [], "missing_branches": [[390, 391], [390, 395], [391, 392], [391, 393], [395, 396], [395, 398], [401, 402], [401, 408], [402, 403], [402, 404], [408, 409], [408, 415], [409, 410], [409, 411], [415, 416], [415, 424]]}, "import_pattern": {"executed_lines": [], "summary": {"covered_lines": 0, "num_statements": 19, "percent_covered": 0.0, "percent_covered_display": "0.00", "missing_lines": 19, "excluded_lines": 0, "num_branches": 2, "num_partial_branches": 0, "covered_branches": 0, "missing_branches": 2}, "missing_lines": [458, 459, 461, 462, 464, 467, 471, 472, 474, 492, 495, 497, 499, 506, 507, 508, 509, 510, 511], "excluded_lines": [], "executed_branches": [], "missing_branches": [[461, 462], [461, 464]]}, "upload_pattern_to_mavlink": {"executed_lines": [], "summary": {"covered_lines": 0, "num_statements": 23, "percent_covered": 0.0, "percent_covered_display": "0.00", "missing_lines": 23, "excluded_lines": 0, "num_branches": 12, "num_partial_branches": 0, "covered_branches": 0, "missing_branches": 12}, "missing_lines": [530, 531, 532, 535, 536, 537, 538, 540, 541, 542, 545, 551, 553, 554, 559, 560, 562, 566, 573, 574, 575, 576, 577], "excluded_lines": [], "executed_branches": [], "missing_branches": [[531, 532], [531, 535], [535, 536], [535, 540], [536, 537], [536, 538], [540, 541], [540, 542], [553, 554], [553, 559], [559, 560], [559, 562]]}, "start_mavlink_mission": {"executed_lines": [], "summary": {"covered_lines": 0, "num_statements": 14, "percent_covered": 0.0, "percent_covered_display": "0.00", "missing_lines": 14, "excluded_lines": 0, "num_branches": 6, "num_partial_branches": 0, "covered_branches": 0, "missing_branches": 6}, "missing_lines": [594, 595, 596, 599, 601, 602, 605, 606, 608, 610, 611, 612, 613, 614], "excluded_lines": [], "executed_branches": [], "missing_branches": [[595, 596], [595, 599], [601, 602], [601, 605], [605, 606], [605, 608]]}, "pause_mavlink_mission": {"executed_lines": [], "summary": {"covered_lines": 0, "num_statements": 14, "percent_covered": 0.0, "percent_covered_display": "0.00", "missing_lines": 14, "excluded_lines": 0, "num_branches": 6, "num_partial_branches": 0, "covered_branches": 0, "missing_branches": 6}, "missing_lines": [631, 632, 633, 636, 638, 639, 642, 643, 645, 647, 648, 649, 650, 651], "excluded_lines": [], "executed_branches": [], "missing_branches": [[632, 633], [632, 636], [638, 639], [638, 642], [642, 643], [642, 645]]}, "resume_mavlink_mission": {"executed_lines": [], "summary": {"covered_lines": 0, "num_statements": 14, "percent_covered": 0.0, "percent_covered_display": "0.00", "missing_lines": 14, "excluded_lines": 0, "num_branches": 6, "num_partial_branches": 0, "covered_branches": 0, "missing_branches": 6}, "missing_lines": [668, 669, 670, 673, 675, 676, 679, 680, 682, 684, 685, 686, 687, 688], "excluded_lines": [], "executed_branches": [], "missing_branches": [[669, 670], [669, 673], [675, 676], [675, 679], [679, 680], [679, 682]]}, "stop_mavlink_mission": {"executed_lines": [], "summary": {"covered_lines": 0, "num_statements": 14, "percent_covered": 0.0, "percent_covered_display": "0.00", "missing_lines": 14, "excluded_lines": 0, "num_branches": 6, "num_partial_branches": 0, "covered_branches": 0, "missing_branches": 6}, "missing_lines": [705, 706, 707, 710, 712, 713, 716, 717, 719, 721, 722, 723, 724, 725], "excluded_lines": [], "executed_branches": [], "missing_branches": [[706, 707], [706, 710], [712, 713], [712, 716], [716, 717], [716, 719]]}, "get_mavlink_mission_progress": {"executed_lines": [], "summary": {"covered_lines": 0, "num_statements": 11, "percent_covered": 0.0, "percent_covered_display": "0.00", "missing_lines": 11, "excluded_lines": 0, "num_branches": 4, "num_partial_branches": 0, "covered_branches": 0, "missing_branches": 4}, "missing_lines": [740, 741, 742, 745, 747, 748, 749, 751, 757, 758, 759], "excluded_lines": [], "executed_branches": [], "missing_branches": [[741, 742], [741, 745], [748, 749], [748, 751]]}, "export_pattern": {"executed_lines": [], "summary": {"covered_lines": 0, "num_statements": 27, "percent_covered": 0.0, "percent_covered_display": "0.00", "missing_lines": 27, "excluded_lines": 0, "num_branches": 14, "num_partial_branches": 0, "covered_branches": 0, "missing_branches": 14}, "missing_lines": [775, 777, 778, 779, 780, 782, 783, 785, 788, 790, 792, 793, 794, 796, 797, 799, 801, 802, 804, 805, 806, 809, 811, 812, 813, 814, 815], "excluded_lines": [], "executed_branches": [], "missing_branches": [[777, 778], [777, 782], [778, 779], [778, 780], [782, 783], [782, 785], [790, 792], [790, 801], [792, 793], [792, 796], [801, 802], [801, 804], [804, 805], [804, 809]]}, "": {"executed_lines": [], "summary": {"covered_lines": 0, "num_statements": 82, "percent_covered": 0.0, "percent_covered_display": "0.00", "missing_lines": 82, "excluded_lines": 0, "num_branches": 0, "num_partial_branches": 0, "covered_branches": 0, "missing_branches": 0}, "missing_lines": [3, 4, 5, 6, 7, 9, 10, 12, 13, 20, 21, 23, 24, 28, 31, 34, 61, 78, 81, 109, 112, 113, 114, 117, 120, 121, 124, 127, 128, 129, 130, 131, 134, 137, 138, 139, 140, 143, 146, 147, 148, 149, 152, 155, 156, 157, 158, 159, 160, 161, 164, 167, 170, 173, 174, 178, 184, 196, 206, 207, 274, 275, 331, 332, 375, 376, 442, 443, 514, 515, 580, 581, 617, 618, 654, 655, 691, 692, 728, 729, 762, 763], "excluded_lines": [], "executed_branches": [], "missing_branches": []}}, "classes": {"CenterRadiusBoundaryRequest": {"executed_lines": [], "summary": {"covered_lines": 0, "num_statements": 0, "percent_covered": 100.0, "percent_covered_display": "100.00", "missing_lines": 0, "excluded_lines": 0, "num_branches": 0, "num_partial_branches": 0, "covered_branches": 0, "missing_branches": 0}, "missing_lines": [], "excluded_lines": [], "executed_branches": [], "missing_branches": []}, "CornerBoundaryRequest": {"executed_lines": [], "summary": {"covered_lines": 0, "num_statements": 0, "percent_covered": 100.0, "percent_covered_display": "100.00", "missing_lines": 0, "excluded_lines": 0, "num_branches": 0, "num_partial_branches": 0, "covered_branches": 0, "missing_branches": 0}, "missing_lines": [], "excluded_lines": [], "executed_branches": [], "missing_branches": []}, "SearchPatternRequest": {"executed_lines": [], "summary": {"covered_lines": 0, "num_statements": 0, "percent_covered": 100.0, "percent_covered_display": "100.00", "missing_lines": 0, "excluded_lines": 0, "num_branches": 0, "num_partial_branches": 0, "covered_branches": 0, "missing_branches": 0}, "missing_lines": [], "excluded_lines": [], "executed_branches": [], "missing_branches": []}, "SearchPatternResponse": {"executed_lines": [], "summary": {"covered_lines": 0, "num_statements": 0, "percent_covered": 100.0, "percent_covered_display": "100.00", "missing_lines": 0, "excluded_lines": 0, "num_branches": 0, "num_partial_branches": 0, "covered_branches": 0, "missing_branches": 0}, "missing_lines": [], "excluded_lines": [], "executed_branches": [], "missing_branches": []}, "PatternPreviewResponse": {"executed_lines": [], "summary": {"covered_lines": 0, "num_statements": 0, "percent_covered": 100.0, "percent_covered_display": "100.00", "missing_lines": 0, "excluded_lines": 0, "num_branches": 0, "num_partial_branches": 0, "covered_branches": 0, "missing_branches": 0}, "missing_lines": [], "excluded_lines": [], "executed_branches": [], "missing_branches": []}, "PatternStatusResponse": {"executed_lines": [], "summary": {"covered_lines": 0, "num_statements": 0, "percent_covered": 100.0, "percent_covered_display": "100.00", "missing_lines": 0, "excluded_lines": 0, "num_branches": 0, "num_partial_branches": 0, "covered_branches": 0, "missing_branches": 0}, "missing_lines": [], "excluded_lines": [], "executed_branches": [], "missing_branches": []}, "PatternControlRequest": {"executed_lines": [], "summary": {"covered_lines": 0, "num_statements": 0, "percent_covered": 100.0, "percent_covered_display": "100.00", "missing_lines": 0, "excluded_lines": 0, "num_branches": 0, "num_partial_branches": 0, "covered_branches": 0, "missing_branches": 0}, "missing_lines": [], "excluded_lines": [], "executed_branches": [], "missing_branches": []}, "PatternControlResponse": {"executed_lines": [], "summary": {"covered_lines": 0, "num_statements": 0, "percent_covered": 100.0, "percent_covered_display": "100.00", "missing_lines": 0, "excluded_lines": 0, "num_branches": 0, "num_partial_branches": 0, "covered_branches": 0, "missing_branches": 0}, "missing_lines": [], "excluded_lines": [], "executed_branches": [], "missing_branches": []}, "": {"executed_lines": [], "summary": {"covered_lines": 0, "num_statements": 347, "percent_covered": 0.0, "percent_covered_display": "0.00", "missing_lines": 347, "excluded_lines": 0, "num_branches": 100, "num_partial_branches": 0, "covered_branches": 0, "missing_branches": 100}, "missing_lines": [3, 4, 5, 6, 7, 9, 10, 12, 13, 20, 21, 23, 24, 28, 31, 34, 36, 38, 39, 40, 53, 54, 56, 57, 58, 61, 63, 64, 65, 67, 68, 71, 73, 74, 78, 81, 88, 89, 91, 104, 105, 106, 109, 112, 113, 114, 117, 120, 121, 124, 127, 128, 129, 130, 131, 134, 137, 138, 139, 140, 143, 146, 147, 148, 149, 152, 155, 156, 157, 158, 159, 160, 161, 164, 167, 170, 173, 174, 178, 180, 184, 187, 189, 190, 191, 192, 196, 198, 200, 201, 202, 203, 206, 207, 220, 222, 223, 229, 230, 233, 236, 237, 246, 249, 252, 255, 257, 259, 266, 267, 268, 269, 270, 271, 274, 275, 284, 286, 287, 288, 289, 291, 292, 294, 297, 300, 301, 302, 307, 308, 314, 315, 317, 324, 325, 326, 327, 328, 331, 332, 341, 343, 344, 345, 346, 348, 349, 351, 354, 355, 356, 358, 368, 369, 370, 371, 372, 375, 376, 388, 390, 391, 392, 393, 395, 396, 398, 401, 402, 403, 404, 405, 406, 408, 409, 410, 411, 412, 413, 415, 416, 417, 418, 419, 420, 421, 424, 427, 429, 433, 435, 436, 437, 438, 439, 442, 443, 458, 459, 461, 462, 464, 467, 471, 472, 474, 492, 495, 497, 499, 506, 507, 508, 509, 510, 511, 514, 515, 530, 531, 532, 535, 536, 537, 538, 540, 541, 542, 545, 551, 553, 554, 559, 560, 562, 566, 573, 574, 575, 576, 577, 580, 581, 594, 595, 596, 599, 601, 602, 605, 606, 608, 610, 611, 612, 613, 614, 617, 618, 631, 632, 633, 636, 638, 639, 642, 643, 645, 647, 648, 649, 650, 651, 654, 655, 668, 669, 670, 673, 675, 676, 679, 680, 682, 684, 685, 686, 687, 688, 691, 692, 705, 706, 707, 710, 712, 713, 716, 717, 719, 721, 722, 723, 724, 725, 728, 729, 740, 741, 742, 745, 747, 748, 749, 751, 757, 758, 759, 762, 763, 775, 777, 778, 779, 780, 782, 783, 785, 788, 790, 792, 793, 794, 796, 797, 799, 801, 802, 804, 805, 806, 809, 811, 812, 813, 814, 815], "excluded_lines": [], "executed_branches": [], "missing_branches": [[39, 40], [39, 53], [64, 65], [64, 67], [190, 191], [190, 192], [201, 202], [201, 203], [222, 223], [222, 229], [286, 287], [286, 291], [287, 288], [287, 289], [291, 292], [291, 294], [301, 302], [301, 307], [307, 308], [307, 314], [343, 344], [343, 348], [344, 345], [344, 346], [348, 349], [348, 351], [355, 356], [355, 358], [390, 391], [390, 395], [391, 392], [391, 393], [395, 396], [395, 398], [401, 402], [401, 408], [402, 403], [402, 404], [408, 409], [408, 415], [409, 410], [409, 411], [415, 416], [415, 424], [461, 462], [461, 464], [531, 532], [531, 535], [535, 536], [535, 540], [536, 537], [536, 538], [540, 541], [540, 542], [553, 554], [553, 559], [559, 560], [559, 562], [595, 596], [595, 599], [601, 602], [601, 605], [605, 606], [605, 608], [632, 633], [632, 636], [638, 639], [638, 642], [642, 643], [642, 645], [669, 670], [669, 673], [675, 676], [675, 679], [679, 680], [679, 682], [706, 707], [706, 710], [712, 713], [712, 716], [716, 717], [716, 719], [741, 742], [741, 745], [748, 749], [748, 751], [777, 778], [777, 782], [778, 779], [778, 780], [782, 783], [782, 785], [790, 792], [790, 801], [792, 793], [792, 796], [801, 802], [801, 804], [804, 805], [804, 809]]}}}, "src/backend/api/routes/state.py": {"executed_lines": [], "summary": {"covered_lines": 0, "num_statements": 204, "percent_covered": 0.0, "percent_covered_display": "0.00", "missing_lines": 204, "excluded_lines": 0, "num_branches": 12, "num_partial_branches": 0, "covered_branches": 0, "missing_branches": 12}, "missing_lines": [3, 5, 6, 8, 9, 11, 13, 16, 19, 20, 23, 26, 27, 28, 31, 34, 35, 38, 41, 42, 43, 44, 45, 46, 49, 52, 53, 56, 59, 60, 61, 62, 63, 64, 65, 66, 67, 70, 73, 74, 75, 76, 77, 78, 79, 82, 84, 86, 87, 88, 91, 92, 98, 99, 100, 102, 110, 111, 112, 115, 116, 130, 131, 132, 133, 135, 136, 138, 139, 140, 146, 151, 152, 153, 154, 155, 158, 159, 173, 174, 175, 176, 178, 179, 183, 189, 190, 191, 194, 195, 203, 204, 205, 210, 211, 212, 215, 216, 225, 226, 227, 232, 233, 234, 237, 238, 247, 248, 249, 250, 252, 253, 254, 260, 261, 262, 265, 266, 275, 276, 277, 280, 281, 282, 285, 286, 292, 293, 294, 295, 296, 297, 300, 301, 307, 308, 309, 310, 311, 312, 315, 316, 322, 323, 324, 325, 326, 327, 330, 331, 337, 338, 339, 340, 341, 342, 345, 346, 355, 356, 357, 358, 362, 363, 364, 365, 366, 367, 370, 371, 377, 378, 379, 380, 381, 382, 383, 384, 385, 386, 389, 390, 396, 397, 398, 399, 400, 401, 402, 403, 404, 405, 408, 409, 415, 416, 417, 418, 419, 420, 421, 422, 423, 424], "excluded_lines": [], "executed_branches": [], "missing_branches": [[86, 87], [86, 88], [138, 139], [138, 146], [357, 358], [357, 362], [379, 380], [379, 381], [398, 399], [398, 400], [417, 418], [417, 419]], "functions": {"get_state_machine": {"executed_lines": [], "summary": {"covered_lines": 0, "num_statements": 4, "percent_covered": 0.0, "percent_covered_display": "0.00", "missing_lines": 4, "excluded_lines": 0, "num_branches": 2, "num_partial_branches": 0, "covered_branches": 0, "missing_branches": 2}, "missing_lines": [84, 86, 87, 88], "excluded_lines": [], "executed_branches": [], "missing_branches": [[86, 87], [86, 88]]}, "get_current_state": {"executed_lines": [], "summary": {"covered_lines": 0, "num_statements": 7, "percent_covered": 0.0, "percent_covered_display": "0.00", "missing_lines": 7, "excluded_lines": 0, "num_branches": 0, "num_partial_branches": 0, "covered_branches": 0, "missing_branches": 0}, "missing_lines": [98, 99, 100, 102, 110, 111, 112], "excluded_lines": [], "executed_branches": [], "missing_branches": []}, "transition_state": {"executed_lines": [], "summary": {"covered_lines": 0, "num_statements": 15, "percent_covered": 0.0, "percent_covered_display": "0.00", "missing_lines": 15, "excluded_lines": 0, "num_branches": 2, "num_partial_branches": 0, "covered_branches": 0, "missing_branches": 2}, "missing_lines": [130, 131, 132, 133, 135, 136, 138, 139, 140, 146, 151, 152, 153, 154, 155], "excluded_lines": [], "executed_branches": [], "missing_branches": [[138, 139], [138, 146]]}, "force_transition": {"executed_lines": [], "summary": {"covered_lines": 0, "num_statements": 10, "percent_covered": 0.0, "percent_covered_display": "0.00", "missing_lines": 10, "excluded_lines": 0, "num_branches": 0, "num_partial_branches": 0, "covered_branches": 0, "missing_branches": 0}, "missing_lines": [173, 174, 175, 176, 178, 179, 183, 189, 190, 191], "excluded_lines": [], "executed_branches": [], "missing_branches": []}, "emergency_stop": {"executed_lines": [], "summary": {"covered_lines": 0, "num_statements": 6, "percent_covered": 0.0, "percent_covered_display": "0.00", "missing_lines": 6, "excluded_lines": 0, "num_branches": 0, "num_partial_branches": 0, "covered_branches": 0, "missing_branches": 0}, "missing_lines": [203, 204, 205, 210, 211, 212], "excluded_lines": [], "executed_branches": [], "missing_branches": []}, "set_homing_enabled": {"executed_lines": [], "summary": {"covered_lines": 0, "num_statements": 6, "percent_covered": 0.0, "percent_covered_display": "0.00", "missing_lines": 6, "excluded_lines": 0, "num_branches": 0, "num_partial_branches": 0, "covered_branches": 0, "missing_branches": 0}, "missing_lines": [225, 226, 227, 232, 233, 234], "excluded_lines": [], "executed_branches": [], "missing_branches": []}, "set_state_timeout": {"executed_lines": [], "summary": {"covered_lines": 0, "num_statements": 10, "percent_covered": 0.0, "percent_covered_display": "0.00", "missing_lines": 10, "excluded_lines": 0, "num_branches": 0, "num_partial_branches": 0, "covered_branches": 0, "missing_branches": 0}, "missing_lines": [247, 248, 249, 250, 252, 253, 254, 260, 261, 262], "excluded_lines": [], "executed_branches": [], "missing_branches": []}, "get_state_history": {"executed_lines": [], "summary": {"covered_lines": 0, "num_statements": 6, "percent_covered": 0.0, "percent_covered_display": "0.00", "missing_lines": 6, "excluded_lines": 0, "num_branches": 0, "num_partial_branches": 0, "covered_branches": 0, "missing_branches": 0}, "missing_lines": [275, 276, 277, 280, 281, 282], "excluded_lines": [], "executed_branches": [], "missing_branches": []}, "get_state_statistics": {"executed_lines": [], "summary": {"covered_lines": 0, "num_statements": 6, "percent_covered": 0.0, "percent_covered_display": "0.00", "missing_lines": 6, "excluded_lines": 0, "num_branches": 0, "num_partial_branches": 0, "covered_branches": 0, "missing_branches": 0}, "missing_lines": [292, 293, 294, 295, 296, 297], "excluded_lines": [], "executed_branches": [], "missing_branches": []}, "get_telemetry_metrics": {"executed_lines": [], "summary": {"covered_lines": 0, "num_statements": 6, "percent_covered": 0.0, "percent_covered_display": "0.00", "missing_lines": 6, "excluded_lines": 0, "num_branches": 0, "num_partial_branches": 0, "covered_branches": 0, "missing_branches": 0}, "missing_lines": [307, 308, 309, 310, 311, 312], "excluded_lines": [], "executed_branches": [], "missing_branches": []}, "send_telemetry_update": {"executed_lines": [], "summary": {"covered_lines": 0, "num_statements": 6, "percent_covered": 0.0, "percent_covered_display": "0.00", "missing_lines": 6, "excluded_lines": 0, "num_branches": 0, "num_partial_branches": 0, "covered_branches": 0, "missing_branches": 0}, "missing_lines": [322, 323, 324, 325, 326, 327], "excluded_lines": [], "executed_branches": [], "missing_branches": []}, "get_search_pattern_status": {"executed_lines": [], "summary": {"covered_lines": 0, "num_statements": 6, "percent_covered": 0.0, "percent_covered_display": "0.00", "missing_lines": 6, "excluded_lines": 0, "num_branches": 0, "num_partial_branches": 0, "covered_branches": 0, "missing_branches": 0}, "missing_lines": [337, 338, 339, 340, 341, 342], "excluded_lines": [], "executed_branches": [], "missing_branches": []}, "start_search_pattern": {"executed_lines": [], "summary": {"covered_lines": 0, "num_statements": 10, "percent_covered": 0.0, "percent_covered_display": "0.00", "missing_lines": 10, "excluded_lines": 0, "num_branches": 2, "num_partial_branches": 0, "covered_branches": 0, "missing_branches": 2}, "missing_lines": [355, 356, 357, 358, 362, 363, 364, 365, 366, 367], "excluded_lines": [], "executed_branches": [], "missing_branches": [[357, 358], [357, 362]]}, "pause_search_pattern": {"executed_lines": [], "summary": {"covered_lines": 0, "num_statements": 10, "percent_covered": 0.0, "percent_covered_display": "0.00", "missing_lines": 10, "excluded_lines": 0, "num_branches": 2, "num_partial_branches": 0, "covered_branches": 0, "missing_branches": 2}, "missing_lines": [377, 378, 379, 380, 381, 382, 383, 384, 385, 386], "excluded_lines": [], "executed_branches": [], "missing_branches": [[379, 380], [379, 381]]}, "resume_search_pattern": {"executed_lines": [], "summary": {"covered_lines": 0, "num_statements": 10, "percent_covered": 0.0, "percent_covered_display": "0.00", "missing_lines": 10, "excluded_lines": 0, "num_branches": 2, "num_partial_branches": 0, "covered_branches": 0, "missing_branches": 2}, "missing_lines": [396, 397, 398, 399, 400, 401, 402, 403, 404, 405], "excluded_lines": [], "executed_branches": [], "missing_branches": [[398, 399], [398, 400]]}, "stop_search_pattern": {"executed_lines": [], "summary": {"covered_lines": 0, "num_statements": 10, "percent_covered": 0.0, "percent_covered_display": "0.00", "missing_lines": 10, "excluded_lines": 0, "num_branches": 2, "num_partial_branches": 0, "covered_branches": 0, "missing_branches": 2}, "missing_lines": [415, 416, 417, 418, 419, 420, 421, 422, 423, 424], "excluded_lines": [], "executed_branches": [], "missing_branches": [[417, 418], [417, 419]]}, "": {"executed_lines": [], "summary": {"covered_lines": 0, "num_statements": 76, "percent_covered": 0.0, "percent_covered_display": "0.00", "missing_lines": 76, "excluded_lines": 0, "num_branches": 0, "num_partial_branches": 0, "covered_branches": 0, "missing_branches": 0}, "missing_lines": [3, 5, 6, 8, 9, 11, 13, 16, 19, 20, 23, 26, 27, 28, 31, 34, 35, 38, 41, 42, 43, 44, 45, 46, 49, 52, 53, 56, 59, 60, 61, 62, 63, 64, 65, 66, 67, 70, 73, 74, 75, 76, 77, 78, 79, 82, 91, 92, 115, 116, 158, 159, 194, 195, 215, 216, 237, 238, 265, 266, 285, 286, 300, 301, 315, 316, 330, 331, 345, 346, 370, 371, 389, 390, 408, 409], "excluded_lines": [], "executed_branches": [], "missing_branches": []}}, "classes": {"StateTransitionRequest": {"executed_lines": [], "summary": {"covered_lines": 0, "num_statements": 0, "percent_covered": 100.0, "percent_covered_display": "100.00", "missing_lines": 0, "excluded_lines": 0, "num_branches": 0, "num_partial_branches": 0, "covered_branches": 0, "missing_branches": 0}, "missing_lines": [], "excluded_lines": [], "executed_branches": [], "missing_branches": []}, "ForceTransitionRequest": {"executed_lines": [], "summary": {"covered_lines": 0, "num_statements": 0, "percent_covered": 100.0, "percent_covered_display": "100.00", "missing_lines": 0, "excluded_lines": 0, "num_branches": 0, "num_partial_branches": 0, "covered_branches": 0, "missing_branches": 0}, "missing_lines": [], "excluded_lines": [], "executed_branches": [], "missing_branches": []}, "StateTimeoutRequest": {"executed_lines": [], "summary": {"covered_lines": 0, "num_statements": 0, "percent_covered": 100.0, "percent_covered_display": "100.00", "missing_lines": 0, "excluded_lines": 0, "num_branches": 0, "num_partial_branches": 0, "covered_branches": 0, "missing_branches": 0}, "missing_lines": [], "excluded_lines": [], "executed_branches": [], "missing_branches": []}, "StateResponse": {"executed_lines": [], "summary": {"covered_lines": 0, "num_statements": 0, "percent_covered": 100.0, "percent_covered_display": "100.00", "missing_lines": 0, "excluded_lines": 0, "num_branches": 0, "num_partial_branches": 0, "covered_branches": 0, "missing_branches": 0}, "missing_lines": [], "excluded_lines": [], "executed_branches": [], "missing_branches": []}, "StateHistoryResponse": {"executed_lines": [], "summary": {"covered_lines": 0, "num_statements": 0, "percent_covered": 100.0, "percent_covered_display": "100.00", "missing_lines": 0, "excluded_lines": 0, "num_branches": 0, "num_partial_branches": 0, "covered_branches": 0, "missing_branches": 0}, "missing_lines": [], "excluded_lines": [], "executed_branches": [], "missing_branches": []}, "StateStatisticsResponse": {"executed_lines": [], "summary": {"covered_lines": 0, "num_statements": 0, "percent_covered": 100.0, "percent_covered_display": "100.00", "missing_lines": 0, "excluded_lines": 0, "num_branches": 0, "num_partial_branches": 0, "covered_branches": 0, "missing_branches": 0}, "missing_lines": [], "excluded_lines": [], "executed_branches": [], "missing_branches": []}, "TelemetryMetricsResponse": {"executed_lines": [], "summary": {"covered_lines": 0, "num_statements": 0, "percent_covered": 100.0, "percent_covered_display": "100.00", "missing_lines": 0, "excluded_lines": 0, "num_branches": 0, "num_partial_branches": 0, "covered_branches": 0, "missing_branches": 0}, "missing_lines": [], "excluded_lines": [], "executed_branches": [], "missing_branches": []}, "": {"executed_lines": [], "summary": {"covered_lines": 0, "num_statements": 204, "percent_covered": 0.0, "percent_covered_display": "0.00", "missing_lines": 204, "excluded_lines": 0, "num_branches": 12, "num_partial_branches": 0, "covered_branches": 0, "missing_branches": 12}, "missing_lines": [3, 5, 6, 8, 9, 11, 13, 16, 19, 20, 23, 26, 27, 28, 31, 34, 35, 38, 41, 42, 43, 44, 45, 46, 49, 52, 53, 56, 59, 60, 61, 62, 63, 64, 65, 66, 67, 70, 73, 74, 75, 76, 77, 78, 79, 82, 84, 86, 87, 88, 91, 92, 98, 99, 100, 102, 110, 111, 112, 115, 116, 130, 131, 132, 133, 135, 136, 138, 139, 140, 146, 151, 152, 153, 154, 155, 158, 159, 173, 174, 175, 176, 178, 179, 183, 189, 190, 191, 194, 195, 203, 204, 205, 210, 211, 212, 215, 216, 225, 226, 227, 232, 233, 234, 237, 238, 247, 248, 249, 250, 252, 253, 254, 260, 261, 262, 265, 266, 275, 276, 277, 280, 281, 282, 285, 286, 292, 293, 294, 295, 296, 297, 300, 301, 307, 308, 309, 310, 311, 312, 315, 316, 322, 323, 324, 325, 326, 327, 330, 331, 337, 338, 339, 340, 341, 342, 345, 346, 355, 356, 357, 358, 362, 363, 364, 365, 366, 367, 370, 371, 377, 378, 379, 380, 381, 382, 383, 384, 385, 386, 389, 390, 396, 397, 398, 399, 400, 401, 402, 403, 404, 405, 408, 409, 415, 416, 417, 418, 419, 420, 421, 422, 423, 424], "excluded_lines": [], "executed_branches": [], "missing_branches": [[86, 87], [86, 88], [138, 139], [138, 146], [357, 358], [357, 362], [379, 380], [379, 381], [398, 399], [398, 400], [417, 418], [417, 419]]}}}, "src/backend/api/routes/static.py": {"executed_lines": [], "summary": {"covered_lines": 0, "num_statements": 16, "percent_covered": 0.0, "percent_covered_display": "0.00", "missing_lines": 16, "excluded_lines": 0, "num_branches": 2, "num_partial_branches": 0, "covered_branches": 0, "missing_branches": 2}, "missing_lines": [5, 6, 8, 9, 11, 13, 16, 17, 19, 22, 23, 37, 38, 40, 41, 43], "excluded_lines": [], "executed_branches": [], "missing_branches": [[40, 41], [40, 43]], "functions": {"health_check": {"executed_lines": [], "summary": {"covered_lines": 0, "num_statements": 1, "percent_covered": 0.0, "percent_covered_display": "0.00", "missing_lines": 1, "excluded_lines": 0, "num_branches": 0, "num_partial_branches": 0, "covered_branches": 0, "missing_branches": 0}, "missing_lines": [19], "excluded_lines": [], "executed_branches": [], "missing_branches": []}, "serve_static_file": {"executed_lines": [], "summary": {"covered_lines": 0, "num_statements": 5, "percent_covered": 0.0, "percent_covered_display": "0.00", "missing_lines": 5, "excluded_lines": 0, "num_branches": 2, "num_partial_branches": 0, "covered_branches": 0, "missing_branches": 2}, "missing_lines": [37, 38, 40, 41, 43], "excluded_lines": [], "executed_branches": [], "missing_branches": [[40, 41], [40, 43]]}, "": {"executed_lines": [], "summary": {"covered_lines": 0, "num_statements": 10, "percent_covered": 0.0, "percent_covered_display": "0.00", "missing_lines": 10, "excluded_lines": 0, "num_branches": 0, "num_partial_branches": 0, "covered_branches": 0, "missing_branches": 0}, "missing_lines": [5, 6, 8, 9, 11, 13, 16, 17, 22, 23], "excluded_lines": [], "executed_branches": [], "missing_branches": []}}, "classes": {"": {"executed_lines": [], "summary": {"covered_lines": 0, "num_statements": 16, "percent_covered": 0.0, "percent_covered_display": "0.00", "missing_lines": 16, "excluded_lines": 0, "num_branches": 2, "num_partial_branches": 0, "covered_branches": 0, "missing_branches": 2}, "missing_lines": [5, 6, 8, 9, 11, 13, 16, 17, 19, 22, 23, 37, 38, 40, 41, 43], "excluded_lines": [], "executed_branches": [], "missing_branches": [[40, 41], [40, 43]]}}}, "src/backend/api/routes/system.py": {"executed_lines": [], "summary": {"covered_lines": 0, "num_statements": 238, "percent_covered": 0.0, "percent_covered_display": "0.00", "missing_lines": 238, "excluded_lines": 0, "num_branches": 58, "num_partial_branches": 0, "covered_branches": 0, "missing_branches": 58}, "missing_lines": [5, 6, 7, 9, 10, 11, 13, 14, 15, 16, 18, 20, 23, 26, 29, 32, 33, 36, 39, 42, 45, 46, 47, 48, 49, 50, 51, 52, 53, 54, 55, 58, 61, 62, 65, 68, 73, 74, 75, 78, 79, 86, 87, 90, 91, 92, 95, 96, 97, 100, 101, 102, 103, 104, 105, 106, 108, 139, 140, 141, 144, 145, 159, 160, 162, 163, 165, 167, 169, 170, 171, 179, 182, 183, 185, 191, 192, 193, 194, 195, 198, 199, 209, 210, 212, 213, 215, 217, 224, 225, 226, 229, 230, 237, 238, 240, 241, 243, 245, 251, 252, 253, 256, 257, 268, 269, 271, 272, 274, 290, 291, 292, 295, 296, 303, 304, 306, 307, 309, 310, 311, 314, 315, 322, 323, 325, 342, 343, 344, 347, 348, 358, 359, 362, 363, 364, 366, 367, 368, 370, 371, 372, 374, 375, 376, 378, 379, 380, 382, 383, 384, 386, 387, 388, 390, 391, 392, 394, 395, 396, 398, 399, 400, 402, 403, 404, 407, 424, 425, 426, 429, 430, 439, 440, 443, 444, 445, 448, 449, 451, 458, 467, 468, 469, 472, 473, 491, 492, 495, 496, 497, 500, 504, 506, 509, 513, 514, 518, 523, 524, 526, 536, 537, 538, 539, 540, 543, 544, 551, 552, 554, 555, 556, 557, 558, 559, 561, 576, 577, 578, 581, 582, 596, 597, 600, 601, 603, 605, 607, 612, 615, 616, 617, 618, 620, 631, 632, 633], "excluded_lines": [], "executed_branches": [], "missing_branches": [[159, 160], [159, 162], [163, 165], [163, 182], [167, 169], [167, 179], [209, 210], [209, 212], [237, 238], [237, 240], [268, 269], [268, 271], [303, 304], [303, 306], [362, 363], [362, 366], [366, 367], [366, 370], [370, 371], [370, 374], [374, 375], [374, 378], [378, 379], [378, 382], [382, 383], [382, 386], [386, 387], [386, 390], [390, 391], [390, 394], [394, 395], [394, 398], [398, 399], [398, 402], [402, 403], [402, 407], [443, 444], [443, 448], [448, 449], [448, 458], [491, 492], [491, 495], [496, 497], [496, 504], [513, 514], [513, 518], [551, 552], [551, 554], [596, 597], [596, 600], [600, 601], [600, 603], [605, 607], [605, 612], [615, 616], [615, 617], [617, 618], [617, 620]], "functions": {"get_system_status": {"executed_lines": [], "summary": {"covered_lines": 0, "num_statements": 19, "percent_covered": 0.0, "percent_covered_display": "0.00", "missing_lines": 19, "excluded_lines": 0, "num_branches": 0, "num_partial_branches": 0, "covered_branches": 0, "missing_branches": 0}, "missing_lines": [86, 87, 90, 91, 92, 95, 96, 97, 100, 101, 102, 103, 104, 105, 106, 108, 139, 140, 141], "excluded_lines": [], "executed_branches": [], "missing_branches": []}, "control_homing": {"executed_lines": [], "summary": {"covered_lines": 0, "num_statements": 18, "percent_covered": 0.0, "percent_covered_display": "0.00", "missing_lines": 18, "excluded_lines": 0, "num_branches": 6, "num_partial_branches": 0, "covered_branches": 0, "missing_branches": 6}, "missing_lines": [159, 160, 162, 163, 165, 167, 169, 170, 171, 179, 182, 183, 185, 191, 192, 193, 194, 195], "excluded_lines": [], "executed_branches": [], "missing_branches": [[159, 160], [159, 162], [163, 165], [163, 182], [167, 169], [167, 179]]}, "emergency_stop": {"executed_lines": [], "summary": {"covered_lines": 0, "num_statements": 9, "percent_covered": 0.0, "percent_covered_display": "0.00", "missing_lines": 9, "excluded_lines": 0, "num_branches": 2, "num_partial_branches": 0, "covered_branches": 0, "missing_branches": 2}, "missing_lines": [209, 210, 212, 213, 215, 217, 224, 225, 226], "excluded_lines": [], "executed_branches": [], "missing_branches": [[209, 210], [209, 212]]}, "reset_emergency_stop": {"executed_lines": [], "summary": {"covered_lines": 0, "num_statements": 9, "percent_covered": 0.0, "percent_covered_display": "0.00", "missing_lines": 9, "excluded_lines": 0, "num_branches": 2, "num_partial_branches": 0, "covered_branches": 0, "missing_branches": 2}, "missing_lines": [237, 238, 240, 241, 243, 245, 251, 252, 253], "excluded_lines": [], "executed_branches": [], "missing_branches": [[237, 238], [237, 240]]}, "get_safety_events": {"executed_lines": [], "summary": {"covered_lines": 0, "num_statements": 8, "percent_covered": 0.0, "percent_covered_display": "0.00", "missing_lines": 8, "excluded_lines": 0, "num_branches": 2, "num_partial_branches": 0, "covered_branches": 0, "missing_branches": 2}, "missing_lines": [268, 269, 271, 272, 274, 290, 291, 292], "excluded_lines": [], "executed_branches": [], "missing_branches": [[268, 269], [268, 271]]}, "get_safety_status": {"executed_lines": [], "summary": {"covered_lines": 0, "num_statements": 7, "percent_covered": 0.0, "percent_covered_display": "0.00", "missing_lines": 7, "excluded_lines": 0, "num_branches": 2, "num_partial_branches": 0, "covered_branches": 0, "missing_branches": 2}, "missing_lines": [303, 304, 306, 307, 309, 310, 311], "excluded_lines": [], "executed_branches": [], "missing_branches": [[303, 304], [303, 306]]}, "get_homing_parameters": {"executed_lines": [], "summary": {"covered_lines": 0, "num_statements": 6, "percent_covered": 0.0, "percent_covered_display": "0.00", "missing_lines": 6, "excluded_lines": 0, "num_branches": 0, "num_partial_branches": 0, "covered_branches": 0, "missing_branches": 0}, "missing_lines": [322, 323, 325, 342, 343, 344], "excluded_lines": [], "executed_branches": [], "missing_branches": []}, "update_homing_parameters": {"executed_lines": [], "summary": {"covered_lines": 0, "num_statements": 39, "percent_covered": 0.0, "percent_covered_display": "0.00", "missing_lines": 39, "excluded_lines": 0, "num_branches": 22, "num_partial_branches": 0, "covered_branches": 0, "missing_branches": 22}, "missing_lines": [358, 359, 362, 363, 364, 366, 367, 368, 370, 371, 372, 374, 375, 376, 378, 379, 380, 382, 383, 384, 386, 387, 388, 390, 391, 392, 394, 395, 396, 398, 399, 400, 402, 403, 404, 407, 424, 425, 426], "excluded_lines": [], "executed_branches": [], "missing_branches": [[362, 363], [362, 366], [366, 367], [366, 370], [370, 371], [370, 374], [374, 375], [374, 378], [378, 379], [378, 382], [382, 383], [382, 386], [386, 387], [386, 390], [390, 391], [390, 394], [394, 395], [394, 398], [398, 399], [398, 402], [402, 403], [402, 407]]}, "toggle_debug_mode": {"executed_lines": [], "summary": {"covered_lines": 0, "num_statements": 12, "percent_covered": 0.0, "percent_covered_display": "0.00", "missing_lines": 12, "excluded_lines": 0, "num_branches": 4, "num_partial_branches": 0, "covered_branches": 0, "missing_branches": 4}, "missing_lines": [439, 440, 443, 444, 445, 448, 449, 451, 458, 467, 468, 469], "excluded_lines": [], "executed_branches": [], "missing_branches": [[443, 444], [443, 448], [448, 449], [448, 458]]}, "override_state": {"executed_lines": [], "summary": {"covered_lines": 0, "num_statements": 20, "percent_covered": 0.0, "percent_covered_display": "0.00", "missing_lines": 20, "excluded_lines": 0, "num_branches": 6, "num_partial_branches": 0, "covered_branches": 0, "missing_branches": 6}, "missing_lines": [491, 492, 495, 496, 497, 500, 504, 506, 509, 513, 514, 518, 523, 524, 526, 536, 537, 538, 539, 540], "excluded_lines": [], "executed_branches": [], "missing_branches": [[491, 492], [491, 495], [496, 497], [496, 504], [513, 514], [513, 518]]}, "get_current_state": {"executed_lines": [], "summary": {"covered_lines": 0, "num_statements": 12, "percent_covered": 0.0, "percent_covered_display": "0.00", "missing_lines": 12, "excluded_lines": 0, "num_branches": 2, "num_partial_branches": 0, "covered_branches": 0, "missing_branches": 2}, "missing_lines": [551, 552, 554, 555, 556, 557, 558, 559, 561, 576, 577, 578], "excluded_lines": [], "executed_branches": [], "missing_branches": [[551, 552], [551, 554]]}, "get_state_history": {"executed_lines": [], "summary": {"covered_lines": 0, "num_statements": 16, "percent_covered": 0.0, "percent_covered_display": "0.00", "missing_lines": 16, "excluded_lines": 0, "num_branches": 10, "num_partial_branches": 0, "covered_branches": 0, "missing_branches": 10}, "missing_lines": [596, 597, 600, 601, 603, 605, 607, 612, 615, 616, 617, 618, 620, 631, 632, 633], "excluded_lines": [], "executed_branches": [], "missing_branches": [[596, 597], [596, 600], [600, 601], [600, 603], [605, 607], [605, 612], [615, 616], [615, 617], [617, 618], [617, 620]]}, "": {"executed_lines": [], "summary": {"covered_lines": 0, "num_statements": 63, "percent_covered": 0.0, "percent_covered_display": "0.00", "missing_lines": 63, "excluded_lines": 0, "num_branches": 0, "num_partial_branches": 0, "covered_branches": 0, "missing_branches": 0}, "missing_lines": [5, 6, 7, 9, 10, 11, 13, 14, 15, 16, 18, 20, 23, 26, 29, 32, 33, 36, 39, 42, 45, 46, 47, 48, 49, 50, 51, 52, 53, 54, 55, 58, 61, 62, 65, 68, 73, 74, 75, 78, 79, 144, 145, 198, 199, 229, 230, 256, 257, 295, 296, 314, 315, 347, 348, 429, 430, 472, 473, 543, 544, 581, 582], "excluded_lines": [], "executed_branches": [], "missing_branches": []}}, "classes": {"HomingRequest": {"executed_lines": [], "summary": {"covered_lines": 0, "num_statements": 0, "percent_covered": 100.0, "percent_covered_display": "100.00", "missing_lines": 0, "excluded_lines": 0, "num_branches": 0, "num_partial_branches": 0, "covered_branches": 0, "missing_branches": 0}, "missing_lines": [], "excluded_lines": [], "executed_branches": [], "missing_branches": []}, "EmergencyStopRequest": {"executed_lines": [], "summary": {"covered_lines": 0, "num_statements": 0, "percent_covered": 100.0, "percent_covered_display": "100.00", "missing_lines": 0, "excluded_lines": 0, "num_branches": 0, "num_partial_branches": 0, "covered_branches": 0, "missing_branches": 0}, "missing_lines": [], "excluded_lines": [], "executed_branches": [], "missing_branches": []}, "HomingParametersUpdate": {"executed_lines": [], "summary": {"covered_lines": 0, "num_statements": 0, "percent_covered": 100.0, "percent_covered_display": "100.00", "missing_lines": 0, "excluded_lines": 0, "num_branches": 0, "num_partial_branches": 0, "covered_branches": 0, "missing_branches": 0}, "missing_lines": [], "excluded_lines": [], "executed_branches": [], "missing_branches": []}, "DebugModeRequest": {"executed_lines": [], "summary": {"covered_lines": 0, "num_statements": 0, "percent_covered": 100.0, "percent_covered_display": "100.00", "missing_lines": 0, "excluded_lines": 0, "num_branches": 0, "num_partial_branches": 0, "covered_branches": 0, "missing_branches": 0}, "missing_lines": [], "excluded_lines": [], "executed_branches": [], "missing_branches": []}, "StateOverrideRequest": {"executed_lines": [], "summary": {"covered_lines": 0, "num_statements": 0, "percent_covered": 100.0, "percent_covered_display": "100.00", "missing_lines": 0, "excluded_lines": 0, "num_branches": 0, "num_partial_branches": 0, "covered_branches": 0, "missing_branches": 0}, "missing_lines": [], "excluded_lines": [], "executed_branches": [], "missing_branches": []}, "": {"executed_lines": [], "summary": {"covered_lines": 0, "num_statements": 238, "percent_covered": 0.0, "percent_covered_display": "0.00", "missing_lines": 238, "excluded_lines": 0, "num_branches": 58, "num_partial_branches": 0, "covered_branches": 0, "missing_branches": 58}, "missing_lines": [5, 6, 7, 9, 10, 11, 13, 14, 15, 16, 18, 20, 23, 26, 29, 32, 33, 36, 39, 42, 45, 46, 47, 48, 49, 50, 51, 52, 53, 54, 55, 58, 61, 62, 65, 68, 73, 74, 75, 78, 79, 86, 87, 90, 91, 92, 95, 96, 97, 100, 101, 102, 103, 104, 105, 106, 108, 139, 140, 141, 144, 145, 159, 160, 162, 163, 165, 167, 169, 170, 171, 179, 182, 183, 185, 191, 192, 193, 194, 195, 198, 199, 209, 210, 212, 213, 215, 217, 224, 225, 226, 229, 230, 237, 238, 240, 241, 243, 245, 251, 252, 253, 256, 257, 268, 269, 271, 272, 274, 290, 291, 292, 295, 296, 303, 304, 306, 307, 309, 310, 311, 314, 315, 322, 323, 325, 342, 343, 344, 347, 348, 358, 359, 362, 363, 364, 366, 367, 368, 370, 371, 372, 374, 375, 376, 378, 379, 380, 382, 383, 384, 386, 387, 388, 390, 391, 392, 394, 395, 396, 398, 399, 400, 402, 403, 404, 407, 424, 425, 426, 429, 430, 439, 440, 443, 444, 445, 448, 449, 451, 458, 467, 468, 469, 472, 473, 491, 492, 495, 496, 497, 500, 504, 506, 509, 513, 514, 518, 523, 524, 526, 536, 537, 538, 539, 540, 543, 544, 551, 552, 554, 555, 556, 557, 558, 559, 561, 576, 577, 578, 581, 582, 596, 597, 600, 601, 603, 605, 607, 612, 615, 616, 617, 618, 620, 631, 632, 633], "excluded_lines": [], "executed_branches": [], "missing_branches": [[159, 160], [159, 162], [163, 165], [163, 182], [167, 169], [167, 179], [209, 210], [209, 212], [237, 238], [237, 240], [268, 269], [268, 271], [303, 304], [303, 306], [362, 363], [362, 366], [366, 367], [366, 370], [370, 371], [370, 374], [374, 375], [374, 378], [378, 379], [378, 382], [382, 383], [382, 386], [386, 387], [386, 390], [390, 391], [390, 394], [394, 395], [394, 398], [398, 399], [398, 402], [402, 403], [402, 407], [443, 444], [443, 448], [448, 449], [448, 458], [491, 492], [491, 495], [496, 497], [496, 504], [513, 514], [513, 518], [551, 552], [551, 554], [596, 597], [596, 600], [600, 601], [600, 603], [605, 607], [605, 612], [615, 616], [615, 617], [617, 618], [617, 620]]}}}, "src/backend/api/routes/telemetry.py": {"executed_lines": [], "summary": {"covered_lines": 0, "num_statements": 105, "percent_covered": 0.0, "percent_covered_display": "0.00", "missing_lines": 105, "excluded_lines": 0, "num_branches": 16, "num_partial_branches": 0, "covered_branches": 0, "missing_branches": 16}, "missing_lines": [3, 4, 6, 7, 9, 10, 12, 14, 17, 20, 21, 24, 29, 32, 33, 34, 35, 36, 39, 42, 43, 44, 45, 46, 51, 54, 57, 58, 60, 65, 72, 75, 76, 84, 85, 86, 88, 95, 96, 97, 100, 101, 110, 112, 113, 114, 115, 116, 117, 118, 121, 124, 126, 127, 128, 129, 130, 133, 134, 142, 143, 144, 149, 150, 151, 152, 154, 167, 168, 169, 172, 175, 178, 179, 187, 188, 189, 192, 195, 197, 198, 200, 202, 203, 204, 205, 206, 209, 212, 213, 218, 219, 228, 229, 230, 233, 236, 238, 239, 241, 243, 244, 245, 246, 247], "excluded_lines": [], "executed_branches": [], "missing_branches": [[57, 58], [57, 72], [113, 114], [113, 115], [115, 116], [115, 117], [117, 118], [117, 121], [188, 189], [188, 192], [197, 198], [197, 200], [229, 230], [229, 233], [238, 239], [238, 241]], "functions": {"get_mavlink_service": {"executed_lines": [], "summary": {"covered_lines": 0, "num_statements": 5, "percent_covered": 0.0, "percent_covered_display": "0.00", "missing_lines": 5, "excluded_lines": 0, "num_branches": 2, "num_partial_branches": 0, "covered_branches": 0, "missing_branches": 2}, "missing_lines": [57, 58, 60, 65, 72], "excluded_lines": [], "executed_branches": [], "missing_branches": [[57, 58], [57, 72]]}, "get_telemetry_config": {"executed_lines": [], "summary": {"covered_lines": 0, "num_statements": 7, "percent_covered": 0.0, "percent_covered_display": "0.00", "missing_lines": 7, "excluded_lines": 0, "num_branches": 0, "num_partial_branches": 0, "covered_branches": 0, "missing_branches": 0}, "missing_lines": [84, 85, 86, 88, 95, 96, 97], "excluded_lines": [], "executed_branches": [], "missing_branches": []}, "update_telemetry_config": {"executed_lines": [], "summary": {"covered_lines": 0, "num_statements": 15, "percent_covered": 0.0, "percent_covered_display": "0.00", "missing_lines": 15, "excluded_lines": 0, "num_branches": 6, "num_partial_branches": 0, "covered_branches": 0, "missing_branches": 6}, "missing_lines": [110, 112, 113, 114, 115, 116, 117, 118, 121, 124, 126, 127, 128, 129, 130], "excluded_lines": [], "executed_branches": [], "missing_branches": [[113, 114], [113, 115], [115, 116], [115, 117], [117, 118], [117, 121]]}, "get_telemetry_status": {"executed_lines": [], "summary": {"covered_lines": 0, "num_statements": 11, "percent_covered": 0.0, "percent_covered_display": "0.00", "missing_lines": 11, "excluded_lines": 0, "num_branches": 0, "num_partial_branches": 0, "covered_branches": 0, "missing_branches": 0}, "missing_lines": [142, 143, 144, 149, 150, 151, 152, 154, 167, 168, 169], "excluded_lines": [], "executed_branches": [], "missing_branches": []}, "test_rssi_telemetry": {"executed_lines": [], "summary": {"covered_lines": 0, "num_statements": 13, "percent_covered": 0.0, "percent_covered_display": "0.00", "missing_lines": 13, "excluded_lines": 0, "num_branches": 4, "num_partial_branches": 0, "covered_branches": 0, "missing_branches": 4}, "missing_lines": [187, 188, 189, 192, 195, 197, 198, 200, 202, 203, 204, 205, 206], "excluded_lines": [], "executed_branches": [], "missing_branches": [[188, 189], [188, 192], [197, 198], [197, 200]]}, "test_status_message": {"executed_lines": [], "summary": {"covered_lines": 0, "num_statements": 13, "percent_covered": 0.0, "percent_covered_display": "0.00", "missing_lines": 13, "excluded_lines": 0, "num_branches": 4, "num_partial_branches": 0, "covered_branches": 0, "missing_branches": 4}, "missing_lines": [228, 229, 230, 233, 236, 238, 239, 241, 243, 244, 245, 246, 247], "excluded_lines": [], "executed_branches": [], "missing_branches": [[229, 230], [229, 233], [238, 239], [238, 241]]}, "": {"executed_lines": [], "summary": {"covered_lines": 0, "num_statements": 41, "percent_covered": 0.0, "percent_covered_display": "0.00", "missing_lines": 41, "excluded_lines": 0, "num_branches": 0, "num_partial_branches": 0, "covered_branches": 0, "missing_branches": 0}, "missing_lines": [3, 4, 6, 7, 9, 10, 12, 14, 17, 20, 21, 24, 29, 32, 33, 34, 35, 36, 39, 42, 43, 44, 45, 46, 51, 54, 75, 76, 100, 101, 133, 134, 172, 175, 178, 179, 209, 212, 213, 218, 219], "excluded_lines": [], "executed_branches": [], "missing_branches": []}}, "classes": {"TelemetryConfigRequest": {"executed_lines": [], "summary": {"covered_lines": 0, "num_statements": 0, "percent_covered": 100.0, "percent_covered_display": "100.00", "missing_lines": 0, "excluded_lines": 0, "num_branches": 0, "num_partial_branches": 0, "covered_branches": 0, "missing_branches": 0}, "missing_lines": [], "excluded_lines": [], "executed_branches": [], "missing_branches": []}, "TelemetryConfigResponse": {"executed_lines": [], "summary": {"covered_lines": 0, "num_statements": 0, "percent_covered": 100.0, "percent_covered_display": "100.00", "missing_lines": 0, "excluded_lines": 0, "num_branches": 0, "num_partial_branches": 0, "covered_branches": 0, "missing_branches": 0}, "missing_lines": [], "excluded_lines": [], "executed_branches": [], "missing_branches": []}, "TelemetryStatusResponse": {"executed_lines": [], "summary": {"covered_lines": 0, "num_statements": 0, "percent_covered": 100.0, "percent_covered_display": "100.00", "missing_lines": 0, "excluded_lines": 0, "num_branches": 0, "num_partial_branches": 0, "covered_branches": 0, "missing_branches": 0}, "missing_lines": [], "excluded_lines": [], "executed_branches": [], "missing_branches": []}, "TestRSSIRequest": {"executed_lines": [], "summary": {"covered_lines": 0, "num_statements": 0, "percent_covered": 100.0, "percent_covered_display": "100.00", "missing_lines": 0, "excluded_lines": 0, "num_branches": 0, "num_partial_branches": 0, "covered_branches": 0, "missing_branches": 0}, "missing_lines": [], "excluded_lines": [], "executed_branches": [], "missing_branches": []}, "TestStatusRequest": {"executed_lines": [], "summary": {"covered_lines": 0, "num_statements": 0, "percent_covered": 100.0, "percent_covered_display": "100.00", "missing_lines": 0, "excluded_lines": 0, "num_branches": 0, "num_partial_branches": 0, "covered_branches": 0, "missing_branches": 0}, "missing_lines": [], "excluded_lines": [], "executed_branches": [], "missing_branches": []}, "": {"executed_lines": [], "summary": {"covered_lines": 0, "num_statements": 105, "percent_covered": 0.0, "percent_covered_display": "0.00", "missing_lines": 105, "excluded_lines": 0, "num_branches": 16, "num_partial_branches": 0, "covered_branches": 0, "missing_branches": 16}, "missing_lines": [3, 4, 6, 7, 9, 10, 12, 14, 17, 20, 21, 24, 29, 32, 33, 34, 35, 36, 39, 42, 43, 44, 45, 46, 51, 54, 57, 58, 60, 65, 72, 75, 76, 84, 85, 86, 88, 95, 96, 97, 100, 101, 110, 112, 113, 114, 115, 116, 117, 118, 121, 124, 126, 127, 128, 129, 130, 133, 134, 142, 143, 144, 149, 150, 151, 152, 154, 167, 168, 169, 172, 175, 178, 179, 187, 188, 189, 192, 195, 197, 198, 200, 202, 203, 204, 205, 206, 209, 212, 213, 218, 219, 228, 229, 230, 233, 236, 238, 239, 241, 243, 244, 245, 246, 247], "excluded_lines": [], "executed_branches": [], "missing_branches": [[57, 58], [57, 72], [113, 114], [113, 115], [115, 116], [115, 117], [117, 118], [117, 121], [188, 189], [188, 192], [197, 198], [197, 200], [229, 230], [229, 233], [238, 239], [238, 241]]}}}, "src/backend/api/routes/testing.py": {"executed_lines": [], "summary": {"covered_lines": 0, "num_statements": 125, "percent_covered": 0.0, "percent_covered_display": "0.00", "missing_lines": 125, "excluded_lines": 0, "num_branches": 16, "num_partial_branches": 0, "covered_branches": 0, "missing_branches": 16}, "missing_lines": [6, 7, 8, 10, 11, 13, 15, 16, 17, 19, 22, 25, 28, 31, 32, 33, 34, 37, 40, 41, 42, 43, 46, 48, 49, 50, 53, 54, 66, 68, 69, 70, 71, 72, 73, 76, 79, 80, 81, 94, 96, 97, 100, 101, 110, 111, 113, 114, 116, 118, 119, 120, 121, 124, 125, 131, 132, 133, 135, 136, 139, 140, 155, 157, 158, 159, 160, 166, 167, 175, 177, 184, 185, 186, 187, 190, 191, 206, 207, 208, 209, 211, 224, 225, 226, 227, 230, 231, 246, 247, 248, 249, 252, 253, 255, 275, 276, 277, 278, 281, 282, 300, 301, 302, 303, 305, 307, 308, 309, 310, 313, 314, 323, 324, 325, 327, 333, 334, 337, 338, 354, 355, 357, 372, 373], "excluded_lines": [], "executed_branches": [], "missing_branches": [[48, 49], [48, 50], [69, 70], [69, 76], [80, 81], [80, 94], [113, 114], [113, 116], [158, 159], [158, 166], [208, 209], [208, 211], [248, 249], [248, 252], [302, 303], [302, 305]], "functions": {"get_field_test_service": {"executed_lines": [], "summary": {"covered_lines": 0, "num
[...]
}, "missing_lines": [613, 614, 615], "excluded_lines": [], "executed_branches": [], "missing_branches": [[614, -606], [614, 615]]}, "SafetyInterlockSystem.get_safety_status": {"executed_lines": [], "summary": {"covered_lines": 0, "num_statements": 1, "percent_covered": 0.0, "percent_covered_display": "0.00", "missing_lines": 1, "excluded_lines": 0, "num_branches": 0, "num_partial_branches": 0, "covered_branches": 0, "missing_branches": 0}, "missing_lines": [623], "excluded_lines": [], "executed_branches": [], "missing_branches": []}, "SafetyInterlockSystem.get_safety_events": {"executed_lines": [], "summary": {"covered_lines": 0, "num_statements": 4, "percent_covered": 0.0, "percent_covered_display": "0.00", "missing_lines": 4, "excluded_lines": 0, "num_branches": 2, "num_partial_branches": 0, "covered_branches": 0, "missing_branches": 2}, "missing_lines": [641, 643, 644, 646], "excluded_lines": [], "executed_branches": [], "missing_branches": [[643, 644], [643, 646]]}, "SafetyInterlockSystem._log_safety_event": {"executed_lines": [], "summary": {"covered_lines": 0, "num_statements": 5, "percent_covered": 0.0, "percent_covered_display": "0.00", "missing_lines": 5, "excluded_lines": 0, "num_branches": 2, "num_partial_branches": 0, "covered_branches": 0, "missing_branches": 2}, "missing_lines": [658, 660, 663, 664, 666], "excluded_lines": [], "executed_branches": [], "missing_branches": [[663, 664], [663, 666]]}, "SafetyInterlockSystem._get_trigger_for_check": {"executed_lines": [], "summary": {"covered_lines": 0, "num_statements": 2, "percent_covered": 0.0, "percent_covered_display": "0.00", "missing_lines": 2, "excluded_lines": 0, "num_branches": 0, "num_partial_branches": 0, "covered_branches": 0, "missing_branches": 0}, "missing_lines": [677, 684], "excluded_lines": [], "executed_branches": [], "missing_branches": []}, "": {"executed_lines": [1, 7, 8, 9, 10, 11, 12, 13, 14, 15, 17, 20, 21, 23, 24, 25, 26, 27, 28, 31, 32, 34, 35, 36, 37, 38, 39, 40, 41, 44, 45, 46, 48, 49, 50, 51, 52, 53, 56, 57, 59, 70, 71, 79, 93, 94, 96, 102, 118, 128, 129, 131, 137, 153, 159, 170, 171, 173, 188, 224, 238, 239, 241, 253, 278, 287, 288, 290, 300, 350, 376, 390, 401, 402, 404, 423, 429, 437, 449, 477, 489, 509, 521, 560, 576, 586, 596, 606, 617, 629, 648, 668], "summary": {"covered_lines": 79, "num_statements": 79, "percent_covered": 100.0, "percent_covered_display": "100.00", "missing_lines": 0, "excluded_lines": 2, "num_branches": 0, "num_partial_branches": 0, "covered_branches": 0, "missing_branches": 0}, "missing_lines": [], "excluded_lines": [70, 71], "executed_branches": [], "missing_branches": []}}, "classes": {"SafetyEventType": {"executed_lines": [], "summary": {"covered_lines": 0, "num_statements": 0, "percent_covered": 100.0, "percent_covered_display": "100.00", "missing_lines": 0, "excluded_lines": 0, "num_branches": 0, "num_partial_branches": 0, "covered_branches": 0, "missing_branches": 0}, "missing_lines": [], "excluded_lines": [], "executed_branches": [], "missing_branches": []}, "SafetyTrigger": {"executed_lines": [], "summary": {"covered_lines": 0, "num_statements": 0, "percent_covered": 100.0, "percent_covered_display": "100.00", "missing_lines": 0, "excluded_lines": 0, "num_branches": 0, "num_partial_branches": 0, "covered_branches": 0, "missing_branches": 0}, "missing_lines": [], "excluded_lines": [], "executed_branches": [], "missing_branches": []}, "SafetyEvent": {"executed_lines": [], "summary": {"covered_lines": 0, "num_statements": 0, "percent_covered": 100.0, "percent_covered_display": "100.00", "missing_lines": 0, "excluded_lines": 0, "num_branches": 0, "num_partial_branches": 0, "covered_branches": 0, "missing_branches": 0}, "missing_lines": [], "excluded_lines": [], "executed_branches": [], "missing_branches": []}, "SafetyCheck": {"executed_lines": [], "summary": {"covered_lines": 0, "num_statements": 5, "percent_covered": 0.0, "percent_covered_display": "0.00", "missing_lines": 5, "excluded_lines": 6, "num_branches": 0, "num_partial_branches": 0, "covered_branches": 0, "missing_branches": 0}, "missing_lines": [65, 66, 67, 68, 85], "excluded_lines": [72, 73, 74, 75, 76, 77], "executed_branches": [], "missing_branches": []}, "ModeCheck": {"executed_lines": [], "summary": {"covered_lines": 0, "num_statements": 11, "percent_covered": 0.0, "percent_covered_display": "0.00", "missing_lines": 11, "excluded_lines": 0, "num_branches": 2, "num_partial_branches": 0, "covered_branches": 0, "missing_branches": 2}, "missing_lines": [98, 99, 100, 108, 109, 111, 112, 114, 116, 124, 125], "excluded_lines": [], "executed_branches": [], "missing_branches": [[111, 112], [111, 114]]}, "OperatorActivationCheck": {"executed_lines": [], "summary": {"covered_lines": 0, "num_statements": 15, "percent_covered": 0.0, "percent_covered_display": "0.00", "missing_lines": 15, "excluded_lines": 0, "num_branches": 2, "num_partial_branches": 0, "covered_branches": 0, "missing_branches": 2}, "missing_lines": [133, 134, 135, 143, 144, 146, 147, 149, 151, 155, 156, 157, 165, 166, 167], "excluded_lines": [], "executed_branches": [], "missing_branches": [[146, 147], [146, 149]]}, "SignalLossCheck": {"executed_lines": [], "summary": {"covered_lines": 0, "num_statements": 27, "percent_covered": 0.0, "percent_covered_display": "0.00", "missing_lines": 27, "excluded_lines": 0, "num_branches": 8, "num_partial_branches": 0, "covered_branches": 0, "missing_branches": 8}, "missing_lines": [180, 181, 182, 183, 184, 185, 186, 194, 197, 198, 201, 202, 203, 205, 207, 208, 209, 213, 214, 218, 219, 220, 222, 230, 231, 234, 235], "excluded_lines": [], "executed_branches": [], "missing_branches": [[201, 202], [201, 218], [202, 203], [202, 205], [207, 208], [207, 213], [234, -224], [234, 235]]}, "BatteryCheck": {"executed_lines": [], "summary": {"covered_lines": 0, "num_statements": 17, "percent_covered": 0.0, "percent_covered_display": "0.00", "missing_lines": 17, "excluded_lines": 0, "num_branches": 6, "num_partial_branches": 0, "covered_branches": 0, "missing_branches": 6}, "missing_lines": [247, 248, 249, 250, 251, 259, 260, 262, 263, 265, 268, 269, 272, 273, 274, 276, 284], "excluded_lines": [], "executed_branches": [], "missing_branches": [[262, 263], [262, 265], [268, 269], [268, 276], [269, 268], [269, 272]]}, "GeofenceCheck": {"executed_lines": [], "summary": {"covered_lines": 0, "num_statements": 43, "percent_covered": 0.0, "percent_covered_display": "0.00", "missing_lines": 43, "excluded_lines": 0, "num_branches": 6, "num_partial_branches": 0, "covered_branches": 0, "missing_branches": 6}, "missing_lines": [292, 293, 294, 295, 296, 297, 298, 306, 308, 309, 310, 311, 313, 323, 324, 325, 329, 330, 331, 332, 333, 335, 339, 341, 342, 346, 348, 362, 364, 366, 367, 368, 369, 371, 372, 374, 384, 385, 386, 387, 388, 397, 398], "excluded_lines": [], "executed_branches": [], "missing_branches": [[308, 309], [308, 313], [313, 323], [313, 329], [341, 342], [341, 346]]}, "SafetyInterlockSystem": {"executed_lines": [], "summary": {"covered_lines": 0, "num_statements": 96, "percent_covered": 0.0, "percent_covered_display": "0.00", "missing_lines": 96, "excluded_lines": 0, "num_branches": 42, "num_partial_branches": 0, "covered_branches": 0, "missing_branches": 42}, "missing_lines": [406, 414, 415, 416, 418, 419, 421, 425, 426, 427, 431, 432, 433, 434, 435, 439, 440, 441, 442, 443, 444, 445, 446, 447, 455, 456, 458, 459, 460, 461, 462, 465, 466, 471, 472, 473, 475, 483, 484, 486, 487, 495, 498, 499, 500, 501, 503, 507, 511, 513, 519, 530, 531, 532, 535, 536, 537, 538, 539, 540, 541, 545, 546, 547, 548, 550, 556, 558, 566, 567, 568, 570, 582, 583, 584, 592, 593, 594, 602, 603, 604, 613, 614, 615, 623, 641, 643, 644, 646, 658, 660, 663, 664, 666, 677, 684], "excluded_lines": [], "executed_branches": [], "missing_branches": [[425, -423], [425, 426], [431, -429], [431, 432], [455, 456], [455, 458], [459, 460], [459, 475], [465, 459], [465, 466], [483, 484], [483, 486], [498, 499], [498, 503], [500, 501], [500, 503], [530, 531], [530, 535], [536, 537], [536, 545], [537, 536], [537, 538], [539, 536], [539, 540], [545, 546], [545, 558], [547, 548], [547, 558], [567, -560], [567, 568], [583, -576], [583, 584], [593, -586], [593, 594], [603, -596], [603, 604], [614, -606], [614, 615], [643, 644], [643, 646], [663, 664], [663, 666]]}, "": {"executed_lines": [1, 7, 8, 9, 10, 11, 12, 13, 14, 15, 17, 20, 21, 23, 24, 25, 26, 27, 28, 31, 32, 34, 35, 36, 37, 38, 39, 40, 41, 44, 45, 46, 48, 49, 50, 51, 52, 53, 56, 57, 59, 70, 71, 79, 93, 94, 96, 102, 118, 128, 129, 131, 137, 153, 159, 170, 171, 173, 188, 224, 238, 239, 241, 253, 278, 287, 288, 290, 300, 350, 376, 390, 401, 402, 404, 423, 429, 437, 449, 477, 489, 509, 521, 560, 576, 586, 596, 606, 617, 629, 648, 668], "summary": {"covered_lines": 79, "num_statements": 79, "percent_covered": 100.0, "percent_covered_display": "100.00", "missing_lines": 0, "excluded_lines": 2, "num_branches": 0, "num_partial_branches": 0, "covered_branches": 0, "missing_branches": 0}, "missing_lines": [], "excluded_lines": [70, 71], "executed_branches": [], "missing_branches": []}}}, "src/backend/utils/test_logger.py": {"executed_lines": [], "summary": {"covered_lines": 0, "num_statements": 146, "percent_covered": 0.0, "percent_covered_display": "0.00", "missing_lines": 146, "excluded_lines": 0, "num_branches": 26, "num_partial_branches": 0, "covered_branches": 0, "missing_branches": 26}, "missing_lines": [7, 8, 9, 10, 11, 12, 13, 14, 15, 18, 21, 22, 23, 24, 25, 26, 27, 28, 31, 34, 35, 36, 37, 38, 41, 42, 45, 46, 47, 48, 49, 50, 51, 52, 55, 56, 59, 60, 61, 62, 63, 64, 65, 66, 67, 68, 69, 71, 77, 78, 80, 81, 82, 83, 84, 85, 86, 87, 89, 95, 110, 113, 119, 120, 121, 123, 125, 126, 145, 163, 164, 165, 167, 173, 175, 176, 201, 202, 223, 232, 233, 234, 237, 238, 240, 241, 244, 248, 250, 255, 267, 268, 269, 271, 272, 282, 291, 293, 302, 303, 305, 306, 307, 308, 309, 312, 327, 330, 342, 344, 349, 356, 357, 358, 359, 360, 361, 363, 370, 372, 373, 374, 375, 377, 378, 389, 390, 391, 402, 411, 413, 414, 417, 421, 423, 425, 426, 432, 437, 441, 450, 457, 458, 459, 465, 467], "excluded_lines": [], "executed_branches": [], "missing_branches": [[80, 81], [80, 82], [82, 83], [82, 84], [84, 85], [84, 86], [86, -71], [86, 87], [201, -167], [201, 202], [240, 241], [240, 244], [271, 272], [271, 282], [307, 308], [307, 312], [357, -349], [357, 358], [373, -363], [373, 374], [390, -363], [390, 391], [423, 425], [423, 437], [457, 458], [457, 467]], "functions": {"TestRun.add_result": {"executed_lines": [], "summary": {"covered_lines": 0, "num_statements": 10, "percent_covered": 0.0, "percent_covered_display": "0.00", "missing_lines": 10, "excluded_lines": 0, "num_branches": 8, "num_partial_branches": 0, "covered_branches": 0, "missing_branches": 8}, "missing_lines": [77, 78, 80, 81, 82, 83, 84, 85, 86, 87], "excluded_lines": [], "executed_branches": [], "missing_branches": [[80, 81], [80, 82], [82, 83], [82, 84], [84, 85], [84, 86], [86, -71], [86, 87]]}, "TestRun.get_summary": {"executed_lines": [], "summary": {"covered_lines": 0, "num_statements": 1, "percent_covered": 0.0, "percent_covered_display": "0.00", "missing_lines": 1, "excluded_lines": 0, "num_branches": 0, "num_partial_branches": 0, "covered_branches": 0, "missing_branches": 0}, "missing_lines": [95], "excluded_lines": [], "executed_branches": [], "missing_branches": []}, "TestLogger.__init__": {"executed_lines": [], "summary": {"covered_lines": 0, "num_statements": 3, "percent_covered": 0.0, "percent_covered_display": "0.00", "missing_lines": 3, "excluded_lines": 0, "num_branches": 0, "num_partial_branches": 0, "covered_branches": 0, "missing_branches": 0}, "missing_lines": [119, 120, 121], "excluded_lines": [], "executed_branches": [], "missing_branches": []}, "TestLogger._init_database": {"executed_lines": [], "summary": {"covered_lines": 0, "num_statements": 6, "percent_covered": 0.0, "percent_covered_display": "0.00", "missing_lines": 6, "excluded_lines": 0, "num_branches": 0, "num_partial_branches": 0, "covered_branches": 0, "missing_branches": 0}, "missing_lines": [125, 126, 145, 163, 164, 165], "excluded_lines": [], "executed_branches": [], "missing_branches": []}, "TestLogger.log_test_run": {"executed_lines": [], "summary": {"covered_lines": 0, "num_statements": 5, "percent_covered": 0.0, "percent_covered_display": "0.00", "missing_lines": 5, "excluded_lines": 0, "num_branches": 2, "num_partial_branches": 0, "covered_branches": 0, "missing_branches": 2}, "missing_lines": [173, 175, 176, 201, 202], "excluded_lines": [], "executed_branches": [], "missing_branches": [[201, -167], [201, 202]]}, "TestLogger.get_test_run": {"executed_lines": [], "summary": {"covered_lines": 0, "num_statements": 10, "percent_covered": 0.0, "percent_covered_display": "0.00", "missing_lines": 10, "excluded_lines": 0, "num_branches": 2, "num_partial_branches": 0, "covered_branches": 0, "missing_branches": 2}, "missing_lines": [232, 233, 234, 237, 238, 240, 241, 244, 248, 250], "excluded_lines": [], "executed_branches": [], "missing_branches": [[240, 241], [240, 244]]}, "TestLogger.get_recent_runs": {"executed_lines": [], "summary": {"covered_lines": 0, "num_statements": 7, "percent_covered": 0.0, "percent_covered_display": "0.00", "missing_lines": 7, "excluded_lines": 0, "num_branches": 2, "num_partial_branches": 0, "covered_branches": 0, "missing_branches": 2}, "missing_lines": [267, 268, 269, 271, 272, 282, 291], "excluded_lines": [], "executed_branches": [], "missing_branches": [[271, 272], [271, 282]]}, "TestLogger.get_statistics": {"executed_lines": [], "summary": {"covered_lines": 0, "num_statements": 12, "percent_covered": 0.0, "percent_covered_display": "0.00", "missing_lines": 12, "excluded_lines": 0, "num_branches": 2, "num_partial_branches": 0, "covered_branches": 0, "missing_branches": 2}, "missing_lines": [302, 303, 305, 306, 307, 308, 309, 312, 327, 330, 342, 344], "excluded_lines": [], "executed_branches": [], "missing_branches": [[307, 308], [307, 312]]}, "TestLogger.export_to_json": {"executed_lines": [], "summary": {"covered_lines": 0, "num_statements": 6, "percent_covered": 0.0, "percent_covered_display": "0.00", "missing_lines": 6, "excluded_lines": 0, "num_branches": 2, "num_partial_branches": 0, "covered_branches": 0, "missing_branches": 2}, "missing_lines": [356, 357, 358, 359, 360, 361], "excluded_lines": [], "executed_branches": [], "missing_branches": [[357, -349], [357, 358]]}, "TestLogger.export_to_csv": {"executed_lines": [], "summary": {"covered_lines": 0, "num_statements": 10, "percent_covered": 0.0, "percent_covered_display": "0.00", "missing_lines": 10, "excluded_lines": 0, "num_branches": 4, "num_partial_branches": 0, "covered_branches": 0, "missing_branches": 4}, "missing_lines": [370, 372, 373, 374, 375, 377, 378, 389, 390, 391], "excluded_lines": [], "executed_branches": [], "missing_branches": [[373, -363], [373, 374], [390, -363], [390, 391]]}, "TestLogger.apply_retention_policy": {"executed_lines": [], "summary": {"covered_lines": 0, "num_statements": 10, "percent_covered": 0.0, "percent_covered_display": "0.00", "missing_lines": 10, "excluded_lines": 0, "num_branches": 2, "num_partial_branches": 0, "covered_branches": 0, "missing_branches": 2}, "missing_lines": [411, 413, 414, 417, 421, 423, 425, 426, 432, 437], "excluded_lines": [], "executed_branches": [], "missing_branches": [[423, 425], [423, 437]]}, "create_test_run_from_pytest": {"executed_lines": [], "summary": {"covered_lines": 0, "num_statements": 6, "percent_covered": 0.0, "percent_covered_display": "0.00", "missing_lines": 6, "excluded_lines": 0, "num_branches": 2, "num_partial_branches": 0, "covered_branches": 0, "missing_branches": 2}, "missing_lines": [450, 457, 458, 459, 465, 467], "excluded_lines": [], "executed_branches": [], "missing_branches": [[457, 458], [457, 467]]}, "": {"executed_lines": [], "summary": {"covered_lines": 0, "num_statements": 60, "percent_covered": 0.0, "percent_covered_display": "0.00", "missing_lines": 60, "excluded_lines": 0, "num_branches": 0, "num_partial_branches": 0, "covered_branches": 0, "missing_branches": 0}, "missing_lines": [7, 8, 9, 10, 11, 12, 13, 14, 15, 18, 21, 22, 23, 24, 25, 26, 27, 28, 31, 34, 35, 36, 37, 38, 41, 42, 45, 46, 47, 48, 49, 50, 51, 52, 55, 56, 59, 60, 61, 62, 63, 64, 65, 66, 67, 68, 69, 71, 89, 110, 113, 123, 167, 223, 255, 293, 349, 363, 402, 441], "excluded_lines": [], "executed_branches": [], "missing_branches": []}}, "classes": {"TestType": {"executed_lines": [], "summary": {"covered_lines": 0, "num_statements": 0, "percent_covered": 100.0, "percent_covered_display": "100.00", "missing_lines": 0, "excluded_lines": 0, "num_branches": 0, "num_partial_branches": 0, "covered_branches": 0, "missing_branches": 0}, "missing_lines": [], "excluded_lines": [], "executed_branches": [], "missing_branches": []}, "TestStatus": {"executed_lines": [], "summary": {"covered_lines": 0, "num_statements": 0, "percent_covered": 100.0, "percent_covered_display": "100.00", "missing_lines": 0, "excluded_lines": 0, "num_branches": 0, "num_partial_branches": 0, "covered_branches": 0, "missing_branches": 0}, "missing_lines": [], "excluded_lines": [], "executed_branches": [], "missing_branches": []}, "TestResult": {"executed_lines": [], "summary": {"covered_lines": 0, "num_statements": 0, "percent_covered": 100.0, "percent_covered_display": "100.00", "missing_lines": 0, "excluded_lines": 0, "num_branches": 0, "num_partial_branches": 0, "covered_branches": 0, "missing_branches": 0}, "missing_lines": [], "excluded_lines": [], "executed_branches": [], "missing_branches": []}, "TestRun": {"executed_lines": [], "summary": {"covered_lines": 0, "num_statements": 11, "percent_covered": 0.0, "percent_covered_display": "0.00", "missing_lines": 11, "excluded_lines": 0, "num_branches": 8, "num_partial_branches": 0, "covered_branches": 0, "missing_branches": 8}, "missing_lines": [77, 78, 80, 81, 82, 83, 84, 85, 86, 87, 95], "excluded_lines": [], "executed_branches": [], "missing_branches": [[80, 81], [80, 82], [82, 83], [82, 84], [84, 85], [84, 86], [86, -71], [86, 87]]}, "TestLogger": {"executed_lines": [], "summary": {"covered_lines": 0, "num_statements": 69, "percent_covered": 0.0, "percent_covered_display": "0.00", "missing_lines": 69, "excluded_lines": 0, "num_branches": 16, "num_partial_branches": 0, "covered_branches": 0, "missing_branches": 16}, "missing_lines": [119, 120, 121, 125, 126, 145, 163, 164, 165, 173, 175, 176, 201, 202, 232, 233, 234, 237, 238, 240, 241, 244, 248, 250, 267, 268, 269, 271, 272, 282, 291, 302, 303, 305, 306, 307, 308, 309, 312, 327, 330, 342, 344, 356, 357, 358, 359, 360, 361, 370, 372, 373, 374, 375, 377, 378, 389, 390, 391, 411, 413, 414, 417, 421, 423, 425, 426, 432, 437], "excluded_lines": [], "executed_branches": [], "missing_branches": [[201, -167], [201, 202], [240, 241], [240, 244], [271, 272], [271, 282], [307, 308], [307, 312], [357, -349], [357, 358], [373, -363], [373, 374], [390, -363], [390, 391], [423, 425], [423, 437]]}, "": {"executed_lines": [], "summary": {"covered_lines": 0, "num_statements": 66, "percent_covered": 0.0, "percent_covered_display": "0.00", "missing_lines": 66, "excluded_lines": 0, "num_branches": 2, "num_partial_branches": 0, "covered_branches": 0, "missing_branches": 2}, "missing_lines": [7, 8, 9, 10, 11, 12, 13, 14, 15, 18, 21, 22, 23, 24, 25, 26, 27, 28, 31, 34, 35, 36, 37, 38, 41, 42, 45, 46, 47, 48, 49, 50, 51, 52, 55, 56, 59, 60, 61, 62, 63, 64, 65, 66, 67, 68, 69, 71, 89, 110, 113, 123, 167, 223, 255, 293, 349, 363, 402, 441, 450, 457, 458, 459, 465, 467], "excluded_lines": [], "executed_branches": [], "missing_branches": [[457, 458], [457, 467]]}}}}, "totals": {"covered_lines": 1177, "num_statements": 6868, "percent_covered": 15.948275862068966, "percent_covered_display": "15.95", "missing_lines": 5691, "excluded_lines": 12, "num_branches": 1716, "num_partial_branches": 70, "covered_branches": 192, "missing_branches": 1524}}