{"meta": {"format": 3, "version": "7.10.3", "timestamp": "2025-08-17T20:06:46.878662", "branch_coverage": true, "show_contexts": false}, "files": {"src/backend/api/routes/analytics.py": {"executed_lines": [1, 3, 4, 5, 6, 7, 8, 9, 11, 12, 14, 17, 21, 22, 24, 26, 29, 30, 33, 34, 36, 37, 38, 39, 40, 41, 44, 45, 47, 48, 49, 52, 53, 55, 56, 57, 58, 59, 60, 61, 62, 63, 66, 67, 81, 83, 84, 85, 87, 88, 115, 117, 122, 123, 133, 135, 136, 137, 138, 139, 141, 142, 166, 171, 172, 183, 185, 186, 208, 213, 214, 224, 225, 226, 227, 290, 295, 296, 309, 312, 329, 330, 336, 337, 344, 346, 347, 348, 350, 362, 363, 366, 370, 381, 409], "summary": {"covered_lines": 91, "num_statements": 221, "percent_covered": 33.56401384083045, "percent_covered_display": "33.56", "missing_lines": 130, "excluded_lines": 0, "num_branches": 68, "num_partial_branches": 6, "covered_branches": 6, "missing_branches": 62}, "missing_lines": [91, 92, 93, 94, 97, 98, 99, 100, 103, 110, 111, 113, 116, 118, 119, 144, 151, 152, 155, 156, 158, 167, 168, 189, 190, 191, 192, 193, 194, 195, 196, 199, 200, 201, 202, 203, 204, 206, 209, 210, 230, 232, 233, 234, 235, 236, 237, 238, 242, 243, 244, 245, 246, 247, 251, 253, 254, 257, 258, 259, 262, 263, 266, 267, 268, 269, 272, 273, 274, 275, 276, 277, 278, 280, 281, 282, 284, 291, 292, 314, 320, 321, 322, 325, 327, 331, 332, 333, 351, 352, 353, 354, 355, 356, 357, 358, 359, 376, 377, 378, 387, 388, 390, 391, 392, 393, 394, 396, 397, 398, 399, 400, 401, 402, 403, 404, 406, 411, 420, 421, 422, 423, 424, 425, 426, 427, 428, 432, 433, 435], "excluded_lines": [], "executed_branches": [[87, 88], [135, 136], [141, 142], [185, 186], [226, 227], [350, 362]], "missing_branches": [[87, 91], [98, 99], [98, 103], [110, 111], [110, 113], [135, 155], [141, 144], [151, 152], [151, 155], [185, 189], [189, 190], [189, 191], [191, 192], [191, 193], [193, 194], [193, 195], [195, 196], [195, 199], [199, 200], [199, 206], [226, 230], [232, 233], [232, 242], [234, 235], [234, 242], [242, 243], [242, 251], [244, 245], [244, 251], [251, 253], [251, 262], [262, 263], [262, 266], [266, 267], [266, 272], [272, 273], [272, 280], [320, 321], [320, 325], [350, 351], [351, 352], [351, 362], [352, 351], [352, 353], [387, 388], [387, 390], [391, 392], [391, 406], [393, 394], [393, 396], [398, 399], [398, 400], [400, 401], [400, 402], [422, 423], [422, 433], [423, 424], [423, 425], [425, 426], [425, 427], [427, 428], [427, 432]], "functions": {"get_performance_metrics": {"executed_lines": [81, 83, 84, 85, 87, 88, 115, 117], "summary": {"covered_lines": 8, "num_statements": 23, "percent_covered": 31.03448275862069, "percent_covered_display": "31.03", "missing_lines": 15, "excluded_lines": 0, "num_branches": 6, "num_partial_branches": 1, "covered_branches": 1, "missing_branches": 5}, "missing_lines": [91, 92, 93, 94, 97, 98, 99, 100, 103, 110, 111, 113, 116, 118, 119], "excluded_lines": [], "executed_branches": [[87, 88]], "missing_branches": [[87, 91], [98, 99], [98, 103], [110, 111], [110, 113]]}, "get_replay_data": {"executed_lines": [133, 135, 136, 137, 138, 139, 141, 142, 166], "summary": {"covered_lines": 9, "num_statements": 17, "percent_covered": 47.82608695652174, "percent_covered_display": "47.83", "missing_lines": 8, "excluded_lines": 0, "num_branches": 6, "num_partial_branches": 2, "covered_branches": 2, "missing_branches": 4}, "missing_lines": [144, 151, 152, 155, 156, 158, 167, 168], "excluded_lines": [], "executed_branches": [[135, 136], [141, 142]], "missing_branches": [[135, 155], [141, 144], [151, 152], [151, 155]]}, "control_replay": {"executed_lines": [183, 185, 186, 208], "summary": {"covered_lines": 4, "num_statements": 21, "percent_covered": 15.151515151515152, "percent_covered_display": "15.15", "missing_lines": 17, "excluded_lines": 0, "num_branches": 12, "num_partial_branches": 1, "covered_branches": 1, "missing_branches": 11}, "missing_lines": [189, 190, 191, 192, 193, 194, 195, 196, 199, 200, 201, 202, 203, 204, 206, 209, 210], "excluded_lines": [], "executed_branches": [[185, 186]], "missing_branches": [[185, 189], [189, 190], [189, 191], [191, 192], [191, 193], [193, 194], [193, 195], [195, 196], [195, 199], [199, 200], [199, 206]]}, "export_data": {"executed_lines": [224, 225, 226, 227, 290], "summary": {"covered_lines": 5, "num_statements": 44, "percent_covered": 9.67741935483871, "percent_covered_display": "9.68", "missing_lines": 39, "excluded_lines": 0, "num_branches": 18, "num_partial_branches": 1, "covered_branches": 1, "missing_branches": 17}, "missing_lines": [230, 232, 233, 234, 235, 236, 237, 238, 242, 243, 244, 245, 246, 247, 251, 253, 254, 257, 258, 259, 262, 263, 266, 267, 268, 269, 272, 273, 274, 275, 276, 277, 278, 280, 281, 282, 284, 291, 292], "excluded_lines": [], "executed_branches": [[226, 227]], "missing_branches": [[226, 230], [232, 233], [232, 242], [234, 235], [234, 242], [242, 243], [242, 251], [244, 245], [244, 251], [251, 253], [251, 262], [262, 263], [262, 266], [266, 267], [266, 272], [272, 273], [272, 280]]}, "get_mission_report": {"executed_lines": [309, 312, 329, 330], "summary": {"covered_lines": 4, "num_statements": 13, "percent_covered": 26.666666666666668, "percent_covered_display": "26.67", "missing_lines": 9, "excluded_lines": 0, "num_branches": 2, "num_partial_branches": 0, "covered_branches": 0, "missing_branches": 2}, "missing_lines": [314, 320, 321, 322, 325, 327, 331, 332, 333], "excluded_lines": [], "executed_branches": [], "missing_branches": [[320, 321], [320, 325]]}, "get_system_recommendations": {"executed_lines": [344, 346, 347, 348, 350, 362, 363, 366, 370], "summary": {"covered_lines": 9, "num_statements": 21, "percent_covered": 37.03703703703704, "percent_covered_display": "37.04", "missing_lines": 12, "excluded_lines": 0, "num_branches": 6, "num_partial_branches": 1, "covered_branches": 1, "missing_branches": 5}, "missing_lines": [351, 352, 353, 354, 355, 356, 357, 358, 359, 376, 377, 378], "excluded_lines": [], "executed_branches": [[350, 362]], "missing_branches": [[350, 351], [351, 352], [351, 362], [352, 351], [352, 353]]}, "_filter_by_time_range": {"executed_lines": [], "summary": {"covered_lines": 0, "num_statements": 17, "percent_covered": 0.0, "percent_covered_display": "0.00", "missing_lines": 17, "excluded_lines": 0, "num_branches": 10, "num_partial_branches": 0, "covered_branches": 0, "missing_branches": 10}, "missing_lines": [387, 388, 390, 391, 392, 393, 394, 396, 397, 398, 399, 400, 401, 402, 403, 404, 406], "excluded_lines": [], "executed_branches": [], "missing_branches": [[387, 388], [387, 390], [391, 392], [391, 406], [393, 394], [393, 396], [398, 399], [398, 400], [400, 401], [400, 402]]}, "_sanitize_data": {"executed_lines": [], "summary": {"covered_lines": 0, "num_statements": 3, "percent_covered": 0.0, "percent_covered_display": "0.00", "missing_lines": 3, "excluded_lines": 0, "num_branches": 0, "num_partial_branches": 0, "covered_branches": 0, "missing_branches": 0}, "missing_lines": [411, 420, 435], "excluded_lines": [], "executed_branches": [], "missing_branches": []}, "_sanitize_data.sanitize_dict": {"executed_lines": [], "summary": {"covered_lines": 0, "num_statements": 10, "percent_covered": 0.0, "percent_covered_display": "0.00", "missing_lines": 10, "excluded_lines": 0, "num_branches": 8, "num_partial_branches": 0, "covered_branches": 0, "missing_branches": 8}, "missing_lines": [421, 422, 423, 424, 425, 426, 427, 428, 432, 433], "excluded_lines": [], "executed_branches": [], "missing_branches": [[422, 423], [422, 433], [423, 424], [423, 425], [425, 426], [425, 427], [427, 428], [427, 432]]}, "": {"executed_lines": [1, 3, 4, 5, 6, 7, 8, 9, 11, 12, 14, 17, 21, 22, 24, 26, 29, 30, 33, 34, 36, 37, 38, 39, 40, 41, 44, 45, 47, 48, 49, 52, 53, 55, 56, 57, 58, 59, 60, 61, 62, 63, 66, 67, 122, 123, 171, 172, 213, 214, 295, 296, 336, 337, 381, 409], "summary": {"covered_lines": 52, "num_statements": 52, "percent_covered": 100.0, "percent_covered_display": "100.00", "missing_lines": 0, "excluded_lines": 0, "num_branches": 0, "num_partial_branches": 0, "covered_branches": 0, "missing_branches": 0}, "missing_lines": [], "excluded_lines": [], "executed_branches": [], "missing_branches": []}}, "classes": {"ExportRequest": {"executed_lines": [], "summary": {"covered_lines": 0, "num_statements": 0, "percent_covered": 100.0, "percent_covered_display": "100.00", "missing_lines": 0, "excluded_lines": 0, "num_branches": 0, "num_partial_branches": 0, "covered_branches": 0, "missing_branches": 0}, "missing_lines": [], "excluded_lines": [], "executed_branches": [], "missing_branches": []}, "ReplayControlRequest": {"executed_lines": [], "summary": {"covered_lines": 0, "num_statements": 0, "percent_covered": 100.0, "percent_covered_display": "100.00", "missing_lines": 0, "excluded_lines": 0, "num_branches": 0, "num_partial_branches": 0, "covered_branches": 0, "missing_branches": 0}, "missing_lines": [], "excluded_lines": [], "executed_branches": [], "missing_branches": []}, "MetricsResponse": {"executed_lines": [], "summary": {"covered_lines": 0, "num_statements": 0, "percent_covered": 100.0, "percent_covered_display": "100.00", "missing_lines": 0, "excluded_lines": 0, "num_branches": 0, "num_partial_branches": 0, "covered_branches": 0, "missing_branches": 0}, "missing_lines": [], "excluded_lines": [], "executed_branches": [], "missing_branches": []}, "": {"executed_lines": [1, 3, 4, 5, 6, 7, 8, 9, 11, 12, 14, 17, 21, 22, 24, 26, 29, 30, 33, 34, 36, 37, 38, 39, 40, 41, 44, 45, 47, 48, 49, 52, 53, 55, 56, 57, 58, 59, 60, 61, 62, 63, 66, 67, 81, 83, 84, 85, 87, 88, 115, 117, 122, 123, 133, 135, 136, 137, 138, 139, 141, 142, 166, 171, 172, 183, 185, 186, 208, 213, 214, 224, 225, 226, 227, 290, 295, 296, 309, 312, 329, 330, 336, 337, 344, 346, 347, 348, 350, 362, 363, 366, 370, 381, 409], "summary": {"covered_lines": 91, "num_statements": 221, "percent_covered": 33.56401384083045, "percent_covered_display": "33.56", "missing_lines": 130, "excluded_lines": 0, "num_branches": 68, "num_partial_branches": 6, "covered_branches": 6, "missing_branches": 62}, "missing_lines": [91, 92, 93, 94, 97, 98, 99, 100, 103, 110, 111, 113, 116, 118, 119, 144, 151, 152, 155, 156, 158, 167, 168, 189, 190, 191, 192, 193, 194, 195, 196, 199, 200, 201, 202, 203, 204, 206, 209, 210, 230, 232, 233, 234, 235, 236, 237, 238, 242, 243, 244, 245, 246, 247, 251, 253, 254, 257, 258, 259, 262, 263, 266, 267, 268, 269, 272, 273, 274, 275, 276, 277, 278, 280, 281, 282, 284, 291, 292, 314, 320, 321, 322, 325, 327, 331, 332, 333, 351, 352, 353, 354, 355, 356, 357, 358, 359, 376, 377, 378, 387, 388, 390, 391, 392, 393, 394, 396, 397, 398, 399, 400, 401, 402, 403, 404, 406, 411, 420, 421, 422, 423, 424, 425, 426, 427, 428, 432, 433, 435], "excluded_lines": [], "executed_branches": [[87, 88], [135, 136], [141, 142], [185, 186], [226, 227], [350, 362]], "missing_branches": [[87, 91], [98, 99], [98, 103], [110, 111], [110, 113], [135, 155], [141, 144], [151, 152], [151, 155], [185, 189], [189, 190], [189, 191], [191, 192], [191, 193], [193, 194], [193, 195], [195, 196], [195, 199], [199, 200], [199, 206], [226, 230], [232, 233], [232, 242], [234, 235], [234, 242], [242, 243], [242, 251], [244, 245], [244, 251], [251, 253], [251, 262], [262, 263], [262, 266], [266, 267], [266, 272], [272, 273], [272, 280], [320, 321], [320, 325], [350, 351], [351, 352], [351, 362], [352, 351], [352, 353], [387, 388], [387, 390], [391, 392], [391, 406], [393, 394], [393, 396], [398, 399], [398, 400], [400, 401], [400, 402], [422, 423], [422, 433], [423, 424], [423, 425], [425, 426], [425, 427], [427, 428], [427, 432]]}}}, "src/backend/api/routes/config.py": {"executed_lines": [1, 3, 4, 5, 7, 8, 10, 11, 15, 16, 22, 24, 26, 29, 30, 33, 69, 70, 72, 73, 74, 75, 76, 77, 80, 81, 83, 84, 85, 86, 87, 88, 91, 92, 94, 95, 96, 97, 98, 99, 100, 101, 102, 105, 106, 112, 113, 116, 117, 119, 120, 121, 122, 141, 142, 147, 148, 158, 159, 225, 226, 300, 301, 377, 378], "summary": {"covered_lines": 61, "num_statements": 155, "percent_covered": 34.75935828877005, "percent_covered_display": "34.76", "missing_lines": 94, "excluded_lines": 0, "num_branches": 32, "num_partial_branches": 2, "covered_branches": 4, "missing_branches": 28}, "missing_lines": [43, 44, 45, 46, 49, 50, 52, 66, 144, 145, 150, 151, 152, 168, 169, 172, 183, 184, 185, 186, 192, 193, 198, 209, 211, 213, 215, 216, 217, 218, 219, 236, 237, 240, 241, 242, 245, 257, 258, 259, 260, 266, 267, 272, 280, 282, 284, 285, 286, 288, 290, 291, 292, 293, 294, 310, 311, 314, 315, 316, 324, 327, 328, 332, 336, 340, 341, 344, 359, 360, 361, 363, 365, 367, 368, 369, 370, 371, 387, 388, 391, 392, 393, 394, 397, 399, 400, 402, 404, 406, 407, 408, 409, 410], "excluded_lines": [], "executed_branches": [[119, 120], [119, 141], [121, 122], [142, 147]], "missing_branches": [[43, 44], [43, 49], [45, 43], [45, 46], [50, 52], [50, 66], [121, 119], [142, 144], [144, 142], [144, 145], [184, 185], [184, 192], [192, 193], [192, 198], [241, 242], [241, 245], [258, 259], [258, 266], [266, 267], [266, 272], [315, 316], [315, 324], [359, 360], [359, 363], [393, 394], [393, 397], [399, 400], [399, 402]], "functions": {"_get_profile_by_id": {"executed_lines": [], "summary": {"covered_lines": 0, "num_statements": 8, "percent_covered": 0.0, "percent_covered_display": "0.00", "missing_lines": 8, "excluded_lines": 0, "num_branches": 6, "num_partial_branches": 0, "covered_branches": 0, "missing_branches": 6}, "missing_lines": [43, 44, 45, 46, 49, 50, 52, 66], "excluded_lines": [], "executed_branches": [], "missing_branches": [[43, 44], [43, 49], [45, 43], [45, 46], [50, 52], [50, 66]]}, "list_profiles": {"executed_lines": [112, 113, 116, 117, 119, 120, 121, 122, 141, 142, 147, 148], "summary": {"covered_lines": 12, "num_statements": 17, "percent_covered": 64.0, "percent_covered_display": "64.00", "missing_lines": 5, "excluded_lines": 0, "num_branches": 8, "num_partial_branches": 2, "covered_branches": 4, "missing_branches": 4}, "missing_lines": [144, 145, 150, 151, 152], "excluded_lines": [], "executed_branches": [[119, 120], [119, 141], [121, 122], [142, 147]], "missing_branches": [[121, 119], [142, 144], [144, 142], [144, 145]]}, "create_profile": {"executed_lines": [], "summary": {"covered_lines": 0, "num_statements": 18, "percent_covered": 0.0, "percent_covered_display": "0.00", "missing_lines": 18, "excluded_lines": 0, "num_branches": 4, "num_partial_branches": 0, "covered_branches": 0, "missing_branches": 4}, "missing_lines": [168, 169, 172, 183, 184, 185, 186, 192, 193, 198, 209, 211, 213, 215, 216, 217, 218, 219], "excluded_lines": [], "executed_branches": [], "missing_branches": [[184, 185], [184, 192], [192, 193], [192, 198]]}, "update_profile": {"executed_lines": [], "summary": {"covered_lines": 0, "num_statements": 24, "percent_covered": 0.0, "percent_covered_display": "0.00", "missing_lines": 24, "excluded_lines": 0, "num_branches": 6, "num_partial_branches": 0, "covered_branches": 0, "missing_branches": 6}, "missing_lines": [236, 237, 240, 241, 242, 245, 257, 258, 259, 260, 266, 267, 272, 280, 282, 284, 285, 286, 288, 290, 291, 292, 293, 294], "excluded_lines": [], "executed_branches": [], "missing_branches": [[241, 242], [241, 245], [258, 259], [258, 266], [266, 267], [266, 272]]}, "activate_profile": {"executed_lines": [], "summary": {"covered_lines": 0, "num_statements": 23, "percent_covered": 0.0, "percent_covered_display": "0.00", "missing_lines": 23, "excluded_lines": 0, "num_branches": 4, "num_partial_branches": 0, "covered_branches": 0, "missing_branches": 4}, "missing_lines": [310, 311, 314, 315, 316, 324, 327, 328, 332, 336, 340, 341, 344, 359, 360, 361, 363, 365, 367, 368, 369, 370, 371], "excluded_lines": [], "executed_branches": [], "missing_branches": [[315, 316], [315, 324], [359, 360], [359, 363]]}, "delete_profile": {"executed_lines": [], "summary": {"covered_lines": 0, "num_statements": 16, "percent_covered": 0.0, "percent_covered_display": "0.00", "missing_lines": 16, "excluded_lines": 0, "num_branches": 4, "num_partial_branches": 0, "covered_branches": 0, "missing_branches": 4}, "missing_lines": [387, 388, 391, 392, 393, 394, 397, 399, 400, 402, 404, 406, 407, 408, 409, 410], "excluded_lines": [], "executed_branches": [], "missing_branches": [[393, 394], [393, 397], [399, 400], [399, 402]]}, "": {"executed_lines": [1, 3, 4, 5, 7, 8, 10, 11, 15, 16, 22, 24, 26, 29, 30, 33, 69, 70, 72, 73, 74, 75, 76, 77, 80, 81, 83, 84, 85, 86, 87, 88, 91, 92, 94, 95, 96, 97, 98, 99, 100, 101, 102, 105, 106, 158, 159, 225, 226, 300, 301, 377, 378], "summary": {"covered_lines": 49, "num_statements": 49, "percent_covered": 100.0, "percent_covered_display": "100.00", "missing_lines": 0, "excluded_lines": 0, "num_branches": 0, "num_partial_branches": 0, "covered_branches": 0, "missing_branches": 0}, "missing_lines": [], "excluded_lines": [], "executed_branches": [], "missing_branches": []}}, "classes": {"ProfileCreateRequest": {"executed_lines": [], "summary": {"covered_lines": 0, "num_statements": 0, "percent_covered": 100.0, "percent_covered_display": "100.00", "missing_lines": 0, "excluded_lines": 0, "num_branches": 0, "num_partial_branches": 0, "covered_branches": 0, "missing_branches": 0}, "missing_lines": [], "excluded_lines": [], "executed_branches": [], "missing_branches": []}, "ProfileUpdateRequest": {"executed_lines": [], "summary": {"covered_lines": 0, "num_statements": 0, "percent_covered": 100.0, "percent_covered_display": "100.00", "missing_lines": 0, "excluded_lines": 0, "num_branches": 0, "num_partial_branches": 0, "covered_branches": 0, "missing_branches": 0}, "missing_lines": [], "excluded_lines": [], "executed_branches": [], "missing_branches": []}, "ProfileResponse": {"executed_lines": [], "summary": {"covered_lines": 0, "num_statements": 0, "percent_covered": 100.0, "percent_covered_display": "100.00", "missing_lines": 0, "excluded_lines": 0, "num_branches": 0, "num_partial_branches": 0, "covered_branches": 0, "missing_branches": 0}, "missing_lines": [], "excluded_lines": [], "executed_branches": [], "missing_branches": []}, "": {"executed_lines": [1, 3, 4, 5, 7, 8, 10, 11, 15, 16, 22, 24, 26, 29, 30, 33, 69, 70, 72, 73, 74, 75, 76, 77, 80, 81, 83, 84, 85, 86, 87, 88, 91, 92, 94, 95, 96, 97, 98, 99, 100, 101, 102, 105, 106, 112, 113, 116, 117, 119, 120, 121, 122, 141, 142, 147, 148, 158, 159, 225, 226, 300, 301, 377, 378], "summary": {"covered_lines": 61, "num_statements": 155, "percent_covered": 34.75935828877005, "percent_covered_display": "34.76", "missing_lines": 94, "excluded_lines": 0, "num_branches": 32, "num_partial_branches": 2, "covered_branches": 4, "missing_branches": 28}, "missing_lines": [43, 44, 45, 46, 49, 50, 52, 66, 144, 145, 150, 151, 152, 168, 169, 172, 183, 184, 185, 186, 192, 193, 198, 209, 211, 213, 215, 216, 217, 218, 219, 236, 237, 240, 241, 242, 245, 257, 258, 259, 260, 266, 267, 272, 280, 282, 284, 285, 286, 288, 290, 291, 292, 293, 294, 310, 311, 314, 315, 316, 324, 327, 328, 332, 336, 340, 341, 344, 359, 360, 361, 363, 365, 367, 368, 369, 370, 371, 387, 388, 391, 392, 393, 394, 397, 399, 400, 402, 404, 406, 407, 408, 409, 410], "excluded_lines": [], "executed_branches": [[119, 120], [119, 141], [121, 122], [142, 147]], "missing_branches": [[43, 44], [43, 49], [45, 43], [45, 46], [50, 52], [50, 66], [121, 119], [142, 144], [144, 142], [144, 145], [184, 185], [184, 192], [192, 193], [192, 198], [241, 242], [241, 245], [258, 259], [258, 266], [266, 267], [266, 272], [315, 316], [315, 324], [359, 360], [359, 363], [393, 394], [393, 397], [399, 400], [399, 402]]}}}, "src/backend/api/routes/detections.py": {"executed_lines": [1, 5, 6, 7, 8, 10, 12, 16, 18, 21, 24, 26, 27, 28, 29, 47, 50, 51, 71, 73, 74, 77, 79, 84, 89, 95, 96, 98, 112, 113, 126, 128, 132, 133, 136, 138, 139], "summary": {"covered_lines": 36, "num_statements": 47, "percent_covered": 72.3076923076923, "percent_covered_display": "72.31", "missing_lines": 11, "excluded_lines": 0, "num_branches": 18, "num_partial_branches": 7, "covered_branches": 11, "missing_branches": 7}, "missing_lines": [80, 85, 90, 107, 108, 109, 129, 134, 140, 141, 142], "excluded_lines": [], "executed_branches": [[26, 27], [28, -24], [28, 29], [73, 74], [79, 84], [84, 89], [89, 95], [128, 132], [132, 133], [132, 136], [133, 132]], "missing_branches": [[26, -24], [73, 77], [79, 80], [84, 85], [89, 90], [128, 129], [133, 134]], "functions": {"generate_mock_detections": {"executed_lines": [26, 27, 28, 29, 47], "summary": {"covered_lines": 5, "num_statements": 5, "percent_covered": 88.88888888888889, "percent_covered_display": "88.89", "missing_lines": 0, "excluded_lines": 0, "num_branches": 4, "num_partial_branches": 1, "covered_branches": 3, "missing_branches": 1}, "missing_lines": [], "excluded_lines": [], "executed_branches": [[26, 27], [28, -24], [28, 29]], "missing_branches": [[26, -24]]}, "get_detections": {"executed_lines": [71, 73, 74, 77, 79, 84, 89, 95, 96, 98], "summary": {"covered_lines": 10, "num_statements": 16, "percent_covered": 58.333333333333336, "percent_covered_display": "58.33", "missing_lines": 6, "excluded_lines": 0, "num_branches": 8, "num_partial_branches": 4, "covered_branches": 4, "missing_branches": 4}, "missing_lines": [80, 85, 90, 107, 108, 109], "excluded_lines": [], "executed_branches": [[73, 74], [79, 84], [84, 89], [89, 95]], "missing_branches": [[73, 77], [79, 80], [84, 85], [89, 90]]}, "get_detection": {"executed_lines": [126, 128, 132, 133, 136, 138, 139], "summary": {"covered_lines": 7, "num_statements": 12, "percent_covered": 61.111111111111114, "percent_covered_display": "61.11", "missing_lines": 5, "excluded_lines": 0, "num_branches": 6, "num_partial_branches": 2, "covered_branches": 4, "missing_branches": 2}, "missing_lines": [129, 134, 140, 141, 142], "excluded_lines": [], "executed_branches": [[128, 132], [132, 133], [132, 136], [133, 132]], "missing_branches": [[128, 129], [133, 134]]}, "": {"executed_lines": [1, 5, 6, 7, 8, 10, 12, 16, 18, 21, 24, 50, 51, 112, 113], "summary": {"covered_lines": 14, "num_statements": 14, "percent_covered": 100.0, "percent_covered_display": "100.00", "missing_lines": 0, "excluded_lines": 0, "num_branches": 0, "num_partial_branches": 0, "covered_branches": 0, "missing_branches": 0}, "missing_lines": [], "excluded_lines": [], "executed_branches": [], "missing_branches": []}}, "classes": {"": {"executed_lines": [1, 5, 6, 7, 8, 10, 12, 16, 18, 21, 24, 26, 27, 28, 29, 47, 50, 51, 71, 73, 74, 77, 79, 84, 89, 95, 96, 98, 112, 113, 126, 128, 132, 133, 136, 138, 139], "summary": {"covered_lines": 36, "num_statements": 47, "percent_covered": 72.3076923076923, "percent_covered_display": "72.31", "missing_lines": 11, "excluded_lines": 0, "num_branches": 18, "num_partial_branches": 7, "covered_branches": 11, "missing_branches": 7}, "missing_lines": [80, 85, 90, 107, 108, 109, 129, 134, 140, 141, 142], "excluded_lines": [], "executed_branches": [[26, 27], [28, -24], [28, 29], [73, 74], [79, 84], [84, 89], [89, 95], [128, 132], [132, 133], [132, 136], [133, 132]], "missing_branches": [[26, -24], [73, 77], [79, 80], [84, 85], [89, 90], [128, 129], [133, 134]]}}}, "src/backend/api/routes/health.py": {"executed_lines": [1, 5, 6, 7, 9, 10, 12, 19, 26, 27, 28, 29, 30, 32, 34, 37, 38, 45, 47, 48, 51, 52, 53, 56, 57, 58, 59, 64, 67, 70, 89, 90, 133, 134, 179, 180, 218, 219], "summary": {"covered_lines": 37, "num_statements": 93, "percent_covered": 33.91304347826087, "percent_covered_display": "33.91", "missing_lines": 56, "excluded_lines": 0, "num_branches": 22, "num_partial_branches": 2, "covered_branches": 2, "missing_branches": 20}, "missing_lines": [60, 61, 65, 68, 84, 85, 86, 97, 98, 101, 102, 103, 104, 105, 106, 107, 109, 128, 129, 130, 143, 144, 145, 148, 151, 152, 153, 154, 156, 174, 175, 176, 189, 190, 191, 192, 195, 196, 197, 198, 199, 201, 213, 214, 215, 228, 230, 233, 234, 235, 236, 237, 239, 254, 255, 256], "excluded_lines": [], "executed_branches": [[64, 67], [67, 70]], "missing_branches": [[64, 65], [67, 68], [102, 103], [102, 104], [104, 105], [104, 106], [106, 107], [106, 109], [151, 152], [151, 156], [153, 154], [153, 156], [196, 197], [196, 198], [198, 199], [198, 201], [234, 235], [234, 236], [236, 237], [236, 239]], "functions": {"health_check": {"executed_lines": [45, 47, 48, 51, 52, 53, 56, 57, 58, 59, 64, 67, 70], "summary": {"covered_lines": 13, "num_statements": 20, "percent_covered": 62.5, "percent_covered_display": "62.50", "missing_lines": 7, "excluded_lines": 0, "num_branches": 4, "num_partial_branches": 2, "covered_branches": 2, "missing_branches": 2}, "missing_lines": [60, 61, 65, 68, 84, 85, 86], "excluded_lines": [], "executed_branches": [[64, 67], [67, 70]], "missing_branches": [[64, 65], [67, 68]]}, "sdr_health_check": {"executed_lines": [], "summary": {"covered_lines": 0, "num_statements": 13, "percent_covered": 0.0, "percent_covered_display": "0.00", "missing_lines": 13, "excluded_lines": 0, "num_branches": 6, "num_partial_branches": 0, "covered_branches": 0, "missing_branches": 6}, "missing_lines": [97, 98, 101, 102, 103, 104, 105, 106, 107, 109, 128, 129, 130], "excluded_lines": [], "executed_branches": [], "missing_branches": [[102, 103], [102, 104], [104, 105], [104, 106], [106, 107], [106, 109]]}, "mavlink_health_check": {"executed_lines": [], "summary": {"covered_lines": 0, "num_statements": 12, "percent_covered": 0.0, "percent_covered_display": "0.00", "missing_lines": 12, "excluded_lines": 0, "num_branches": 4, "num_partial_branches": 0, "covered_branches": 0, "missing_branches": 4}, "missing_lines": [143, 144, 145, 148, 151, 152, 153, 154, 156, 174, 175, 176], "excluded_lines": [], "executed_branches": [], "missing_branches": [[151, 152], [151, 156], [153, 154], [153, 156]]}, "state_machine_health_check": {"executed_lines": [], "summary": {"covered_lines": 0, "num_statements": 13, "percent_covered": 0.0, "percent_covered_display": "0.00", "missing_lines": 13, "excluded_lines": 0, "num_branches": 4, "num_partial_branches": 0, "covered_branches": 0, "missing_branches": 4}, "missing_lines": [189, 190, 191, 192, 195, 196, 197, 198, 199, 201, 213, 214, 215], "excluded_lines": [], "executed_branches": [], "missing_branches": [[196, 197], [196, 198], [198, 199], [198, 201]]}, "signal_processor_health_check": {"executed_lines": [], "summary": {"covered_lines": 0, "num_statements": 11, "percent_covered": 0.0, "percent_covered_display": "0.00", "missing_lines": 11, "excluded_lines": 0, "num_branches": 4, "num_partial_branches": 0, "covered_branches": 0, "missing_branches": 4}, "missing_lines": [228, 230, 233, 234, 235, 236, 237, 239, 254, 255, 256], "excluded_lines": [], "executed_branches": [], "missing_branches": [[234, 235], [234, 236], [236, 237], [236, 239]]}, "": {"executed_lines": [1, 5, 6, 7, 9, 10, 12, 19, 26, 27, 28, 29, 30, 32, 34, 37, 38, 89, 90, 133, 134, 179, 180, 218, 219], "summary": {"covered_lines": 24, "num_statements": 24, "percent_covered": 100.0, "percent_covered_display": "100.00", "missing_lines": 0, "excluded_lines": 0, "num_branches": 0, "num_partial_branches": 0, "covered_branches": 0, "missing_branches": 0}, "missing_lines": [], "excluded_lines": [], "executed_branches": [], "missing_branches": []}}, "classes": {"": {"executed_lines": [1, 5, 6, 7, 9, 10, 12, 19, 26, 27, 28, 29, 30, 32, 34, 37, 38, 45, 47, 48, 51, 52, 53, 56, 57, 58, 59, 64, 67, 70, 89, 90, 133, 134, 179, 180, 218, 219], "summary": {"covered_lines": 37, "num_statements": 93, "percent_covered": 33.91304347826087, "percent_covered_display": "33.91", "missing_lines": 56, "excluded_lines": 0, "num_branches": 22, "num_partial_branches": 2, "covered_branches": 2, "missing_branches": 20}, "missing_lines": [60, 61, 65, 68, 84, 85, 86, 97, 98, 101, 102, 103, 104, 105, 106, 107, 109, 128, 129, 130, 143, 144, 145, 148, 151, 152, 153, 154, 156, 174, 175, 176, 189, 190, 191, 192, 195, 196, 197, 198, 199, 201, 213, 214, 215, 228, 230, 233, 234, 235, 236, 237, 239, 254, 255, 256], "excluded_lines": [], "executed_branches": [[64, 67], [67, 70]], "missing_branches": [[64, 65], [67, 68], [102, 103], [102, 104], [104, 105], [104, 106], [106, 107], [106, 109], [151, 152], [151, 156], [153, 154], [153, 156], [196, 197], [196, 198], [198, 199], [198, 201], [234, 235], [234, 236], [236, 237], [236, 239]]}}}, "src/backend/api/routes/search.py": {"executed_lines": [1, 3, 4, 5, 6, 7, 9, 10, 12, 18, 19, 26, 27, 29, 30, 34, 37, 40, 42, 44, 45, 46, 59, 60, 62, 67, 69, 70, 73, 74, 77, 84, 87, 94, 95, 97, 110, 115, 116, 118, 119, 120, 123, 124, 126, 127, 130, 131, 133, 134, 135, 136, 137, 140, 141, 143, 144, 145, 146, 149, 150, 152, 153, 154, 155, 158, 159, 161, 162, 163, 164, 165, 166, 167, 170, 171, 173, 176, 177, 179, 180, 184, 186, 190, 202, 212, 213, 226, 228, 229, 235, 236, 239, 242, 243, 252, 255, 258, 261, 263, 265, 280, 281, 290, 292, 293, 295, 303, 306, 307, 308, 320, 321, 323, 337, 338, 347, 349, 350, 352, 360, 361, 364, 381, 382, 448, 449, 520, 521, 586, 587, 623, 624, 660, 661, 697, 698, 734, 735, 768, 769], "summary": {"covered_lines": 132, "num_statements": 348, "percent_covered": 31.919642857142858, "percent_covered_display": "31.92", "missing_lines": 216, "excluded_lines": 0, "num_branches": 100, "num_partial_branches": 7, "covered_branches": 11, "missing_branches": 89}, "missing_lines": [63, 64, 71, 79, 80, 111, 112, 193, 195, 196, 197, 198, 204, 206, 207, 208, 209, 272, 273, 274, 275, 276, 277, 294, 297, 298, 300, 313, 314, 330, 331, 332, 333, 334, 351, 354, 355, 357, 362, 374, 375, 376, 377, 378, 394, 396, 397, 398, 399, 401, 402, 404, 407, 408, 409, 410, 411, 412, 414, 415, 416, 417, 418, 419, 421, 422, 423, 424, 425, 426, 427, 430, 433, 435, 439, 441, 442, 443, 444, 445, 464, 465, 467, 468, 470, 473, 477, 478, 480, 498, 501, 503, 505, 512, 513, 514, 515, 516, 517, 536, 537, 538, 541, 542, 543, 544, 546, 547, 548, 551, 557, 559, 560, 565, 566, 568, 572, 579, 580, 581, 582, 583, 600, 601, 602, 605, 607, 608, 611, 612, 614, 616, 617, 618, 619, 620, 637, 638, 639, 642, 644, 645, 648, 649, 651, 653, 654, 655, 656, 657, 674, 675, 676, 679, 681, 682, 685, 686, 688, 690, 691, 692, 693, 694, 711, 712, 713, 716, 718, 719, 722, 723, 725, 727, 728, 729, 730, 731, 746, 747, 748, 751, 753, 754, 755, 757, 763, 764, 765, 781, 783, 784, 785, 786, 788, 789, 791, 794, 796, 798, 799, 800, 802, 803, 805, 807, 808, 810, 811, 812, 815, 817, 818, 819, 820, 821], "excluded_lines": [], "executed_branches": [[45, 46], [45, 59], [70, 73], [228, 229], [228, 235], [292, 293], [293, 295], [307, 308], [349, 350], [350, 352], [361, 364]], "missing_branches": [[70, 71], [196, 197], [196, 198], [207, 208], [207, 209], [292, 297], [293, 294], [297, 298], [297, 300], [307, 313], [313, 314], [313, 320], [349, 354], [350, 351], [354, 355], [354, 357], [361, 362], [396, 397], [396, 401], [397, 398], [397, 399], [401, 402], [401, 404], [407, 408], [407, 414], [408, 409], [408, 410], [414, 415], [414, 421], [415, 416], [415, 417], [421, 422], [421, 430], [467, 468], [467, 470], [537, 538], [537, 541], [541, 542], [541, 546], [542, 543], [542, 544], [546, 547], [546, 548], [559, 560], [559, 565], [565, 566], [565, 568], [601, 602], [601, 605], [607, 608], [607, 611], [611, 612], [611, 614], [638, 639], [638, 642], [644, 645], [644, 648], [648, 649], [648, 651], [675, 676], [675, 679], [681, 682], [681, 685], [685, 686], [685, 688], [712, 713], [712, 716], [718, 719], [718, 722], [722, 723], [722, 725], [747, 748], [747, 751], [754, 755], [754, 757], [783, 784], [783, 788], [784, 785], [784, 786], [788, 789], [788, 791], [796, 798], [796, 807], [798, 799], [798, 802], [807, 808], [807, 810], [810, 811], [810, 815]], "functions": {"save_pattern_state": {"executed_lines": [42, 44, 45, 46, 59, 60, 62], "summary": {"covered_lines": 7, "num_statements": 9, "percent_covered": 81.81818181818181, "percent_covered_display": "81.82", "missing_lines": 2, "excluded_lines": 0, "num_branches": 2, "num_partial_branches": 0, "covered_branches": 2, "missing_branches": 0}, "missing_lines": [63, 64], "excluded_lines": [], "executed_branches": [[45, 46], [45, 59]], "missing_branches": []}, "load_pattern_state": {"executed_lines": [69, 70, 73, 74, 77], "summary": {"covered_lines": 5, "num_statements": 8, "percent_covered": 60.0, "percent_covered_display": "60.00", "missing_lines": 3, "excluded_lines": 0, "num_branches": 2, "num_partial_branches": 1, "covered_branches": 1, "missing_branches": 1}, "missing_lines": [71, 79, 80], "excluded_lines": [], "executed_branches": [[70, 73]], "missing_branches": [[70, 71]]}, "broadcast_pattern_update": {"executed_lines": [94, 95, 97, 110], "summary": {"covered_lines": 4, "num_statements": 6, "percent_covered": 66.66666666666667, "percent_covered_display": "66.67", "missing_lines": 2, "excluded_lines": 0, "num_branches": 0, "num_partial_branches": 0, "covered_branches": 0, "missing_branches": 0}, "missing_lines": [111, 112], "excluded_lines": [], "executed_branches": [], "missing_branches": []}, "get_pattern_generator": {"executed_lines": [186], "summary": {"covered_lines": 1, "num_statements": 1, "percent_covered": 100.0, "percent_covered_display": "100.00", "missing_lines": 0, "excluded_lines": 0, "num_branches": 0, "num_partial_branches": 0, "covered_branches": 0, "missing_branches": 0}, "missing_lines": [], "excluded_lines": [], "executed_branches": [], "missing_branches": []}, "get_state_machine": {"executed_lines": [], "summary": {"covered_lines": 0, "num_statements": 5, "percent_covered": 0.0, "percent_covered_display": "0.00", "missing_lines": 5, "excluded_lines": 0, "num_branches": 2, "num_partial_branches": 0, "covered_branches": 0, "missing_branches": 2}, "missing_lines": [193, 195, 196, 197, 198], "excluded_lines": [], "executed_branches": [], "missing_branches": [[196, 197], [196, 198]]}, "get_mavlink_service": {"executed_lines": [], "summary": {"covered_lines": 0, "num_statements": 5, "percent_covered": 0.0, "percent_covered_display": "0.00", "missing_lines": 5, "excluded_lines": 0, "num_branches": 2, "num_partial_branches": 0, "covered_branches": 0, "missing_branches": 2}, "missing_lines": [204, 206, 207, 208, 209], "excluded_lines": [], "executed_branches": [], "missing_branches": [[207, 208], [207, 209]]}, "create_search_pattern": {"executed_lines": [226, 228, 229, 235, 236, 239, 242, 243, 252, 255, 258, 261, 263, 265], "summary": {"covered_lines": 14, "num_statements": 20, "percent_covered": 72.72727272727273, "percent_covered_display": "72.73", "missing_lines": 6, "excluded_lines": 0, "num_branches": 2, "num_partial_branches": 0, "covered_branches": 2, "missing_branches": 0}, "missing_lines": [272, 273, 274, 275, 276, 277], "excluded_lines": [], "executed_branches": [[228, 229], [228, 235]], "missing_branches": []}, "get_pattern_preview": {"executed_lines": [290, 292, 293, 295, 303, 306, 307, 308, 320, 321, 323], "summary": {"covered_lines": 11, "num_statements": 22, "percent_covered": 43.75, "percent_covered_display": "43.75", "missing_lines": 11, "excluded_lines": 0, "num_branches": 10, "num_partial_branches": 3, "covered_branches": 3, "missing_branches": 7}, "missing_lines": [294, 297, 298, 300, 313, 314, 330, 331, 332, 333, 334], "excluded_lines": [], "executed_branches": [[292, 293], [293, 295], [307, 308]], "missing_branches": [[292, 297], [293, 294], [297, 298], [297, 300], [307, 313], [313, 314], [313, 320]]}, "get_pattern_status": {"executed_lines": [347, 349, 350, 352, 360, 361, 364], "summary": {"covered_lines": 7, "num_statements": 17, "percent_covered": 40.0, "percent_covered_display": "40.00", "missing_lines": 10, "excluded_lines": 0, "num_branches": 8, "num_partial_branches": 3, "covered_branches": 3, "missing_branches": 5}, "missing_lines": [351, 354, 355, 357, 362, 374, 375, 376, 377, 378], "excluded_lines": [], "executed_branches": [[349, 350], [350, 352], [361, 364]], "missing_branches": [[349, 354], [350, 351], [354, 355], [354, 357], [361, 362]]}, "control_pattern": {"executed_lines": [], "summary": {"covered_lines": 0, "num_statements": 36, "percent_covered": 0.0, "percent_covered_display": "0.00", "missing_lines": 36, "excluded_lines": 0, "num_branches": 16, "num_partial_branches": 0, "covered_branches": 0, "missing_branches": 16}, "missing_lines": [394, 396, 397, 398, 399, 401, 402, 404, 407, 408, 409, 410, 411, 412, 414, 415, 416, 417, 418, 419, 421, 422, 423, 424, 425, 426, 427, 430, 433, 435, 439, 441, 442, 443, 444, 445], "excluded_lines": [], "executed_branches": [], "missing_branches": [[396, 397], [396, 401], [397, 398], [397, 399], [401, 402], [401, 404], [407, 408], [407, 414], [408, 409], [408, 410], [414, 415], [414, 421], [415, 416], [415, 417], [421, 422], [421, 430]]}, "import_pattern": {"executed_lines": [], "summary": {"covered_lines": 0, "num_statements": 19, "percent_covered": 0.0, "percent_covered_display": "0.00", "missing_lines": 19, "excluded_lines": 0, "num_branches": 2, "num_partial_branches": 0, "covered_branches": 0, "missing_branches": 2}, "missing_lines": [464, 465, 467, 468, 470, 473, 477, 478, 480, 498, 501, 503, 505, 512, 513, 514, 515, 516, 517], "excluded_lines": [], "executed_branches": [], "missing_branches": [[467, 468], [467, 470]]}, "upload_pattern_to_mavlink": {"executed_lines": [], "summary": {"covered_lines": 0, "num_statements": 23, "percent_covered": 0.0, "percent_covered_display": "0.00", "missing_lines": 23, "excluded_lines": 0, "num_branches": 12, "num_partial_branches": 0, "covered_branches": 0, "missing_branches": 12}, "missing_lines": [536, 537, 538, 541, 542, 543, 544, 546, 547, 548, 551, 557, 559, 560, 565, 566, 568, 572, 579, 580, 581, 582, 583], "excluded_lines": [], "executed_branches": [], "missing_branches": [[537, 538], [537, 541], [541, 542], [541, 546], [542, 543], [542, 544], [546, 547], [546, 548], [559, 560], [559, 565], [565, 566], [565, 568]]}, "start_mavlink_mission": {"executed_lines": [], "summary": {"covered_lines": 0, "num_statements": 14, "percent_covered": 0.0, "percent_covered_display": "0.00", "missing_lines": 14, "excluded_lines": 0, "num_branches": 6, "num_partial_branches": 0, "covered_branches": 0, "missing_branches": 6}, "missing_lines": [600, 601, 602, 605, 607, 608, 611, 612, 614, 616, 617, 618, 619, 620], "excluded_lines": [], "executed_branches": [], "missing_branches": [[601, 602], [601, 605], [607, 608], [607, 611], [611, 612], [611, 614]]}, "pause_mavlink_mission": {"executed_lines": [], "summary": {"covered_lines": 0, "num_statements": 14, "percent_covered": 0.0, "percent_covered_display": "0.00", "missing_lines": 14, "excluded_lines": 0, "num_branches": 6, "num_partial_branches": 0, "covered_branches": 0, "missing_branches": 6}, "missing_lines": [637, 638, 639, 642, 644, 645, 648, 649, 651, 653, 654, 655, 656, 657], "excluded_lines": [], "executed_branches": [], "missing_branches": [[638, 639], [638, 642], [644, 645], [644, 648], [648, 649], [648, 651]]}, "resume_mavlink_mission": {"executed_lines": [], "summary": {"covered_lines": 0, "num_statements": 14, "percent_covered": 0.0, "percent_covered_display": "0.00", "missing_lines": 14, "excluded_lines": 0, "num_branches": 6, "num_partial_branches": 0, "covered_branches": 0, "missing_branches": 6}, "missing_lines": [674, 675, 676, 679, 681, 682, 685, 686, 688, 690, 691, 692, 693, 694], "excluded_lines": [], "executed_branches": [], "missing_branches": [[675, 676], [675, 679], [681, 682], [681, 685], [685, 686], [685, 688]]}, "stop_mavlink_mission": {"executed_lines": [], "summary": {"covered_lines": 0, "num_statements": 14, "percent_covered": 0.0, "percent_covered_display": "0.00", "missing_lines": 14, "excluded_lines": 0, "num_branches": 6, "num_partial_branches": 0, "covered_branches": 0, "missing_branches": 6}, "missing_lines": [711, 712, 713, 716, 718, 719, 722, 723, 725, 727, 728, 729, 730, 731], "excluded_lines": [], "executed_branches": [], "missing_branches": [[712, 713], [712, 716], [718, 719], [718, 722], [722, 723], [722, 725]]}, "get_mavlink_mission_progress": {"executed_lines": [], "summary": {"covered_lines": 0, "num_statements": 11, "percent_covered": 0.0, "percent_covered_display": "0.00", "missing_lines": 11, "excluded_lines": 0, "num_branches": 4, "num_partial_branches": 0, "covered_branches": 0, "missing_branches": 4}, "missing_lines": [746, 747, 748, 751, 753, 754, 755, 757, 763, 764, 765], "excluded_lines": [], "executed_branches": [], "missing_branches": [[747, 748], [747, 751], [754, 755], [754, 757]]}, "export_pattern": {"executed_lines": [], "summary": {"covered_lines": 0, "num_statements": 27, "percent_covered": 0.0, "percent_covered_display": "0.00", "missing_lines": 27, "excluded_lines": 0, "num_branches": 14, "num_partial_branches": 0, "covered_branches": 0, "missing_branches": 14}, "missing_lines": [781, 783, 784, 785, 786, 788, 789, 791, 794, 796, 798, 799, 800, 802, 803, 805, 807, 808, 810, 811, 812, 815, 817, 818, 819, 820, 821], "excluded_lines": [], "executed_branches": [], "missing_branches": [[783, 784], [783, 788], [784, 785], [784, 786], [788, 789], [788, 791], [796, 798], [796, 807], [798, 799], [798, 802], [807, 808], [807, 810], [810, 811], [810, 815]]}, "": {"executed_lines": [1, 3, 4, 5, 6, 7, 9, 10, 12, 18, 19, 26, 27, 29, 30, 34, 37, 40, 67, 84, 87, 115, 116, 118, 119, 120, 123, 124, 126, 127, 130, 131, 133, 134, 135, 136, 137, 140, 141, 143, 144, 145, 146, 149, 150, 152, 153, 154, 155, 158, 159, 161, 162, 163, 164, 165, 166, 167, 170, 171, 173, 176, 177, 179, 180, 184, 190, 202, 212, 213, 280, 281, 337, 338, 381, 382, 448, 449, 520, 521, 586, 587, 623, 624, 660, 661, 697, 698, 734, 735, 768, 769], "summary": {"covered_lines": 83, "num_statements": 83, "percent_covered": 100.0, "percent_covered_display": "100.00", "missing_lines": 0, "excluded_lines": 0, "num_branches": 0, "num_partial_branches": 0, "covered_branches": 0, "missing_branches": 0}, "missing_lines": [], "excluded_lines": [], "executed_branches": [], "missing_branches": []}}, "classes": {"CenterRadiusBoundaryRequest": {"executed_lines": [], "summary": {"covered_lines": 0, "num_statements": 0, "percent_covered": 100.0, "percent_covered_display": "100.00", "missing_lines": 0, "excluded_lines": 0, "num_branches": 0, "num_partial_branches": 0, "covered_branches": 0, "missing_branches": 0}, "missing_lines": [], "excluded_lines": [], "executed_branches": [], "missing_branches": []}, "CornerBoundaryRequest": {"executed_lines": [], "summary": {"covered_lines": 0, "num_statements": 0, "percent_covered": 100.0, "percent_covered_display": "100.00", "missing_lines": 0, "excluded_lines": 0, "num_branches": 0, "num_partial_branches": 0, "covered_branches": 0, "missing_branches": 0}, "missing_lines": [], "excluded_lines": [], "executed_branches": [], "missing_branches": []}, "SearchPatternRequest": {"executed_lines": [], "summary": {"covered_lines": 0, "num_statements": 0, "percent_covered": 100.0, "percent_covered_display": "100.00", "missing_lines": 0, "excluded_lines": 0, "num_branches": 0, "num_partial_branches": 0, "covered_branches": 0, "missing_branches": 0}, "missing_lines": [], "excluded_lines": [], "executed_branches": [], "missing_branches": []}, "SearchPatternResponse": {"executed_lines": [], "summary": {"covered_lines": 0, "num_statements": 0, "percent_covered": 100.0, "percent_covered_display": "100.00", "missing_lines": 0, "excluded_lines": 0, "num_branches": 0, "num_partial_branches": 0, "covered_branches": 0, "missing_branches": 0}, "missing_lines": [], "excluded_lines": [], "executed_branches": [], "missing_branches": []}, "PatternPreviewResponse": {"executed_lines": [], "summary": {"covered_lines": 0, "num_statements": 0, "percent_covered": 100.0, "percent_covered_display": "100.00", "missing_lines": 0, "excluded_lines": 0, "num_branches": 0, "num_partial_branches": 0, "covered_branches": 0, "missing_branches": 0}, "missing_lines": [], "excluded_lines": [], "executed_branches": [], "missing_branches": []}, "PatternStatusResponse": {"executed_lines": [], "summary": {"covered_lines": 0, "num_statements": 0, "percent_covered": 100.0, "percent_covered_display": "100.00", "missing_lines": 0, "excluded_lines": 0, "num_branches": 0, "num_partial_branches": 0, "covered_branches": 0, "missing_branches": 0}, "missing_lines": [], "excluded_lines": [], "executed_branches": [], "missing_branches": []}, "PatternControlRequest": {"executed_lines": [], "summary": {"covered_lines": 0, "num_statements": 0, "percent_covered": 100.0, "percent_covered_display": "100.00", "missing_lines": 0, "excluded_lines": 0, "num_branches": 0, "num_partial_branches": 0, "covered_branches": 0, "missing_branches": 0}, "missing_lines": [], "excluded_lines": [], "executed_branches": [], "missing_branches": []}, "PatternControlResponse": {"executed_lines": [], "summary": {"covered_lines": 0, "num_statements": 0, "percent_covered": 100.0, "percent_covered_display": "100.00", "missing_lines": 0, "excluded_lines": 0, "num_branches": 0, "num_partial_branches": 0, "covered_branches": 0, "missing_branches": 0}, "missing_lines": [], "excluded_lines": [], "executed_branches": [], "missing_branches": []}, "": {"executed_lines": [1, 3, 4, 5, 6, 7, 9, 10, 12, 18, 19, 26, 27, 29, 30, 34, 37, 40, 42, 44, 45, 46, 59, 60, 62, 67, 69, 70, 73, 74, 77, 84, 87, 94, 95, 97, 110, 115, 116, 118, 119, 120, 123, 124, 126, 127, 130, 131, 133, 134, 135, 136, 137, 140, 141, 143, 144, 145, 146, 149, 150, 152, 153, 154, 155, 158, 159, 161, 162, 163, 164, 165, 166, 167, 170, 171, 173, 176, 177, 179, 180, 184, 186, 190, 202, 212, 213, 226, 228, 229, 235, 236, 239, 242, 243, 252, 255, 258, 261, 263, 265, 280, 281, 290, 292, 293, 295, 303, 306, 307, 308, 320, 321, 323, 337, 338, 347, 349, 350, 352, 360, 361, 364, 381, 382, 448, 449, 520, 521, 586, 587, 623, 624, 660, 661, 697, 698, 734, 735, 768, 769], "summary": {"covered_lines": 132, "num_statements": 348, "percent_covered": 31.919642857142858, "percent_covered_display": "31.92", "missing_lines": 216, "excluded_lines": 0, "num_branches": 100, "num_partial_branches": 7, "covered_branches": 11, "missing_branches": 89}, "missing_lines": [63, 64, 71, 79, 80, 111, 112, 193, 195, 196, 197, 198, 204, 206, 207, 208, 209, 272, 273, 274, 275, 276, 277, 294, 297, 298, 300, 313, 314, 330, 331, 332, 333, 334, 351, 354, 355, 357, 362, 374, 375, 376, 377, 378, 394, 396, 397, 398, 399, 401, 402, 404, 407, 408, 409, 410, 411, 412, 414, 415, 416, 417, 418, 419, 421, 422, 423, 424, 425, 426, 427, 430, 433, 435, 439, 441, 442, 443, 444, 445, 464, 465, 467, 468, 470, 473, 477, 478, 480, 498, 501, 503, 505, 512, 513, 514, 515, 516, 517, 536, 537, 538, 541, 542, 543, 544, 546, 547, 548, 551, 557, 559, 560, 565, 566, 568, 572, 579, 580, 581, 582, 583, 600, 601, 602, 605, 607, 608, 611, 612, 614, 616, 617, 618, 619, 620, 637, 638, 639, 642, 644, 645, 648, 649, 651, 653, 654, 655, 656, 657, 674, 675, 676, 679, 681, 682, 685, 686, 688, 690, 691, 692, 693, 694, 711, 712, 713, 716, 718, 719, 722, 723, 725, 727, 728, 729, 730, 731, 746, 747, 748, 751, 753, 754, 755, 757, 763, 764, 765, 781, 783, 784, 785, 786, 788, 789, 791, 794, 796, 798, 799, 800, 802, 803, 805, 807, 808, 810, 811, 812, 815, 817, 818, 819, 820, 821], "excluded_lines": [], "executed_branches": [[45, 46], [45, 59], [70, 73], [228, 229], [228, 235], [292, 293], [293, 295], [307, 308], [349, 350], [350, 352], [361, 364]], "missing_branches": [[70, 71], [196, 197], [196, 198], [207, 208], [207, 209], [292, 297], [293, 294], [297, 298], [297, 300], [307, 313], [313, 314], [313, 320], [349, 354], [350, 351], [354, 355], [354, 357], [361, 362], [396, 397], [396, 401], [397, 398], [397, 399], [401, 402], [401, 404], [407, 408], [407, 414], [408, 409], [408, 410], [414, 415], [414, 421], [415, 416], [415, 417], [421, 422], [421, 430], [467, 468], [467, 470], [537, 538], [537, 541], [541, 542], [541, 546], [542, 543], [542, 544], [546, 547], [546, 548], [559, 560], [559, 565], [565, 566], [565, 568], [601, 602], [601, 605], [607, 608], [607, 611], [611, 612], [611, 614], [638, 639], [638, 642], [644, 645], [644, 648], [648, 649], [648, 651], [675, 676], [675, 679], [681, 682], [681, 685], [685, 686], [685, 688], [712, 713], [712, 716], [718, 719], [718, 722], [722, 723], [722, 725], [747, 748], [747, 751], [754, 755], [754, 757], [783, 784], [783, 788], [784, 785], [784, 786], [788, 789], [788, 791], [796, 798], [796, 807], [798, 799], [798, 802], [807, 808], [807, 810], [810, 811], [810, 815]]}}}, "src/backend/api/routes/state.py": {"executed_lines": [1, 3, 5, 6, 8, 14, 15, 17, 19, 22, 23, 25, 26, 29, 30, 32, 33, 34, 37, 38, 40, 41, 44, 45, 47, 48, 49, 50, 51, 52, 55, 56, 58, 59, 62, 63, 65, 66, 67, 68, 69, 70, 71, 72, 73, 76, 77, 79, 80, 81, 82, 83, 84, 85, 88, 90, 92, 93, 97, 98, 121, 122, 164, 165, 200, 201, 221, 222, 243, 244, 271, 272, 291, 292, 306, 307, 321, 322, 336, 337, 351, 352, 376, 377, 395, 396, 414, 415], "summary": {"covered_lines": 80, "num_statements": 205, "percent_covered": 37.327188940092164, "percent_covered_display": "37.33", "missing_lines": 125, "excluded_lines": 0, "num_branches": 12, "num_partial_branches": 1, "covered_branches": 1, "missing_branches": 11}, "missing_lines": [94, 104, 105, 106, 108, 116, 117, 118, 136, 137, 138, 139, 141, 142, 144, 145, 146, 152, 157, 158, 159, 160, 161, 179, 180, 181, 182, 184, 185, 189, 195, 196, 197, 209, 210, 211, 216, 217, 218, 231, 232, 233, 238, 239, 240, 253, 254, 255, 256, 258, 259, 260, 266, 267, 268, 281, 282, 283, 286, 287, 288, 298, 299, 300, 301, 302, 303, 313, 314, 315, 316, 317, 318, 328, 329, 330, 331, 332, 333, 343, 344, 345, 346, 347, 348, 361, 362, 363, 364, 368, 369, 370, 371, 372, 373, 383, 384, 385, 386, 387, 388, 389, 390, 391, 392, 402, 403, 404, 405, 406, 407, 408, 409, 410, 411, 421, 422, 423, 424, 425, 426, 427, 428, 429, 430], "excluded_lines": [], "executed_branches": [[92, 93]], "missing_branches": [[92, 94], [144, 145], [144, 152], [363, 364], [363, 368], [385, 386], [385, 387], [404, 405], [404, 406], [423, 424], [423, 425]], "functions": {"get_state_machine": {"executed_lines": [90, 92, 93], "summary": {"covered_lines": 3, "num_statements": 4, "percent_covered": 66.66666666666667, "percent_covered_display": "66.67", "missing_lines": 1, "excluded_lines": 0, "num_branches": 2, "num_partial_branches": 1, "covered_branches": 1, "missing_branches": 1}, "missing_lines": [94], "excluded_lines": [], "executed_branches": [[92, 93]], "missing_branches": [[92, 94]]}, "get_current_state": {"executed_lines": [], "summary": {"covered_lines": 0, "num_statements": 7, "percent_covered": 0.0, "percent_covered_display": "0.00", "missing_lines": 7, "excluded_lines": 0, "num_branches": 0, "num_partial_branches": 0, "covered_branches": 0, "missing_branches": 0}, "missing_lines": [104, 105, 106, 108, 116, 117, 118], "excluded_lines": [], "executed_branches": [], "missing_branches": []}, "transition_state": {"executed_lines": [], "summary": {"covered_lines": 0, "num_statements": 15, "percent_covered": 0.0, "percent_covered_display": "0.00", "missing_lines": 15, "excluded_lines": 0, "num_branches": 2, "num_partial_branches": 0, "covered_branches": 0, "missing_branches": 2}, "missing_lines": [136, 137, 138, 139, 141, 142, 144, 145, 146, 152, 157, 158, 159, 160, 161], "excluded_lines": [], "executed_branches": [], "missing_branches": [[144, 145], [144, 152]]}, "force_transition": {"executed_lines": [], "summary": {"covered_lines": 0, "num_statements": 10, "percent_covered": 0.0, "percent_covered_display": "0.00", "missing_lines": 10, "excluded_lines": 0, "num_branches": 0, "num_partial_branches": 0, "covered_branches": 0, "missing_branches": 0}, "missing_lines": [179, 180, 181, 182, 184, 185, 189, 195, 196, 197], "excluded_lines": [], "executed_branches": [], "missing_branches": []}, "emergency_stop": {"executed_lines": [], "summary": {"covered_lines": 0, "num_statements": 6, "percent_covered": 0.0, "percent_covered_display": "0.00", "missing_lines": 6, "excluded_lines": 0, "num_branches": 0, "num_partial_branches": 0, "covered_branches": 0, "missing_branches": 0}, "missing_lines": [209, 210, 211, 216, 217, 218], "excluded_lines": [], "executed_branches": [], "missing_branches": []}, "set_homing_enabled": {"executed_lines": [], "summary": {"covered_lines": 0, "num_statements": 6, "percent_covered": 0.0, "percent_covered_display": "0.00", "missing_lines": 6, "excluded_lines": 0, "num_branches": 0, "num_partial_branches": 0, "covered_branches": 0, "missing_branches": 0}, "missing_lines": [231, 232, 233, 238, 239, 240], "excluded_lines": [], "executed_branches": [], "missing_branches": []}, "set_state_timeout": {"executed_lines": [], "summary": {"covered_lines": 0, "num_statements": 10, "percent_covered": 0.0, "percent_covered_display": "0.00", "missing_lines": 10, "excluded_lines": 0, "num_branches": 0, "num_partial_branches": 0, "covered_branches": 0, "missing_branches": 0}, "missing_lines": [253, 254, 255, 256, 258, 259, 260, 266, 267, 268], "excluded_lines": [], "executed_branches": [], "missing_branches": []}, "get_state_history": {"executed_lines": [], "summary": {"covered_lines": 0, "num_statements": 6, "percent_covered": 0.0, "percent_covered_display": "0.00", "missing_lines": 6, "excluded_lines": 0, "num_branches": 0, "num_partial_branches": 0, "covered_branches": 0, "missing_branches": 0}, "missing_lines": [281, 282, 283, 286, 287, 288], "excluded_lines": [], "executed_branches": [], "missing_branches": []}, "get_state_statistics": {"executed_lines": [], "summary": {"covered_lines": 0, "num_statements": 6, "percent_covered": 0.0, "percent_covered_display": "0.00", "missing_lines": 6, "excluded_lines": 0, "num_branches": 0, "num_partial_branches": 0, "covered_branches": 0, "missing_branches": 0}, "missing_lines": [298, 299, 300, 301, 302, 303], "excluded_lines": [], "executed_branches": [], "missing_branches": []}, "get_telemetry_metrics": {"executed_lines": [], "summary": {"covered_lines": 0, "num_statements": 6, "percent_covered": 0.0, "percent_covered_display": "0.00", "missing_lines": 6, "excluded_lines": 0, "num_branches": 0, "num_partial_branches": 0, "covered_branches": 0, "missing_branches": 0}, "missing_lines": [313, 314, 315, 316, 317, 318], "excluded_lines": [], "executed_branches": [], "missing_branches": []}, "send_telemetry_update": {"executed_lines": [], "summary": {"covered_lines": 0, "num_statements": 6, "percent_covered": 0.0, "percent_covered_display": "0.00", "missing_lines": 6, "excluded_lines": 0, "num_branches": 0, "num_partial_branches": 0, "covered_branches": 0, "missing_branches": 0}, "missing_lines": [328, 329, 330, 331, 332, 333], "excluded_lines": [], "executed_branches": [], "missing_branches": []}, "get_search_pattern_status": {"executed_lines": [], "summary": {"covered_lines": 0, "num_statements": 6, "percent_covered": 0.0, "percent_covered_display": "0.00", "missing_lines": 6, "excluded_lines": 0, "num_branches": 0, "num_partial_branches": 0, "covered_branches": 0, "missing_branches": 0}, "missing_lines": [343, 344, 345, 346, 347, 348], "excluded_lines": [], "executed_branches": [], "missing_branches": []}, "start_search_pattern": {"executed_lines": [], "summary": {"covered_lines": 0, "num_statements": 10, "percent_covered": 0.0, "percent_covered_display": "0.00", "missing_lines": 10, "excluded_lines": 0, "num_branches": 2, "num_partial_branches": 0, "covered_branches": 0, "missing_branches": 2}, "missing_lines": [361, 362, 363, 364, 368, 369, 370, 371, 372, 373], "excluded_lines": [], "executed_branches": [], "missing_branches": [[363, 364], [363, 368]]}, "pause_search_pattern": {"executed_lines": [], "summary": {"covered_lines": 0, "num_statements": 10, "percent_covered": 0.0, "percent_covered_display": "0.00", "missing_lines": 10, "excluded_lines": 0, "num_branches": 2, "num_partial_branches": 0, "covered_branches": 0, "missing_branches": 2}, "missing_lines": [383, 384, 385, 386, 387, 388, 389, 390, 391, 392], "excluded_lines": [], "executed_branches": [], "missing_branches": [[385, 386], [385, 387]]}, "resume_search_pattern": {"executed_lines": [], "summary": {"covered_lines": 0, "num_statements": 10, "percent_covered": 0.0, "percent_covered_display": "0.00", "missing_lines": 10, "excluded_lines": 0, "num_branches": 2, "num_partial_branches": 0, "covered_branches": 0, "missing_branches": 2}, "missing_lines": [402, 403, 404, 405, 406, 407, 408, 409, 410, 411], "excluded_lines": [], "executed_branches": [], "missing_branches": [[404, 405], [404, 406]]}, "stop_search_pattern": {"executed_lines": [], "summary": {"covered_lines": 0, "num_statements": 10, "percent_covered": 0.0, "percent_covered_display": "0.00", "missing_lines": 10, "excluded_lines": 0, "num_branches": 2, "num_partial_branches": 0, "covered_branches": 0, "missing_branches": 2}, "missing_lines": [421, 422, 423, 424, 425, 426, 427, 428, 429, 430], "excluded_lines": [], "executed_branches": [], "missing_branches": [[423, 424], [423, 425]]}, "": {"executed_lines": [1, 3, 5, 6, 8, 14, 15, 17, 19, 22, 23, 25, 26, 29, 30, 32, 33, 34, 37, 38, 40, 41, 44, 45, 47, 48, 49, 50, 51, 52, 55, 56, 58, 59, 62, 63, 65, 66, 67, 68, 69, 70, 71, 72, 73, 76, 77, 79, 80, 81, 82, 83, 84, 85, 88, 97, 98, 121, 122, 164, 165, 200, 201, 221, 222, 243, 244, 271, 272, 291, 292, 306, 307, 321, 322, 336, 337, 351, 352, 376, 377, 395, 396, 414, 415], "summary": {"covered_lines": 77, "num_statements": 77, "percent_covered": 100.0, "percent_covered_display": "100.00", "missing_lines": 0, "excluded_lines": 0, "num_branches": 0, "num_partial_branches": 0, "covered_branches": 0, "missing_branches": 0}, "missing_lines": [], "excluded_lines": [], "executed_branches": [], "missing_branches": []}}, "classes": {"StateTransitionRequest": {"executed_lines": [], "summary": {"covered_lines": 0, "num_statements": 0, "percent_covered": 100.0, "percent_covered_display": "100.00", "missing_lines": 0, "excluded_lines": 0, "num_branches": 0, "num_partial_branches": 0, "covered_branches": 0, "missing_branches": 0}, "missing_lines": [], "excluded_lines": [], "executed_branches": [], "missing_branches": []}, "ForceTransitionRequest": {"executed_lines": [], "summary": {"covered_lines": 0, "num_statements": 0, "percent_covered": 100.0, "percent_covered_display": "100.00", "missing_lines": 0, "excluded_lines": 0, "num_branches": 0, "num_partial_branches": 0, "covered_branches": 0, "missing_branches": 0}, "missing_lines": [], "excluded_lines": [], "executed_branches": [], "missing_branches": []}, "StateTimeoutRequest": {"executed_lines": [], "summary": {"covered_lines": 0, "num_statements": 0, "percent_covered": 100.0, "percent_covered_display": "100.00", "missing_lines": 0, "excluded_lines": 0, "num_branches": 0, "num_partial_branches": 0, "covered_branches": 0, "missing_branches": 0}, "missing_lines": [], "excluded_lines": [], "executed_branches": [], "missing_branches": []}, "StateResponse": {"executed_lines": [], "summary": {"covered_lines": 0, "num_statements": 0, "percent_covered": 100.0, "percent_covered_display": "100.00", "missing_lines": 0, "excluded_lines": 0, "num_branches": 0, "num_partial_branches": 0, "covered_branches": 0, "missing_branches": 0}, "missing_lines": [], "excluded_lines": [], "executed_branches": [], "missing_branches": []}, "StateHistoryResponse": {"executed_lines": [], "summary": {"covered_lines": 0, "num_statements": 0, "percent_covered": 100.0, "percent_covered_display": "100.00", "missing_lines": 0, "excluded_lines": 0, "num_branches": 0, "num_partial_branches": 0, "covered_branches": 0, "missing_branches": 0}, "missing_lines": [], "excluded_lines": [], "executed_branches": [], "missing_branches": []}, "StateStatisticsResponse": {"executed_lines": [], "summary": {"covered_lines": 0, "num_statements": 0, "percent_covered": 100.0, "percent_covered_display": "100.00", "missing_lines": 0, "excluded_lines": 0, "num_branches": 0, "num_partial_branches": 0, "covered_branches": 0, "missing_branches": 0}, "missing_lines": [], "excluded_lines": [], "executed_branches": [], "missing_branches": []}, "TelemetryMetricsResponse": {"executed_lines": [], "summary": {"covered_lines": 0, "num_statements": 0, "percent_covered": 100.0, "percent_covered_display": "100.00", "missing_lines": 0, "excluded_lines": 0, "num_branches": 0, "num_partial_branches": 0, "covered_branches": 0, "missing_branches": 0}, "missing_lines": [], "excluded_lines": [], "executed_branches": [], "missing_branches": []}, "": {"executed_lines": [1, 3, 5, 6, 8, 14, 15, 17, 19, 22, 23, 25, 26, 29, 30, 32, 33, 34, 37, 38, 40, 41, 44, 45, 47, 48, 49, 50, 51, 52, 55, 56, 58, 59, 62, 63, 65, 66, 67, 68, 69, 70, 71, 72, 73, 76, 77, 79, 80, 81, 82, 83, 84, 85, 88, 90, 92, 93, 97, 98, 121, 122, 164, 165, 200, 201, 221, 222, 243, 244, 271, 272, 291, 292, 306, 307, 321, 322, 336, 337, 351, 352, 376, 377, 395, 396, 414, 415], "summary": {"covered_lines": 80, "num_statements": 205, "percent_covered": 37.327188940092164, "percent_covered_display": "37.33", "missing_lines": 125, "excluded_lines": 0, "num_branches": 12, "num_partial_branches": 1, "covered_branches": 1, "missing_branches": 11}, "missing_lines": [94, 104, 105, 106, 108, 116, 117, 118, 136, 137, 138, 139, 141, 142, 144, 145, 146, 152, 157, 158, 159, 160, 161, 179, 180, 181, 182, 184, 185, 189, 195, 196, 197, 209, 210, 211, 216, 217, 218, 231, 232, 233, 238, 239, 240, 253, 254, 255, 256, 258, 259, 260, 266, 267, 268, 281, 282, 283, 286, 287, 288, 298, 299, 300, 301, 302, 303, 313, 314, 315, 316, 317, 318, 328, 329, 330, 331, 332, 333, 343, 344, 345, 346, 347, 348, 361, 362, 363, 364, 368, 369, 370, 371, 372, 373, 383, 384, 385, 386, 387, 388, 389, 390, 391, 392, 402, 403, 404, 405, 406, 407, 408, 409, 410, 411, 421, 422, 423, 424, 425, 426, 427, 428, 429, 430], "excluded_lines": [], "executed_branches": [[92, 93]], "missing_branches": [[92, 94], [144, 145], [144, 152], [363, 364], [363, 368], [385, 386], [385, 387], [404, 405], [404, 406], [423, 424], [423, 425]]}}}, "src/backend/api/routes/static.py": {"executed_lines": [1, 5, 6, 8, 9, 11, 13, 16, 17, 22, 23], "summary": {"covered_lines": 10, "num_statements": 16, "percent_covered": 55.55555555555556, "percent_covered_display": "55.56", "missing_lines": 6, "excluded_lines": 0, "num_branches": 2, "num_partial_branches": 0, "covered_branches": 0, "missing_branches": 2}, "missing_lines": [19, 37, 38, 40, 41, 43], "excluded_lines": [], "executed_branches": [], "missing_branches": [[40, 41], [40, 43]], "functions": {"health_check": {"executed_lines": [], "summary": {"covered_lines": 0, "num_statements": 1, "percent_covered": 0.0, "percent_covered_display": "0.00", "missing_lines": 1, "excluded_lines": 0, "num_branches": 0, "num_partial_branches": 0, "covered_branches": 0, "missing_branches": 0}, "missing_lines": [19], "excluded_lines": [], "executed_branches": [], "missing_branches": []}, "serve_static_file": {"executed_lines": [], "summary": {"covered_lines": 0, "num_statements": 5, "percent_covered": 0.0, "percent_covered_display": "0.00", "missing_lines": 5, "excluded_lines": 0, "num_branches": 2, "num_partial_branches": 0, "covered_branches": 0, "missing_branches": 2}, "missing_lines": [37, 38, 40, 41, 43], "excluded_lines": [], "executed_branches": [], "missing_branches": [[40, 41], [40, 43]]}, "": {"executed_lines": [1, 5, 6, 8, 9, 11, 13, 16, 17, 22, 23], "summary": {"covered_lines": 10, "num_statements": 10, "percent_covered": 100.0, "percent_covered_display": "100.00", "missing_lines": 0, "excluded_lines": 0, "num_branches": 0, "num_partial_branches": 0, "covered_branches": 0, "missing_branches": 0}, "missing_lines": [], "excluded_lines": [], "executed_branches": [], "missing_branches": []}}, "classes": {"": {"executed_lines": [1, 5, 6, 8, 9, 11, 13, 16, 17, 22, 23], "summary": {"covered_lines": 10, "num_statements": 16, "percent_covered": 55.55555555555556, "percent_covered_display": "55.56", "missing_lines": 6, "excluded_lines": 0, "num_branches": 2, "num_partial_branches": 0, "covered_branches": 0, "missing_branches": 2}, "missing_lines": [19, 37, 38, 40, 41, 43], "excluded_lines": [], "executed_branches": [], "missing_branches": [[40, 41], [40, 43]]}}}, "src/backend/api/routes/system.py": {"executed_lines": [1, 5, 6, 7, 9, 10, 11, 13, 14, 21, 22, 23, 25, 27, 30, 33, 36, 37, 39, 40, 43, 44, 46, 49, 50, 52, 53, 54, 55, 56, 57, 58, 59, 60, 61, 62, 65, 66, 68, 69, 72, 73, 75, 80, 81, 82, 85, 86, 93, 94, 97, 98, 99, 102, 103, 104, 107, 108, 109, 110, 111, 115, 151, 152, 205, 206, 236, 237, 263, 264, 302, 303, 321, 322, 354, 355, 436, 437, 479, 480, 553, 554, 591, 592], "summary": {"covered_lines": 78, "num_statements": 241, "percent_covered": 26.08695652173913, "percent_covered_display": "26.09", "missing_lines": 163, "excluded_lines": 0, "num_branches": 58, "num_partial_branches": 0, "covered_branches": 0, "missing_branches": 58}, "missing_lines": [112, 113, 146, 147, 148, 166, 167, 169, 170, 172, 174, 176, 177, 178, 186, 189, 190, 192, 198, 199, 200, 201, 202, 216, 217, 219, 220, 222, 224, 231, 232, 233, 244, 245, 247, 248, 250, 252, 258, 259, 260, 275, 276, 278, 279, 281, 297, 298, 299, 310, 311, 313, 314, 316, 317, 318, 329, 330, 332, 349, 350, 351, 365, 366, 369, 370, 371, 373, 374, 375, 377, 378, 379, 381, 382, 383, 385, 386, 387, 389, 390, 391, 393, 394, 395, 397, 398, 399, 401, 402, 403, 405, 406, 407, 409, 410, 411, 414, 431, 432, 433, 446, 447, 450, 451, 452, 455, 456, 458, 465, 474, 475, 476, 498, 499, 502, 503, 504, 507, 511, 513, 516, 520, 521, 525, 530, 531, 533, 543, 544, 545, 547, 548, 549, 550, 561, 562, 564, 565, 566, 567, 568, 569, 571, 586, 587, 588, 606, 607, 610, 611, 613, 615, 616, 621, 624, 625, 626, 627, 629, 640, 641, 642], "excluded_lines": [], "executed_branches": [], "missing_branches": [[166, 167], [166, 169], [170, 172], [170, 189], [174, 176], [174, 186], [216, 217], [216, 219], [244, 245], [244, 247], [275, 276], [275, 278], [310, 311], [310, 313], [369, 370], [369, 373], [373, 374], [373, 377], [377, 378], [377, 381], [381, 382], [381, 385], [385, 386], [385, 389], [389, 390], [389, 393], [393, 394], [393, 397], [397, 398], [397, 401], [401, 402], [401, 405], [405, 406], [405, 409], [409, 410], [409, 414], [450, 451], [450, 455], [455, 456], [455, 465], [498, 499], [498, 502], [503, 504], [503, 511], [520, 521], [520, 525], [561, 562], [561, 564], [606, 607], [606, 610], [610, 611], [610, 613], [615, 616], [615, 621], [624, 625], [624, 626], [626, 627], [626, 629]], "functions": {"get_system_status": {"executed_lines": [93, 94, 97, 98, 99, 102, 103, 104, 107, 108, 109, 110, 111, 115], "summary": {"covered_lines": 14, "num_statements": 19, "percent_covered": 73.6842105263158, "percent_covered_display": "73.68", "missing_lines": 5, "excluded_lines": 0, "num_branches": 0, "num_partial_branches": 0, "covered_branches": 0, "missing_branches": 0}, "missing_lines": [112, 113, 146, 147, 148], "excluded_lines": [], "executed_branches": [], "missing_branches": []}, "control_homing": {"executed_lines": [], "summary": {"covered_lines": 0, "num_statements": 18, "percent_covered": 0.0, "percent_covered_display": "0.00", "missing_lines": 18, "excluded_lines": 0, "num_branches": 6, "num_partial_branches": 0, "covered_branches": 0, "missing_branches": 6}, "missing_lines": [166, 167, 169, 170, 172, 174, 176, 177, 178, 186, 189, 190, 192, 198, 199, 200, 201, 202], "excluded_lines": [], "executed_branches": [], "missing_branches": [[166, 167], [166, 169], [170, 172], [170, 189], [174, 176], [174, 186]]}, "emergency_stop": {"executed_lines": [], "summary": {"covered_lines": 0, "num_statements": 9, "percent_covered": 0.0, "percent_covered_display": "0.00", "missing_lines": 9, "excluded_lines": 0, "num_branches": 2, "num_partial_branches": 0, "covered_branches": 0, "missing_branches": 2}, "missing_lines": [216, 217, 219, 220, 222, 224, 231, 232, 233], "excluded_lines": [], "executed_branches": [], "missing_branches": [[216, 217], [216, 219]]}, "reset_emergency_stop": {"executed_lines": [], "summary": {"covered_lines": 0, "num_statements": 9, "percent_covered": 0.0, "percent_covered_display": "0.00", "missing_lines": 9, "excluded_lines": 0, "num_branches": 2, "num_partial_branches": 0, "covered_branches": 0, "missing_branches": 2}, "missing_lines": [244, 245, 247, 248, 250, 252, 258, 259, 260], "excluded_lines": [], "executed_branches": [], "missing_branches": [[244, 245], [244, 247]]}, "get_safety_events": {"executed_lines": [], "summary": {"covered_lines": 0, "num_statements": 8, "percent_covered": 0.0, "percent_covered_display": "0.00", "missing_lines": 8, "excluded_lines": 0, "num_branches": 2, "num_partial_branches": 0, "covered_branches": 0, "missing_branches": 2}, "missing_lines": [275, 276, 278, 279, 281, 297, 298, 299], "excluded_lines": [], "executed_branches": [], "missing_branches": [[275, 276], [275, 278]]}, "get_safety_status": {"executed_lines": [], "summary": {"covered_lines": 0, "num_statements": 7, "percent_covered": 0.0, "percent_covered_display": "0.00", "missing_lines": 7, "excluded_lines": 0, "num_branches": 2, "num_partial_branches": 0, "covered_branches": 0, "missing_branches": 2}, "missing_lines": [310, 311, 313, 314, 316, 317, 318], "excluded_lines": [], "executed_branches": [], "missing_branches": [[310, 311], [310, 313]]}, "get_homing_parameters": {"executed_lines": [], "summary": {"covered_lines": 0, "num_statements": 6, "percent_covered": 0.0, "percent_covered_display": "0.00", "missing_lines": 6, "excluded_lines": 0, "num_branches": 0, "num_partial_branches": 0, "covered_branches": 0, "missing_branches": 0}, "missing_lines": [329, 330, 332, 349, 350, 351], "excluded_lines": [], "executed_branches": [], "missing_branches": []}, "update_homing_parameters": {"executed_lines": [], "summary": {"covered_lines": 0, "num_statements": 39, "percent_covered": 0.0, "percent_covered_display": "0.00", "missing_lines": 39, "excluded_lines": 0, "num_branches": 22, "num_partial_branches": 0, "covered_branches": 0, "missing_branches": 22}, "missing_lines": [365, 366, 369, 370, 371, 373, 374, 375, 377, 378, 379, 381, 382, 383, 385, 386, 387, 389, 390, 391, 393, 394, 395, 397, 398, 399, 401, 402, 403, 405, 406, 407, 409, 410, 411, 414, 431, 432, 433], "excluded_lines": [], "executed_branches": [], "missing_branches": [[369, 370], [369, 373], [373, 374], [373, 377], [377, 378], [377, 381], [381, 382], [381, 385], [385, 386], [385, 389], [389, 390], [389, 393], [393, 394], [393, 397], [397, 398], [397, 401], [401, 402], [401, 405], [405, 406], [405, 409], [409, 410], [409, 414]]}, "toggle_debug_mode": {"executed_lines": [], "summary": {"covered_lines": 0, "num_statements": 12, "percent_covered": 0.0, "percent_covered_display": "0.00", "missing_lines": 12, "excluded_lines": 0, "num_branches": 4, "num_partial_branches": 0, "covered_branches": 0, "missing_branches": 4}, "missing_lines": [446, 447, 450, 451, 452, 455, 456, 458, 465, 474, 475, 476], "excluded_lines": [], "executed_branches": [], "missing_branches": [[450, 451], [450, 455], [455, 456], [455, 465]]}, "override_state": {"executed_lines": [], "summary": {"covered_lines": 0, "num_statements": 22, "percent_covered": 0.0, "percent_covered_display": "0.00", "missing_lines": 22, "excluded_lines": 0, "num_branches": 6, "num_partial_branches": 0, "covered_branches": 0, "missing_branches": 6}, "missing_lines": [498, 499, 502, 503, 504, 507, 511, 513, 516, 520, 521, 525, 530, 531, 533, 543, 544, 545, 547, 548, 549, 550], "excluded_lines": [], "executed_branches": [], "missing_branches": [[498, 499], [498, 502], [503, 504], [503, 511], [520, 521], [520, 525]]}, "get_current_state": {"executed_lines": [], "summary": {"covered_lines": 0, "num_statements": 12, "percent_covered": 0.0, "percent_covered_display": "0.00", "missing_lines": 12, "excluded_lines": 0, "num_branches": 2, "num_partial_branches": 0, "covered_branches": 0, "missing_branches": 2}, "missing_lines": [561, 562, 564, 565, 566, 567, 568, 569, 571, 586, 587, 588], "excluded_lines": [], "executed_branches": [], "missing_branches": [[561, 562], [561, 564]]}, "get_state_history": {"executed_lines": [], "summary": {"covered_lines": 0, "num_statements": 16, "percent_covered": 0.0, "percent_covered_display": "0.00", "missing_lines": 16, "excluded_lines": 0, "num_branches": 10, "num_partial_branches": 0, "covered_branches": 0, "missing_branches": 10}, "missing_lines": [606, 607, 610, 611, 613, 615, 616, 621, 624, 625, 626, 627, 629, 640, 641, 642], "excluded_lines": [], "executed_branches": [], "missing_branches": [[606, 607], [606, 610], [610, 611], [610, 613], [615, 616], [615, 621], [624, 625], [624, 626], [626, 627], [626, 629]]}, "": {"executed_lines": [1, 5, 6, 7, 9, 10, 11, 13, 14, 21, 22, 23, 25, 27, 30, 33, 36, 37, 39, 40, 43, 44, 46, 49, 50, 52, 53, 54, 55, 56, 57, 58, 59, 60, 61, 62, 65, 66, 68, 69, 72, 73, 75, 80, 81, 82, 85, 86, 151, 152, 205, 206, 236, 237, 263, 264, 302, 303, 321, 322, 354, 355, 436, 437, 479, 480, 553, 554, 591, 592], "summary": {"covered_lines": 64, "num_statements": 64, "percent_covered": 100.0, "percent_covered_display": "100.00", "missing_lines": 0, "excluded_lines": 0, "num_branches": 0, "num_partial_branches": 0, "covered_branches": 0, "missing_branches": 0}, "missing_lines": [], "excluded_lines": [], "executed_branches": [], "missing_branches": []}}, "classes": {"HomingRequest": {"executed_lines": [], "summary": {"covered_lines": 0, "num_statements": 0, "percent_covered": 100.0, "percent_covered_display": "100.00", "missing_lines": 0, "excluded_lines": 0, "num_branches": 0, "num_partial_branches": 0, "covered_branches": 0, "missing_branches": 0}, "missing_lines": [], "excluded_lines": [], "executed_branches": [], "missing_branches": []}, "EmergencyStopRequest": {"executed_lines": [], "summary": {"covered_lines": 0, "num_statements": 0, "percent_covered": 100.0, "percent_covered_display": "100.00", "missing_lines": 0, "excluded_lines": 0, "num_branches": 0, "num_partial_branches": 0, "covered_branches": 0, "missing_branches": 0}, "missing_lines": [], "excluded_lines": [], "executed_branches": [], "missing_branches": []}, "HomingParametersUpdate": {"executed_lines": [], "summary": {"covered_lines": 0, "num_statements": 0, "percent_covered": 100.0, "percent_covered_display": "100.00", "missing_lines": 0, "excluded_lines": 0, "num_branches": 0, "num_partial_branches": 0, "covered_branches": 0, "missing_branches": 0}, "missing_lines": [], "excluded_lines": [], "executed_branches": [], "missing_branches": []}, "DebugModeRequest": {"executed_lines": [], "summary": {"covered_lines": 0, "num_statements": 0, "percent_covered": 100.0, "percent_covered_display": "100.00", "missing_lines": 0, "excluded_lines": 0, "num_branches": 0, "num_partial_branches": 0, "covered_branches": 0, "missing_branches": 0}, "missing_lines": [], "excluded_lines": [], "executed_branches": [], "missing_branches": []}, "StateOverrideRequest": {"executed_lines": [], "summary": {"covered_lines": 0, "num_statements": 0, "percent_covered": 100.0, "percent_covered_display": "100.00", "missing_lines": 0, "excluded_lines": 0, "num_branches": 0, "num_partial_branches": 0, "covered_branches": 0, "missing_branches": 0}, "missing_lines": [], "excluded_lines": [], "executed_branches": [], "missing_branches": []}, "": {"executed_lines": [1, 5, 6, 7, 9, 10, 11, 13, 14, 21, 22, 23, 25, 27, 30, 33, 36, 37, 39, 40, 43, 44, 46, 49, 50, 52, 53, 54, 55, 56, 57, 58, 59, 60, 61, 62, 65, 66, 68, 69, 72, 73, 75, 80, 81, 82, 85, 86, 93, 94, 97, 98, 99, 102, 103, 104, 107, 108, 109, 110, 111, 115, 151, 152, 205, 206, 236, 237, 263, 264, 302, 303, 321, 322, 354, 355, 436, 437, 479, 480, 553, 554, 591, 592], "summary": {"covered_lines": 78, "num_statements": 241, "percent_covered": 26.08695652173913, "percent_covered_display": "26.09", "missing_lines": 163, "excluded_lines": 0, "num_branches": 58, "num_partial_branches": 0, "covered_branches": 0, "missing_branches": 58}, "missing_lines": [112, 113, 146, 147, 148, 166, 167, 169, 170, 172, 174, 176, 177, 178, 186, 189, 190, 192, 198, 199, 200, 201, 202, 216, 217, 219, 220, 222, 224, 231, 232, 233, 244, 245, 247, 248, 250, 252, 258, 259, 260, 275, 276, 278, 279, 281, 297, 298, 299, 310, 311, 313, 314, 316, 317, 318, 329, 330, 332, 349, 350, 351, 365, 366, 369, 370, 371, 373, 374, 375, 377, 378, 379, 381, 382, 383, 385, 386, 387, 389, 390, 391, 393, 394, 395, 397, 398, 399, 401, 402, 403, 405, 406, 407, 409, 410, 411, 414, 431, 432, 433, 446, 447, 450, 451, 452, 455, 456, 458, 465, 474, 475, 476, 498, 499, 502, 503, 504, 507, 511, 513, 516, 520, 521, 525, 530, 531, 533, 543, 544, 545, 547, 548, 549, 550, 561, 562, 564, 565, 566, 567, 568, 569, 571, 586, 587, 588, 606, 607, 610, 611, 613, 615, 616, 621, 624, 625, 626, 627, 629, 640, 641, 642], "excluded_lines": [], "executed_branches": [], "missing_branches": [[166, 167], [166, 169], [170, 172], [170, 189], [174, 176], [174, 186], [216, 217], [216, 219], [244, 245], [244, 247], [275, 276], [275, 278], [310, 311], [310, 313], [369, 370], [369, 373], [373, 374], [373, 377], [377, 378], [377, 381], [381, 382], [381, 385], [385, 386], [385, 389], [389, 390], [389, 393], [393, 394], [393, 397], [397, 398], [397, 401], [401, 402], [401, 405], [405, 406], [405, 409], [409, 410], [409, 414], [450, 451], [450, 455], [455, 456], [455, 465], [498, 499], [498, 502], [503, 504], [503, 511], [520, 521], [520, 525], [561, 562], [561, 564], [606, 607], [606, 610], [610, 611], [610, 613], [615, 616], [615, 621], [624, 625], [624, 626], [626, 627], [626, 629]]}}}, "src/backend/api/routes/telemetry.py": {"executed_lines": [1, 3, 4, 6, 7, 9, 10, 15, 17, 19, 22, 23, 25, 26, 29, 34, 35, 37, 38, 39, 40, 41, 44, 45, 47, 48, 49, 50, 51, 56, 59, 80, 81, 105, 106, 138, 139, 177, 178, 180, 183, 184, 214, 215, 217, 218, 223, 224], "summary": {"covered_lines": 42, "num_statements": 106, "percent_covered": 34.42622950819672, "percent_covered_display": "34.43", "missing_lines": 64, "excluded_lines": 0, "num_branches": 16, "num_partial_branches": 0, "covered_branches": 0, "missing_branches": 16}, "missing_lines": [62, 63, 65, 70, 77, 89, 90, 91, 93, 100, 101, 102, 115, 117, 118, 119, 120, 121, 122, 123, 126, 129, 131, 132, 133, 134, 135, 147, 148, 149, 154, 155, 156, 157, 159, 172, 173, 174, 192, 193, 194, 197, 200, 202, 203, 205, 207, 208, 209, 210, 211, 233, 234, 235, 238, 241, 243, 244, 246, 248, 249, 250, 251, 252], "excluded_lines": [], "executed_branches": [], "missing_branches": [[62, 63], [62, 77], [118, 119], [118, 120], [120, 121], [120, 122], [122, 123], [122, 126], [193, 194], [193, 197], [202, 203], [202, 205], [234, 235], [234, 238], [243, 244], [243, 246]], "functions": {"get_mavlink_service": {"executed_lines": [], "summary": {"covered_lines": 0, "num_statements": 5, "percent_covered": 0.0, "percent_covered_display": "0.00", "missing_lines": 5, "excluded_lines": 0, "num_branches": 2, "num_partial_branches": 0, "covered_branches": 0, "missing_branches": 2}, "missing_lines": [62, 63, 65, 70, 77], "excluded_lines": [], "executed_branches": [], "missing_branches": [[62, 63], [62, 77]]}, "get_telemetry_config": {"executed_lines": [], "summary": {"covered_lines": 0, "num_statements": 7, "percent_covered": 0.0, "percent_covered_display": "0.00", "missing_lines": 7, "excluded_lines": 0, "num_branches": 0, "num_partial_branches": 0, "covered_branches": 0, "missing_branches": 0}, "missing_lines": [89, 90, 91, 93, 100, 101, 102], "excluded_lines": [], "executed_branches": [], "missing_branches": []}, "update_telemetry_config": {"executed_lines": [], "summary": {"covered_lines": 0, "num_statements": 15, "percent_covered": 0.0, "percent_covered_display": "0.00", "missing_lines": 15, "excluded_lines": 0, "num_branches": 6, "num_partial_branches": 0, "covered_branches": 0, "missing_branches": 6}, "missing_lines": [115, 117, 118, 119, 120, 121, 122, 123, 126, 129, 131, 132, 133, 134, 135], "excluded_lines": [], "executed_branches": [], "missing_branches": [[118, 119], [118, 120], [120, 121], [120, 122], [122, 123], [122, 126]]}, "get_telemetry_status": {"executed_lines": [], "summary": {"covered_lines": 0, "num_statements": 11, "percent_covered": 0.0, "percent_covere
[...]
summary": {"covered_lines": 60, "num_statements": 66, "percent_covered": 88.23529411764706, "percent_covered_display": "88.24", "missing_lines": 6, "excluded_lines": 0, "num_branches": 2, "num_partial_branches": 0, "covered_branches": 0, "missing_branches": 2}, "missing_lines": [457, 464, 465, 466, 472, 474], "excluded_lines": [], "executed_branches": [], "missing_branches": [[464, 465], [464, 474]]}}}, "src/backend/utils/test_metrics.py": {"executed_lines": [], "summary": {"covered_lines": 0, "num_statements": 208, "percent_covered": 0.0, "percent_covered_display": "0.00", "missing_lines": 208, "excluded_lines": 6, "num_branches": 76, "num_partial_branches": 0, "covered_branches": 0, "missing_branches": 76}, "missing_lines": [11, 12, 13, 14, 15, 16, 17, 18, 19, 21, 24, 25, 28, 29, 30, 31, 32, 33, 34, 35, 36, 37, 40, 41, 44, 45, 46, 47, 48, 49, 51, 52, 54, 55, 56, 58, 59, 61, 62, 63, 65, 66, 68, 69, 70, 73, 74, 77, 78, 79, 80, 82, 83, 85, 86, 87, 89, 91, 94, 95, 98, 99, 100, 101, 102, 103, 104, 105, 106, 109, 113, 121, 122, 123, 124, 125, 126, 128, 130, 132, 133, 134, 137, 139, 140, 141, 144, 147, 148, 149, 150, 151, 152, 153, 156, 157, 160, 161, 162, 163, 165, 166, 167, 168, 170, 171, 172, 173, 175, 177, 178, 180, 182, 185, 186, 187, 190, 192, 193, 194, 197, 198, 201, 202, 203, 205, 209, 210, 212, 213, 214, 215, 219, 220, 223, 225, 227, 228, 229, 232, 233, 236, 237, 238, 239, 241, 242, 243, 244, 245, 246, 247, 248, 251, 254, 255, 258, 259, 260, 262, 264, 309, 311, 313, 314, 315, 316, 318, 320, 321, 322, 324, 325, 326, 327, 328, 330, 331, 332, 333, 334, 335, 337, 338, 339, 340, 342, 343, 344, 345, 347, 350, 352, 354, 355, 358, 361, 362, 363, 366, 367, 370, 371, 373, 374, 376, 377, 379], "excluded_lines": [382, 384, 385, 386, 387, 388], "executed_branches": [], "missing_branches": [[54, 55], [54, 56], [61, 62], [61, 63], [68, 69], [68, 70], [85, 86], [85, 87], [139, 140], [139, 180], [140, 139], [140, 141], [147, 148], [147, 160], [149, 150], [149, 160], [150, 151], [150, 152], [152, 153], [152, 156], [156, 149], [156, 157], [160, 161], [160, 165], [162, 163], [162, 165], [165, 166], [165, 170], [167, 168], [167, 170], [170, 171], [170, 175], [172, 173], [172, 175], [192, 193], [192, 197], [197, 198], [197, 223], [202, 203], [202, 205], [209, 210], [209, 212], [212, 213], [212, 219], [219, 197], [219, 220], [227, 228], [227, 258], [232, 233], [232, 236], [236, 237], [236, 258], [237, 238], [237, 254], [241, 242], [241, 243], [243, 244], [243, 245], [245, 246], [245, 247], [247, 248], [247, 251], [334, 335], [334, 337], [342, 343], [342, 347], [344, 345], [344, 347], [362, 363], [362, 366], [370, 371], [370, 373], [373, 374], [373, 376], [376, 377], [376, 379]], "functions": {"TestValueMetrics.value_ratio": {"executed_lines": [], "summary": {"covered_lines": 0, "num_statements": 3, "percent_covered": 0.0, "percent_covered_display": "0.00", "missing_lines": 3, "excluded_lines": 0, "num_branches": 2, "num_partial_branches": 0, "covered_branches": 0, "missing_branches": 2}, "missing_lines": [54, 55, 56], "excluded_lines": [], "executed_branches": [], "missing_branches": [[54, 55], [54, 56]]}, "TestValueMetrics.story_coverage": {"executed_lines": [], "summary": {"covered_lines": 0, "num_statements": 3, "percent_covered": 0.0, "percent_covered_display": "0.00", "missing_lines": 3, "excluded_lines": 0, "num_branches": 2, "num_partial_branches": 0, "covered_branches": 0, "missing_branches": 2}, "missing_lines": [61, 62, 63], "excluded_lines": [], "executed_branches": [], "missing_branches": [[61, 62], [61, 63]]}, "TestValueMetrics.hazard_coverage": {"executed_lines": [], "summary": {"covered_lines": 0, "num_statements": 3, "percent_covered": 0.0, "percent_covered_display": "0.00", "missing_lines": 3, "excluded_lines": 0, "num_branches": 2, "num_partial_branches": 0, "covered_branches": 0, "missing_branches": 2}, "missing_lines": [68, 69, 70], "excluded_lines": [], "executed_branches": [], "missing_branches": [[68, 69], [68, 70]]}, "HazardCoverageMetrics.coverage_percentage": {"executed_lines": [], "summary": {"covered_lines": 0, "num_statements": 3, "percent_covered": 0.0, "percent_covered_display": "0.00", "missing_lines": 3, "excluded_lines": 0, "num_branches": 2, "num_partial_branches": 0, "covered_branches": 0, "missing_branches": 2}, "missing_lines": [85, 86, 87], "excluded_lines": [], "executed_branches": [], "missing_branches": [[85, 86], [85, 87]]}, "HazardCoverageMetrics.update_coverage": {"executed_lines": [], "summary": {"covered_lines": 0, "num_statements": 1, "percent_covered": 0.0, "percent_covered_display": "0.00", "missing_lines": 1, "excluded_lines": 0, "num_branches": 0, "num_partial_branches": 0, "covered_branches": 0, "missing_branches": 0}, "missing_lines": [91], "excluded_lines": [], "executed_branches": [], "missing_branches": []}, "TestMetricsAnalyzer.__init__": {"executed_lines": [], "summary": {"covered_lines": 0, "num_statements": 5, "percent_covered": 0.0, "percent_covered_display": "0.00", "missing_lines": 5, "excluded_lines": 0, "num_branches": 0, "num_partial_branches": 0, "covered_branches": 0, "missing_branches": 0}, "missing_lines": [122, 123, 124, 125, 126], "excluded_lines": [], "executed_branches": [], "missing_branches": []}, "TestMetricsAnalyzer.extract_test_metadata": {"executed_lines": [], "summary": {"covered_lines": 0, "num_statements": 34, "percent_covered": 0.0, "percent_covered_display": "0.00", "missing_lines": 34, "excluded_lines": 0, "num_branches": 26, "num_partial_branches": 0, "covered_branches": 0, "missing_branches": 26}, "missing_lines": [130, 132, 133, 134, 137, 139, 140, 141, 144, 147, 148, 149, 150, 151, 152, 153, 156, 157, 160, 161, 162, 163, 165, 166, 167, 168, 170, 171, 172, 173, 175, 177, 178, 180], "excluded_lines": [], "executed_branches": [], "missing_branches": [[139, 140], [139, 180], [140, 139], [140, 141], [147, 148], [147, 160], [149, 150], [149, 160], [150, 151], [150, 152], [152, 153], [152, 156], [156, 149], [156, 157], [160, 161], [160, 165], [162, 163], [162, 165], [165, 166], [165, 170], [167, 168], [167, 170], [170, 171], [170, 175], [172, 173], [172, 175]]}, "TestMetricsAnalyzer.analyze_test_suite": {"executed_lines": [], "summary": {"covered_lines": 0, "num_statements": 22, "percent_covered": 0.0, "percent_covered_display": "0.00", "missing_lines": 22, "excluded_lines": 0, "num_branches": 12, "num_partial_branches": 0, "covered_branches": 0, "missing_branches": 12}, "missing_lines": [185, 186, 187, 190, 192, 193, 194, 197, 198, 201, 202, 203, 205, 209, 210, 212, 213, 214, 215, 219, 220, 223], "excluded_lines": [], "executed_branches": [], "missing_branches": [[192, 193], [192, 197], [197, 198], [197, 223], [202, 203], [202, 205], [209, 210], [209, 212], [212, 213], [212, 219], [219, 197], [219, 220]]}, "TestMetricsAnalyzer.measure_test_performance": {"executed_lines": [], "summary": {"covered_lines": 0, "num_statements": 23, "percent_covered": 0.0, "percent_covered_display": "0.00", "missing_lines": 23, "excluded_lines": 0, "num_branches": 16, "num_partial_branches": 0, "covered_branches": 0, "missing_branches": 16}, "missing_lines": [227, 228, 229, 232, 233, 236, 237, 238, 239, 241, 242, 243, 244, 245, 246, 247, 248, 251, 254, 255, 258, 259, 260], "excluded_lines": [], "executed_branches": [], "missing_branches": [[227, 228], [227, 258], [232, 233], [232, 236], [236, 237], [236, 258], [237, 238], [237, 254], [241, 242], [241, 243], [243, 244], [243, 245], [245, 246], [245, 247], [247, 248], [247, 251]]}, "TestMetricsAnalyzer.generate_quality_dashboard": {"executed_lines": [], "summary": {"covered_lines": 0, "num_statements": 2, "percent_covered": 0.0, "percent_covered_display": "0.00", "missing_lines": 2, "excluded_lines": 0, "num_branches": 0, "num_partial_branches": 0, "covered_branches": 0, "missing_branches": 0}, "missing_lines": [264, 309], "excluded_lines": [], "executed_branches": [], "missing_branches": []}, "TestMetricsAnalyzer.save_dashboard": {"executed_lines": [], "summary": {"covered_lines": 0, "num_statements": 4, "percent_covered": 0.0, "percent_covered_display": "0.00", "missing_lines": 4, "excluded_lines": 0, "num_branches": 0, "num_partial_branches": 0, "covered_branches": 0, "missing_branches": 0}, "missing_lines": [313, 314, 315, 316], "excluded_lines": [], "executed_branches": [], "missing_branches": []}, "TestMetricsAnalyzer.print_summary": {"executed_lines": [], "summary": {"covered_lines": 0, "num_statements": 23, "percent_covered": 0.0, "percent_covered_display": "0.00", "missing_lines": 23, "excluded_lines": 0, "num_branches": 6, "num_partial_branches": 0, "covered_branches": 0, "missing_branches": 6}, "missing_lines": [320, 321, 322, 324, 325, 326, 327, 328, 330, 331, 332, 333, 334, 335, 337, 338, 339, 340, 342, 343, 344, 345, 347], "excluded_lines": [], "executed_branches": [], "missing_branches": [[334, 335], [334, 337], [342, 343], [342, 347], [344, 345], [344, 347]]}, "continuous_monitoring": {"executed_lines": [], "summary": {"covered_lines": 0, "num_statements": 16, "percent_covered": 0.0, "percent_covered_display": "0.00", "missing_lines": 16, "excluded_lines": 0, "num_branches": 8, "num_partial_branches": 0, "covered_branches": 0, "missing_branches": 8}, "missing_lines": [352, 354, 355, 358, 361, 362, 363, 366, 367, 370, 371, 373, 374, 376, 377, 379], "excluded_lines": [], "executed_branches": [], "missing_branches": [[362, 363], [362, 366], [370, 371], [370, 373], [373, 374], [373, 376], [376, 377], [376, 379]]}, "": {"executed_lines": [], "summary": {"covered_lines": 0, "num_statements": 66, "percent_covered": 0.0, "percent_covered_display": "0.00", "missing_lines": 66, "excluded_lines": 6, "num_branches": 0, "num_partial_branches": 0, "covered_branches": 0, "missing_branches": 0}, "missing_lines": [11, 12, 13, 14, 15, 16, 17, 18, 19, 21, 24, 25, 28, 29, 30, 31, 32, 33, 34, 35, 36, 37, 40, 41, 44, 45, 46, 47, 48, 49, 51, 52, 58, 59, 65, 66, 73, 74, 77, 78, 79, 80, 82, 83, 89, 94, 95, 98, 99, 100, 101, 102, 103, 104, 105, 106, 109, 113, 121, 128, 182, 225, 262, 311, 318, 350], "excluded_lines": [382, 384, 385, 386, 387, 388], "executed_branches": [], "missing_branches": []}}, "classes": {"TestMetadata": {"executed_lines": [], "summary": {"covered_lines": 0, "num_statements": 0, "percent_covered": 100.0, "percent_covered_display": "100.00", "missing_lines": 0, "excluded_lines": 0, "num_branches": 0, "num_partial_branches": 0, "covered_branches": 0, "missing_branches": 0}, "missing_lines": [], "excluded_lines": [], "executed_branches": [], "missing_branches": []}, "TestValueMetrics": {"executed_lines": [], "summary": {"covered_lines": 0, "num_statements": 9, "percent_covered": 0.0, "percent_covered_display": "0.00", "missing_lines": 9, "excluded_lines": 0, "num_branches": 6, "num_partial_branches": 0, "covered_branches": 0, "missing_branches": 6}, "missing_lines": [54, 55, 56, 61, 62, 63, 68, 69, 70], "excluded_lines": [], "executed_branches": [], "missing_branches": [[54, 55], [54, 56], [61, 62], [61, 63], [68, 69], [68, 70]]}, "HazardCoverageMetrics": {"executed_lines": [], "summary": {"covered_lines": 0, "num_statements": 4, "percent_covered": 0.0, "percent_covered_display": "0.00", "missing_lines": 4, "excluded_lines": 0, "num_branches": 2, "num_partial_branches": 0, "covered_branches": 0, "missing_branches": 2}, "missing_lines": [85, 86, 87, 91], "excluded_lines": [], "executed_branches": [], "missing_branches": [[85, 86], [85, 87]]}, "TestPerformanceMetrics": {"executed_lines": [], "summary": {"covered_lines": 0, "num_statements": 0, "percent_covered": 100.0, "percent_covered_display": "100.00", "missing_lines": 0, "excluded_lines": 0, "num_branches": 0, "num_partial_branches": 0, "covered_branches": 0, "missing_branches": 0}, "missing_lines": [], "excluded_lines": [], "executed_branches": [], "missing_branches": []}, "TestMetricsAnalyzer": {"executed_lines": [], "summary": {"covered_lines": 0, "num_statements": 113, "percent_covered": 0.0, "percent_covered_display": "0.00", "missing_lines": 113, "excluded_lines": 0, "num_branches": 60, "num_partial_branches": 0, "covered_branches": 0, "missing_branches": 60}, "missing_lines": [122, 123, 124, 125, 126, 130, 132, 133, 134, 137, 139, 140, 141, 144, 147, 148, 149, 150, 151, 152, 153, 156, 157, 160, 161, 162, 163, 165, 166, 167, 168, 170, 171, 172, 173, 175, 177, 178, 180, 185, 186, 187, 190, 192, 193, 194, 197, 198, 201, 202, 203, 205, 209, 210, 212, 213, 214, 215, 219, 220, 223, 227, 228, 229, 232, 233, 236, 237, 238, 239, 241, 242, 243, 244, 245, 246, 247, 248, 251, 254, 255, 258, 259, 260, 264, 309, 313, 314, 315, 316, 320, 321, 322, 324, 325, 326, 327, 328, 330, 331, 332, 333, 334, 335, 337, 338, 339, 340, 342, 343, 344, 345, 347], "excluded_lines": [], "executed_branches": [], "missing_branches": [[139, 140], [139, 180], [140, 139], [140, 141], [147, 148], [147, 160], [149, 150], [149, 160], [150, 151], [150, 152], [152, 153], [152, 156], [156, 149], [156, 157], [160, 161], [160, 165], [162, 163], [162, 165], [165, 166], [165, 170], [167, 168], [167, 170], [170, 171], [170, 175], [172, 173], [172, 175], [192, 193], [192, 197], [197, 198], [197, 223], [202, 203], [202, 205], [209, 210], [209, 212], [212, 213], [212, 219], [219, 197], [219, 220], [227, 228], [227, 258], [232, 233], [232, 236], [236, 237], [236, 258], [237, 238], [237, 254], [241, 242], [241, 243], [243, 244], [243, 245], [245, 246], [245, 247], [247, 248], [247, 251], [334, 335], [334, 337], [342, 343], [342, 347], [344, 345], [344, 347]]}, "": {"executed_lines": [], "summary": {"covered_lines": 0, "num_statements": 82, "percent_covered": 0.0, "percent_covered_display": "0.00", "missing_lines": 82, "excluded_lines": 6, "num_branches": 8, "num_partial_branches": 0, "covered_branches": 0, "missing_branches": 8}, "missing_lines": [11, 12, 13, 14, 15, 16, 17, 18, 19, 21, 24, 25, 28, 29, 30, 31, 32, 33, 34, 35, 36, 37, 40, 41, 44, 45, 46, 47, 48, 49, 51, 52, 58, 59, 65, 66, 73, 74, 77, 78, 79, 80, 82, 83, 89, 94, 95, 98, 99, 100, 101, 102, 103, 104, 105, 106, 109, 113, 121, 128, 182, 225, 262, 311, 318, 350, 352, 354, 355, 358, 361, 362, 363, 366, 367, 370, 371, 373, 374, 376, 377, 379], "excluded_lines": [382, 384, 385, 386, 387, 388], "executed_branches": [], "missing_branches": [[362, 363], [362, 366], [370, 371], [370, 373], [373, 374], [373, 376], [376, 377], [376, 379]]}}}, "src/backend/utils/yaml_inheritance.py": {"executed_lines": [1, 6, 7, 8, 10, 12, 15, 16, 21, 28, 29, 31, 45, 48, 52, 53, 54, 56, 60, 62, 64, 65, 68, 69, 72, 73, 76, 79, 81, 83, 85, 89, 91, 102, 104, 105, 107, 110, 112, 115, 132, 143, 145, 146, 147, 149, 152, 164, 165, 167, 168, 169, 171, 173], "summary": {"covered_lines": 52, "num_statements": 56, "percent_covered": 90.78947368421052, "percent_covered_display": "90.79", "missing_lines": 4, "excluded_lines": 0, "num_branches": 20, "num_partial_branches": 3, "covered_branches": 17, "missing_branches": 3}, "missing_lines": [49, 57, 128, 129], "excluded_lines": [], "executed_branches": [[48, 52], [52, 53], [52, 56], [56, 60], [68, 69], [68, 83], [72, 73], [104, 105], [104, 112], [105, 107], [105, 110], [145, 146], [145, 149], [167, 168], [167, 173], [168, 169], [168, 171]], "missing_branches": [[48, 49], [56, 57], [72, 76]], "functions": {"YAMLInheritanceLoader.__init__": {"executed_lines": [28, 29], "summary": {"covered_lines": 2, "num_statements": 2, "percent_covered": 100.0, "percent_covered_display": "100.00", "missing_lines": 0, "excluded_lines": 0, "num_branches": 0, "num_partial_branches": 0, "covered_branches": 0, "missing_branches": 0}, "missing_lines": [], "excluded_lines": [], "executed_branches": [], "missing_branches": []}, "YAMLInheritanceLoader.load": {"executed_lines": [45, 48, 52, 53, 54, 56, 60, 62, 64, 65, 68, 69, 72, 73, 76, 79, 81, 83, 85, 89], "summary": {"covered_lines": 20, "num_statements": 22, "percent_covered": 84.375, "percent_covered_display": "84.38", "missing_lines": 2, "excluded_lines": 0, "num_branches": 10, "num_partial_branches": 3, "covered_branches": 7, "missing_branches": 3}, "missing_lines": [49, 57], "excluded_lines": [], "executed_branches": [[48, 52], [52, 53], [52, 56], [56, 60], [68, 69], [68, 83], [72, 73]], "missing_branches": [[48, 49], [56, 57], [72, 76]]}, "YAMLInheritanceLoader._deep_merge": {"executed_lines": [102, 104, 105, 107, 110, 112], "summary": {"covered_lines": 6, "num_statements": 6, "percent_covered": 100.0, "percent_covered_display": "100.00", "missing_lines": 0, "excluded_lines": 0, "num_branches": 4, "num_partial_branches": 0, "covered_branches": 4, "missing_branches": 0}, "missing_lines": [], "excluded_lines": [], "executed_branches": [[104, 105], [104, 112], [105, 107], [105, 110]], "missing_branches": []}, "load_config_with_inheritance": {"executed_lines": [], "summary": {"covered_lines": 0, "num_statements": 2, "percent_covered": 0.0, "percent_covered_display": "0.00", "missing_lines": 2, "excluded_lines": 0, "num_branches": 0, "num_partial_branches": 0, "covered_branches": 0, "missing_branches": 0}, "missing_lines": [128, 129], "excluded_lines": [], "executed_branches": [], "missing_branches": []}, "validate_config_structure": {"executed_lines": [143, 145, 146, 147, 149], "summary": {"covered_lines": 5, "num_statements": 5, "percent_covered": 100.0, "percent_covered_display": "100.00", "missing_lines": 0, "excluded_lines": 0, "num_branches": 2, "num_partial_branches": 0, "covered_branches": 2, "missing_branches": 0}, "missing_lines": [], "excluded_lines": [], "executed_branches": [[145, 146], [145, 149]], "missing_branches": []}, "get_config_value": {"executed_lines": [164, 165, 167, 168, 169, 171, 173], "summary": {"covered_lines": 7, "num_statements": 7, "percent_covered": 100.0, "percent_covered_display": "100.00", "missing_lines": 0, "excluded_lines": 0, "num_branches": 4, "num_partial_branches": 0, "covered_branches": 4, "missing_branches": 0}, "missing_lines": [], "excluded_lines": [], "executed_branches": [[167, 168], [167, 173], [168, 169], [168, 171]], "missing_branches": []}, "": {"executed_lines": [1, 6, 7, 8, 10, 12, 15, 16, 21, 31, 91, 115, 132, 152], "summary": {"covered_lines": 12, "num_statements": 12, "percent_covered": 100.0, "percent_covered_display": "100.00", "missing_lines": 0, "excluded_lines": 0, "num_branches": 0, "num_partial_branches": 0, "covered_branches": 0, "missing_branches": 0}, "missing_lines": [], "excluded_lines": [], "executed_branches": [], "missing_branches": []}}, "classes": {"YAMLInheritanceLoader": {"executed_lines": [28, 29, 45, 48, 52, 53, 54, 56, 60, 62, 64, 65, 68, 69, 72, 73, 76, 79, 81, 83, 85, 89, 102, 104, 105, 107, 110, 112], "summary": {"covered_lines": 28, "num_statements": 30, "percent_covered": 88.63636363636364, "percent_covered_display": "88.64", "missing_lines": 2, "excluded_lines": 0, "num_branches": 14, "num_partial_branches": 3, "covered_branches": 11, "missing_branches": 3}, "missing_lines": [49, 57], "excluded_lines": [], "executed_branches": [[48, 52], [52, 53], [52, 56], [56, 60], [68, 69], [68, 83], [72, 73], [104, 105], [104, 112], [105, 107], [105, 110]], "missing_branches": [[48, 49], [56, 57], [72, 76]]}, "": {"executed_lines": [1, 6, 7, 8, 10, 12, 15, 16, 21, 31, 91, 115, 132, 143, 145, 146, 147, 149, 152, 164, 165, 167, 168, 169, 171, 173], "summary": {"covered_lines": 24, "num_statements": 26, "percent_covered": 93.75, "percent_covered_display": "93.75", "missing_lines": 2, "excluded_lines": 0, "num_branches": 6, "num_partial_branches": 0, "covered_branches": 6, "missing_branches": 0}, "missing_lines": [128, 129], "excluded_lines": [], "executed_branches": [[145, 146], [145, 149], [167, 168], [167, 173], [168, 169], [168, 171]], "missing_branches": []}}}}, "totals": {"covered_lines": 4538, "num_statements": 10498, "percent_covered": 39.18429003021148, "percent_covered_display": "39.18", "missing_lines": 5960, "excluded_lines": 28, "num_branches": 2742, "num_partial_branches": 254, "covered_branches": 650, "missing_branches": 2092}}